graph G {
	node[pin=true];
	0 -- 1;
	1 -- 2;
	2 -- 3;
	3 -- 7;
	4 -- 5;
	4 -- 8;
	5 -- 6;
	6 -- 7;
	8 -- 9;
	9 -- 10;
	10 -- 11;
	11 -- 15;
	12 -- 13;
	12 -- 16;
	13 -- 14;
	14 -- 15;
	16 -- 17;
	17 -- 18;
	18 -- 19;
	19 -- 23;
	20 -- 21;
	20 -- 24;
	21 -- 22;
	22 -- 23;
	24 -- 25;
	25 -- 26;
	26 -- 27;
	27 -- 31;
	28 -- 29;
	29 -- 30;
	30 -- 31;
	0 [pos="0,0"];
	1 [pos="1,0"];
	2 [pos="2,0"];
	3 [pos="3,0"];
	4 [pos="0,-1"];
	5 [pos="1,-1"];
	6 [pos="2,-1"];
	7 [pos="3,-1"];
	8 [pos="0,-2"];
	9 [pos="1,-2"];
	10 [pos="2,-2"];
	11 [pos="3,-2"];
	12 [pos="0,-3"];
	13 [pos="1,-3"];
	14 [pos="2,-3"];
	15 [pos="3,-3"];
	16 [pos="0,-4"];
	17 [pos="1,-4"];
	18 [pos="2,-4"];
	19 [pos="3,-4"];
	20 [pos="0,-5"];
	21 [pos="1,-5"];
	22 [pos="2,-5"];
	23 [pos="3,-5"];
	24 [pos="0,-6"];
	25 [pos="1,-6"];
	26 [pos="2,-6"];
	27 [pos="3,-6"];
	28 [pos="0,-7"];
	29 [pos="1,-7"];
	30 [pos="2,-7"];
	31 [pos="3,-7"];
}
