graph G {
	node[pin=true];
	0 -- 1;
	1 -- 2;
	2 -- 3;
	3 -- 4;
	4 -- 5;
	5 -- 6;
	6 -- 7;
	7 -- 8;
	8 -- 9;
	9 -- 10;
	10 -- 11;
	11 -- 12;
	12 -- 13;
	13 -- 14;
	14 -- 15;
	15 -- 16;
	16 -- 17;
	17 -- 18;
	18 -- 19;
	19 -- 20;
	20 -- 21;
	21 -- 22;
	22 -- 23;
	23 -- 24;
	24 -- 25;
	25 -- 26;
	26 -- 27;
	27 -- 28;
	28 -- 29;
	29 -- 30;
	30 -- 31;
	31 -- 63;
	32 -- 33;
	32 -- 64;
	33 -- 34;
	34 -- 35;
	35 -- 36;
	36 -- 37;
	37 -- 38;
	38 -- 39;
	39 -- 40;
	40 -- 41;
	41 -- 42;
	42 -- 43;
	43 -- 44;
	44 -- 45;
	45 -- 46;
	46 -- 47;
	47 -- 48;
	48 -- 49;
	49 -- 50;
	50 -- 51;
	51 -- 52;
	52 -- 53;
	53 -- 54;
	54 -- 55;
	55 -- 56;
	56 -- 57;
	57 -- 58;
	58 -- 59;
	59 -- 60;
	60 -- 61;
	61 -- 62;
	62 -- 63;
	64 -- 65;
	65 -- 66;
	66 -- 67;
	67 -- 68;
	68 -- 69;
	69 -- 70;
	70 -- 71;
	71 -- 72;
	72 -- 73;
	73 -- 74;
	74 -- 75;
	75 -- 76;
	76 -- 77;
	77 -- 78;
	78 -- 79;
	79 -- 80;
	80 -- 81;
	81 -- 82;
	82 -- 83;
	83 -- 84;
	84 -- 85;
	85 -- 86;
	86 -- 87;
	87 -- 88;
	88 -- 89;
	89 -- 90;
	90 -- 91;
	91 -- 92;
	92 -- 93;
	93 -- 94;
	94 -- 95;
	95 -- 127;
	96 -- 97;
	96 -- 128;
	97 -- 98;
	98 -- 99;
	99 -- 100;
	100 -- 101;
	101 -- 102;
	102 -- 103;
	103 -- 104;
	104 -- 105;
	105 -- 106;
	106 -- 107;
	107 -- 108;
	108 -- 109;
	109 -- 110;
	110 -- 111;
	111 -- 112;
	112 -- 113;
	113 -- 114;
	114 -- 115;
	115 -- 116;
	116 -- 117;
	117 -- 118;
	118 -- 119;
	119 -- 120;
	120 -- 121;
	121 -- 122;
	122 -- 123;
	123 -- 124;
	124 -- 125;
	125 -- 126;
	126 -- 127;
	128 -- 129;
	129 -- 130;
	130 -- 131;
	131 -- 132;
	132 -- 133;
	133 -- 134;
	134 -- 135;
	135 -- 136;
	136 -- 137;
	137 -- 138;
	138 -- 139;
	139 -- 140;
	140 -- 141;
	141 -- 142;
	142 -- 143;
	143 -- 144;
	144 -- 145;
	145 -- 146;
	146 -- 147;
	147 -- 148;
	148 -- 149;
	149 -- 150;
	150 -- 151;
	151 -- 152;
	152 -- 153;
	153 -- 154;
	154 -- 155;
	155 -- 156;
	156 -- 157;
	157 -- 158;
	158 -- 159;
	159 -- 191;
	160 -- 161;
	160 -- 192;
	161 -- 162;
	162 -- 163;
	163 -- 164;
	164 -- 165;
	165 -- 166;
	166 -- 167;
	167 -- 168;
	168 -- 169;
	169 -- 170;
	170 -- 171;
	171 -- 172;
	172 -- 173;
	173 -- 174;
	174 -- 175;
	175 -- 176;
	176 -- 177;
	177 -- 178;
	178 -- 179;
	179 -- 180;
	180 -- 181;
	181 -- 182;
	182 -- 183;
	183 -- 184;
	184 -- 185;
	185 -- 186;
	186 -- 187;
	187 -- 188;
	188 -- 189;
	189 -- 190;
	190 -- 191;
	192 -- 193;
	193 -- 194;
	194 -- 195;
	195 -- 196;
	196 -- 197;
	197 -- 198;
	198 -- 199;
	199 -- 200;
	200 -- 201;
	201 -- 202;
	202 -- 203;
	203 -- 204;
	204 -- 205;
	205 -- 206;
	206 -- 207;
	207 -- 208;
	208 -- 209;
	209 -- 210;
	210 -- 211;
	211 -- 212;
	212 -- 213;
	213 -- 214;
	214 -- 215;
	215 -- 216;
	216 -- 217;
	217 -- 218;
	218 -- 219;
	219 -- 220;
	220 -- 221;
	221 -- 222;
	222 -- 223;
	223 -- 255;
	224 -- 225;
	224 -- 256;
	225 -- 226;
	226 -- 227;
	227 -- 228;
	228 -- 229;
	229 -- 230;
	230 -- 231;
	231 -- 232;
	232 -- 233;
	233 -- 234;
	234 -- 235;
	235 -- 236;
	236 -- 237;
	237 -- 238;
	238 -- 239;
	239 -- 240;
	240 -- 241;
	241 -- 242;
	242 -- 243;
	243 -- 244;
	244 -- 245;
	245 -- 246;
	246 -- 247;
	247 -- 248;
	248 -- 249;
	249 -- 250;
	250 -- 251;
	251 -- 252;
	252 -- 253;
	253 -- 254;
	254 -- 255;
	256 -- 257;
	257 -- 258;
	258 -- 259;
	259 -- 260;
	260 -- 261;
	261 -- 262;
	262 -- 263;
	263 -- 264;
	264 -- 265;
	265 -- 266;
	266 -- 267;
	267 -- 268;
	268 -- 269;
	269 -- 270;
	270 -- 271;
	271 -- 272;
	272 -- 273;
	273 -- 274;
	274 -- 275;
	275 -- 276;
	276 -- 277;
	277 -- 278;
	278 -- 279;
	279 -- 280;
	280 -- 281;
	281 -- 282;
	282 -- 283;
	283 -- 284;
	284 -- 285;
	285 -- 286;
	286 -- 287;
	287 -- 319;
	288 -- 289;
	288 -- 320;
	289 -- 290;
	290 -- 291;
	291 -- 292;
	292 -- 293;
	293 -- 294;
	294 -- 295;
	295 -- 296;
	296 -- 297;
	297 -- 298;
	298 -- 299;
	299 -- 300;
	300 -- 301;
	301 -- 302;
	302 -- 303;
	303 -- 304;
	304 -- 305;
	305 -- 306;
	306 -- 307;
	307 -- 308;
	308 -- 309;
	309 -- 310;
	310 -- 311;
	311 -- 312;
	312 -- 313;
	313 -- 314;
	314 -- 315;
	315 -- 316;
	316 -- 317;
	317 -- 318;
	318 -- 319;
	320 -- 321;
	321 -- 322;
	322 -- 323;
	323 -- 324;
	324 -- 325;
	325 -- 326;
	326 -- 327;
	327 -- 328;
	328 -- 329;
	329 -- 330;
	330 -- 331;
	331 -- 332;
	332 -- 333;
	333 -- 334;
	334 -- 335;
	335 -- 336;
	336 -- 337;
	337 -- 338;
	338 -- 339;
	339 -- 340;
	340 -- 341;
	341 -- 342;
	342 -- 343;
	343 -- 344;
	344 -- 345;
	345 -- 346;
	346 -- 347;
	347 -- 348;
	348 -- 349;
	349 -- 350;
	350 -- 351;
	351 -- 383;
	352 -- 353;
	352 -- 384;
	353 -- 354;
	354 -- 355;
	355 -- 356;
	356 -- 357;
	357 -- 358;
	358 -- 359;
	359 -- 360;
	360 -- 361;
	361 -- 362;
	362 -- 363;
	363 -- 364;
	364 -- 365;
	365 -- 366;
	366 -- 367;
	367 -- 368;
	368 -- 369;
	369 -- 370;
	370 -- 371;
	371 -- 372;
	372 -- 373;
	373 -- 374;
	374 -- 375;
	375 -- 376;
	376 -- 377;
	377 -- 378;
	378 -- 379;
	379 -- 380;
	380 -- 381;
	381 -- 382;
	382 -- 383;
	384 -- 385;
	385 -- 386;
	386 -- 387;
	387 -- 388;
	388 -- 389;
	389 -- 390;
	390 -- 391;
	391 -- 392;
	392 -- 393;
	393 -- 394;
	394 -- 395;
	395 -- 396;
	396 -- 397;
	397 -- 398;
	398 -- 399;
	399 -- 400;
	400 -- 401;
	401 -- 402;
	402 -- 403;
	403 -- 404;
	404 -- 405;
	405 -- 406;
	406 -- 407;
	407 -- 408;
	408 -- 409;
	409 -- 410;
	410 -- 411;
	411 -- 412;
	412 -- 413;
	413 -- 414;
	414 -- 415;
	415 -- 447;
	416 -- 417;
	416 -- 448;
	417 -- 418;
	418 -- 419;
	419 -- 420;
	420 -- 421;
	421 -- 422;
	422 -- 423;
	423 -- 424;
	424 -- 425;
	425 -- 426;
	426 -- 427;
	427 -- 428;
	428 -- 429;
	429 -- 430;
	430 -- 431;
	431 -- 432;
	432 -- 433;
	433 -- 434;
	434 -- 435;
	435 -- 436;
	436 -- 437;
	437 -- 438;
	438 -- 439;
	439 -- 440;
	440 -- 441;
	441 -- 442;
	442 -- 443;
	443 -- 444;
	444 -- 445;
	445 -- 446;
	446 -- 447;
	448 -- 449;
	449 -- 450;
	450 -- 451;
	451 -- 452;
	452 -- 453;
	453 -- 454;
	454 -- 455;
	455 -- 456;
	456 -- 457;
	457 -- 458;
	458 -- 459;
	459 -- 460;
	460 -- 461;
	461 -- 462;
	462 -- 463;
	463 -- 464;
	464 -- 465;
	465 -- 466;
	466 -- 467;
	467 -- 468;
	468 -- 469;
	469 -- 470;
	470 -- 471;
	471 -- 472;
	472 -- 473;
	473 -- 474;
	474 -- 475;
	475 -- 476;
	476 -- 477;
	477 -- 478;
	478 -- 479;
	479 -- 511;
	480 -- 481;
	480 -- 512;
	481 -- 482;
	482 -- 483;
	483 -- 484;
	484 -- 485;
	485 -- 486;
	486 -- 487;
	487 -- 488;
	488 -- 489;
	489 -- 490;
	490 -- 491;
	491 -- 492;
	492 -- 493;
	493 -- 494;
	494 -- 495;
	495 -- 496;
	496 -- 497;
	497 -- 498;
	498 -- 499;
	499 -- 500;
	500 -- 501;
	501 -- 502;
	502 -- 503;
	503 -- 504;
	504 -- 505;
	505 -- 506;
	506 -- 507;
	507 -- 508;
	508 -- 509;
	509 -- 510;
	510 -- 511;
	512 -- 513;
	513 -- 514;
	514 -- 515;
	515 -- 516;
	516 -- 517;
	517 -- 518;
	518 -- 519;
	519 -- 520;
	520 -- 521;
	521 -- 522;
	522 -- 523;
	523 -- 524;
	524 -- 525;
	525 -- 526;
	526 -- 527;
	527 -- 528;
	528 -- 529;
	529 -- 530;
	530 -- 531;
	531 -- 532;
	532 -- 533;
	533 -- 534;
	534 -- 535;
	535 -- 536;
	536 -- 537;
	537 -- 538;
	538 -- 539;
	539 -- 540;
	540 -- 541;
	541 -- 542;
	542 -- 543;
	543 -- 575;
	544 -- 545;
	544 -- 576;
	545 -- 546;
	546 -- 547;
	547 -- 548;
	548 -- 549;
	549 -- 550;
	550 -- 551;
	551 -- 552;
	552 -- 553;
	553 -- 554;
	554 -- 555;
	555 -- 556;
	556 -- 557;
	557 -- 558;
	558 -- 559;
	559 -- 560;
	560 -- 561;
	561 -- 562;
	562 -- 563;
	563 -- 564;
	564 -- 565;
	565 -- 566;
	566 -- 567;
	567 -- 568;
	568 -- 569;
	569 -- 570;
	570 -- 571;
	571 -- 572;
	572 -- 573;
	573 -- 574;
	574 -- 575;
	576 -- 577;
	577 -- 578;
	578 -- 579;
	579 -- 580;
	580 -- 581;
	581 -- 582;
	582 -- 583;
	583 -- 584;
	584 -- 585;
	585 -- 586;
	586 -- 587;
	587 -- 588;
	588 -- 589;
	589 -- 590;
	590 -- 591;
	591 -- 592;
	592 -- 593;
	593 -- 594;
	594 -- 595;
	595 -- 596;
	596 -- 597;
	597 -- 598;
	598 -- 599;
	599 -- 600;
	600 -- 601;
	601 -- 602;
	602 -- 603;
	603 -- 604;
	604 -- 605;
	605 -- 606;
	606 -- 607;
	607 -- 639;
	608 -- 609;
	608 -- 640;
	609 -- 610;
	610 -- 611;
	611 -- 612;
	612 -- 613;
	613 -- 614;
	614 -- 615;
	615 -- 616;
	616 -- 617;
	617 -- 618;
	618 -- 619;
	619 -- 620;
	620 -- 621;
	621 -- 622;
	622 -- 623;
	623 -- 624;
	624 -- 625;
	625 -- 626;
	626 -- 627;
	627 -- 628;
	628 -- 629;
	629 -- 630;
	630 -- 631;
	631 -- 632;
	632 -- 633;
	633 -- 634;
	634 -- 635;
	635 -- 636;
	636 -- 637;
	637 -- 638;
	638 -- 639;
	640 -- 641;
	641 -- 642;
	642 -- 643;
	643 -- 644;
	644 -- 645;
	645 -- 646;
	646 -- 647;
	647 -- 648;
	648 -- 649;
	649 -- 650;
	650 -- 651;
	651 -- 652;
	652 -- 653;
	653 -- 654;
	654 -- 655;
	655 -- 656;
	656 -- 657;
	657 -- 658;
	658 -- 659;
	659 -- 660;
	660 -- 661;
	661 -- 662;
	662 -- 663;
	663 -- 664;
	664 -- 665;
	665 -- 666;
	666 -- 667;
	667 -- 668;
	668 -- 669;
	669 -- 670;
	670 -- 671;
	671 -- 703;
	672 -- 673;
	672 -- 704;
	673 -- 674;
	674 -- 675;
	675 -- 676;
	676 -- 677;
	677 -- 678;
	678 -- 679;
	679 -- 680;
	680 -- 681;
	681 -- 682;
	682 -- 683;
	683 -- 684;
	684 -- 685;
	685 -- 686;
	686 -- 687;
	687 -- 688;
	688 -- 689;
	689 -- 690;
	690 -- 691;
	691 -- 692;
	692 -- 693;
	693 -- 694;
	694 -- 695;
	695 -- 696;
	696 -- 697;
	697 -- 698;
	698 -- 699;
	699 -- 700;
	700 -- 701;
	701 -- 702;
	702 -- 703;
	704 -- 705;
	705 -- 706;
	706 -- 707;
	707 -- 708;
	708 -- 709;
	709 -- 710;
	710 -- 711;
	711 -- 712;
	712 -- 713;
	713 -- 714;
	714 -- 715;
	715 -- 716;
	716 -- 717;
	717 -- 718;
	718 -- 719;
	719 -- 720;
	720 -- 721;
	721 -- 722;
	722 -- 723;
	723 -- 724;
	724 -- 725;
	725 -- 726;
	726 -- 727;
	727 -- 728;
	728 -- 729;
	729 -- 730;
	730 -- 731;
	731 -- 732;
	732 -- 733;
	733 -- 734;
	734 -- 735;
	735 -- 767;
	736 -- 737;
	736 -- 768;
	737 -- 738;
	738 -- 739;
	739 -- 740;
	740 -- 741;
	741 -- 742;
	742 -- 743;
	743 -- 744;
	744 -- 745;
	745 -- 746;
	746 -- 747;
	747 -- 748;
	748 -- 749;
	749 -- 750;
	750 -- 751;
	751 -- 752;
	752 -- 753;
	753 -- 754;
	754 -- 755;
	755 -- 756;
	756 -- 757;
	757 -- 758;
	758 -- 759;
	759 -- 760;
	760 -- 761;
	761 -- 762;
	762 -- 763;
	763 -- 764;
	764 -- 765;
	765 -- 766;
	766 -- 767;
	768 -- 769;
	769 -- 770;
	770 -- 771;
	771 -- 772;
	772 -- 773;
	773 -- 774;
	774 -- 775;
	775 -- 776;
	776 -- 777;
	777 -- 778;
	778 -- 779;
	779 -- 780;
	780 -- 781;
	781 -- 782;
	782 -- 783;
	783 -- 784;
	784 -- 785;
	785 -- 786;
	786 -- 787;
	787 -- 788;
	788 -- 789;
	789 -- 790;
	790 -- 791;
	791 -- 792;
	792 -- 793;
	793 -- 794;
	794 -- 795;
	795 -- 796;
	796 -- 797;
	797 -- 798;
	798 -- 799;
	799 -- 831;
	800 -- 801;
	800 -- 832;
	801 -- 802;
	802 -- 803;
	803 -- 804;
	804 -- 805;
	805 -- 806;
	806 -- 807;
	807 -- 808;
	808 -- 809;
	809 -- 810;
	810 -- 811;
	811 -- 812;
	812 -- 813;
	813 -- 814;
	814 -- 815;
	815 -- 816;
	816 -- 817;
	817 -- 818;
	818 -- 819;
	819 -- 820;
	820 -- 821;
	821 -- 822;
	822 -- 823;
	823 -- 824;
	824 -- 825;
	825 -- 826;
	826 -- 827;
	827 -- 828;
	828 -- 829;
	829 -- 830;
	830 -- 831;
	832 -- 833;
	833 -- 834;
	834 -- 835;
	835 -- 836;
	836 -- 837;
	837 -- 838;
	838 -- 839;
	839 -- 840;
	840 -- 841;
	841 -- 842;
	842 -- 843;
	843 -- 844;
	844 -- 845;
	845 -- 846;
	846 -- 847;
	847 -- 848;
	848 -- 849;
	849 -- 850;
	850 -- 851;
	851 -- 852;
	852 -- 853;
	853 -- 854;
	854 -- 855;
	855 -- 856;
	856 -- 857;
	857 -- 858;
	858 -- 859;
	859 -- 860;
	860 -- 861;
	861 -- 862;
	862 -- 863;
	863 -- 895;
	864 -- 865;
	864 -- 896;
	865 -- 866;
	866 -- 867;
	867 -- 868;
	868 -- 869;
	869 -- 870;
	870 -- 871;
	871 -- 872;
	872 -- 873;
	873 -- 874;
	874 -- 875;
	875 -- 876;
	876 -- 877;
	877 -- 878;
	878 -- 879;
	879 -- 880;
	880 -- 881;
	881 -- 882;
	882 -- 883;
	883 -- 884;
	884 -- 885;
	885 -- 886;
	886 -- 887;
	887 -- 888;
	888 -- 889;
	889 -- 890;
	890 -- 891;
	891 -- 892;
	892 -- 893;
	893 -- 894;
	894 -- 895;
	896 -- 897;
	897 -- 898;
	898 -- 899;
	899 -- 900;
	900 -- 901;
	901 -- 902;
	902 -- 903;
	903 -- 904;
	904 -- 905;
	905 -- 906;
	906 -- 907;
	907 -- 908;
	908 -- 909;
	909 -- 910;
	910 -- 911;
	911 -- 912;
	912 -- 913;
	913 -- 914;
	914 -- 915;
	915 -- 916;
	916 -- 917;
	917 -- 918;
	918 -- 919;
	919 -- 920;
	920 -- 921;
	921 -- 922;
	922 -- 923;
	923 -- 924;
	924 -- 925;
	925 -- 926;
	926 -- 927;
	927 -- 959;
	928 -- 929;
	928 -- 960;
	929 -- 930;
	930 -- 931;
	931 -- 932;
	932 -- 933;
	933 -- 934;
	934 -- 935;
	935 -- 936;
	936 -- 937;
	937 -- 938;
	938 -- 939;
	939 -- 940;
	940 -- 941;
	941 -- 942;
	942 -- 943;
	943 -- 944;
	944 -- 945;
	945 -- 946;
	946 -- 947;
	947 -- 948;
	948 -- 949;
	949 -- 950;
	950 -- 951;
	951 -- 952;
	952 -- 953;
	953 -- 954;
	954 -- 955;
	955 -- 956;
	956 -- 957;
	957 -- 958;
	958 -- 959;
	960 -- 961;
	961 -- 962;
	962 -- 963;
	963 -- 964;
	964 -- 965;
	965 -- 966;
	966 -- 967;
	967 -- 968;
	968 -- 969;
	969 -- 970;
	970 -- 971;
	971 -- 972;
	972 -- 973;
	973 -- 974;
	974 -- 975;
	975 -- 976;
	976 -- 977;
	977 -- 978;
	978 -- 979;
	979 -- 980;
	980 -- 981;
	981 -- 982;
	982 -- 983;
	983 -- 984;
	984 -- 985;
	985 -- 986;
	986 -- 987;
	987 -- 988;
	988 -- 989;
	989 -- 990;
	990 -- 991;
	991 -- 1023;
	992 -- 993;
	993 -- 994;
	994 -- 995;
	995 -- 996;
	996 -- 997;
	997 -- 998;
	998 -- 999;
	999 -- 1000;
	1000 -- 1001;
	1001 -- 1002;
	1002 -- 1003;
	1003 -- 1004;
	1004 -- 1005;
	1005 -- 1006;
	1006 -- 1007;
	1007 -- 1008;
	1008 -- 1009;
	1009 -- 1010;
	1010 -- 1011;
	1011 -- 1012;
	1012 -- 1013;
	1013 -- 1014;
	1014 -- 1015;
	1015 -- 1016;
	1016 -- 1017;
	1017 -- 1018;
	1018 -- 1019;
	1019 -- 1020;
	1020 -- 1021;
	1021 -- 1022;
	1022 -- 1023;
	0 [pos="0,0"];
	1 [pos="1,0"];
	2 [pos="2,0"];
	3 [pos="3,0"];
	4 [pos="4,0"];
	5 [pos="5,0"];
	6 [pos="6,0"];
	7 [pos="7,0"];
	8 [pos="8,0"];
	9 [pos="9,0"];
	10 [pos="10,0"];
	11 [pos="11,0"];
	12 [pos="12,0"];
	13 [pos="13,0"];
	14 [pos="14,0"];
	15 [pos="15,0"];
	16 [pos="16,0"];
	17 [pos="17,0"];
	18 [pos="18,0"];
	19 [pos="19,0"];
	20 [pos="20,0"];
	21 [pos="21,0"];
	22 [pos="22,0"];
	23 [pos="23,0"];
	24 [pos="24,0"];
	25 [pos="25,0"];
	26 [pos="26,0"];
	27 [pos="27,0"];
	28 [pos="28,0"];
	29 [pos="29,0"];
	30 [pos="30,0"];
	31 [pos="31,0"];
	32 [pos="0,-1"];
	33 [pos="1,-1"];
	34 [pos="2,-1"];
	35 [pos="3,-1"];
	36 [pos="4,-1"];
	37 [pos="5,-1"];
	38 [pos="6,-1"];
	39 [pos="7,-1"];
	40 [pos="8,-1"];
	41 [pos="9,-1"];
	42 [pos="10,-1"];
	43 [pos="11,-1"];
	44 [pos="12,-1"];
	45 [pos="13,-1"];
	46 [pos="14,-1"];
	47 [pos="15,-1"];
	48 [pos="16,-1"];
	49 [pos="17,-1"];
	50 [pos="18,-1"];
	51 [pos="19,-1"];
	52 [pos="20,-1"];
	53 [pos="21,-1"];
	54 [pos="22,-1"];
	55 [pos="23,-1"];
	56 [pos="24,-1"];
	57 [pos="25,-1"];
	58 [pos="26,-1"];
	59 [pos="27,-1"];
	60 [pos="28,-1"];
	61 [pos="29,-1"];
	62 [pos="30,-1"];
	63 [pos="31,-1"];
	64 [pos="0,-2"];
	65 [pos="1,-2"];
	66 [pos="2,-2"];
	67 [pos="3,-2"];
	68 [pos="4,-2"];
	69 [pos="5,-2"];
	70 [pos="6,-2"];
	71 [pos="7,-2"];
	72 [pos="8,-2"];
	73 [pos="9,-2"];
	74 [pos="10,-2"];
	75 [pos="11,-2"];
	76 [pos="12,-2"];
	77 [pos="13,-2"];
	78 [pos="14,-2"];
	79 [pos="15,-2"];
	80 [pos="16,-2"];
	81 [pos="17,-2"];
	82 [pos="18,-2"];
	83 [pos="19,-2"];
	84 [pos="20,-2"];
	85 [pos="21,-2"];
	86 [pos="22,-2"];
	87 [pos="23,-2"];
	88 [pos="24,-2"];
	89 [pos="25,-2"];
	90 [pos="26,-2"];
	91 [pos="27,-2"];
	92 [pos="28,-2"];
	93 [pos="29,-2"];
	94 [pos="30,-2"];
	95 [pos="31,-2"];
	96 [pos="0,-3"];
	97 [pos="1,-3"];
	98 [pos="2,-3"];
	99 [pos="3,-3"];
	100 [pos="4,-3"];
	101 [pos="5,-3"];
	102 [pos="6,-3"];
	103 [pos="7,-3"];
	104 [pos="8,-3"];
	105 [pos="9,-3"];
	106 [pos="10,-3"];
	107 [pos="11,-3"];
	108 [pos="12,-3"];
	109 [pos="13,-3"];
	110 [pos="14,-3"];
	111 [pos="15,-3"];
	112 [pos="16,-3"];
	113 [pos="17,-3"];
	114 [pos="18,-3"];
	115 [pos="19,-3"];
	116 [pos="20,-3"];
	117 [pos="21,-3"];
	118 [pos="22,-3"];
	119 [pos="23,-3"];
	120 [pos="24,-3"];
	121 [pos="25,-3"];
	122 [pos="26,-3"];
	123 [pos="27,-3"];
	124 [pos="28,-3"];
	125 [pos="29,-3"];
	126 [pos="30,-3"];
	127 [pos="31,-3"];
	128 [pos="0,-4"];
	129 [pos="1,-4"];
	130 [pos="2,-4"];
	131 [pos="3,-4"];
	132 [pos="4,-4"];
	133 [pos="5,-4"];
	134 [pos="6,-4"];
	135 [pos="7,-4"];
	136 [pos="8,-4"];
	137 [pos="9,-4"];
	138 [pos="10,-4"];
	139 [pos="11,-4"];
	140 [pos="12,-4"];
	141 [pos="13,-4"];
	142 [pos="14,-4"];
	143 [pos="15,-4"];
	144 [pos="16,-4"];
	145 [pos="17,-4"];
	146 [pos="18,-4"];
	147 [pos="19,-4"];
	148 [pos="20,-4"];
	149 [pos="21,-4"];
	150 [pos="22,-4"];
	151 [pos="23,-4"];
	152 [pos="24,-4"];
	153 [pos="25,-4"];
	154 [pos="26,-4"];
	155 [pos="27,-4"];
	156 [pos="28,-4"];
	157 [pos="29,-4"];
	158 [pos="30,-4"];
	159 [pos="31,-4"];
	160 [pos="0,-5"];
	161 [pos="1,-5"];
	162 [pos="2,-5"];
	163 [pos="3,-5"];
	164 [pos="4,-5"];
	165 [pos="5,-5"];
	166 [pos="6,-5"];
	167 [pos="7,-5"];
	168 [pos="8,-5"];
	169 [pos="9,-5"];
	170 [pos="10,-5"];
	171 [pos="11,-5"];
	172 [pos="12,-5"];
	173 [pos="13,-5"];
	174 [pos="14,-5"];
	175 [pos="15,-5"];
	176 [pos="16,-5"];
	177 [pos="17,-5"];
	178 [pos="18,-5"];
	179 [pos="19,-5"];
	180 [pos="20,-5"];
	181 [pos="21,-5"];
	182 [pos="22,-5"];
	183 [pos="23,-5"];
	184 [pos="24,-5"];
	185 [pos="25,-5"];
	186 [pos="26,-5"];
	187 [pos="27,-5"];
	188 [pos="28,-5"];
	189 [pos="29,-5"];
	190 [pos="30,-5"];
	191 [pos="31,-5"];
	192 [pos="0,-6"];
	193 [pos="1,-6"];
	194 [pos="2,-6"];
	195 [pos="3,-6"];
	196 [pos="4,-6"];
	197 [pos="5,-6"];
	198 [pos="6,-6"];
	199 [pos="7,-6"];
	200 [pos="8,-6"];
	201 [pos="9,-6"];
	202 [pos="10,-6"];
	203 [pos="11,-6"];
	204 [pos="12,-6"];
	205 [pos="13,-6"];
	206 [pos="14,-6"];
	207 [pos="15,-6"];
	208 [pos="16,-6"];
	209 [pos="17,-6"];
	210 [pos="18,-6"];
	211 [pos="19,-6"];
	212 [pos="20,-6"];
	213 [pos="21,-6"];
	214 [pos="22,-6"];
	215 [pos="23,-6"];
	216 [pos="24,-6"];
	217 [pos="25,-6"];
	218 [pos="26,-6"];
	219 [pos="27,-6"];
	220 [pos="28,-6"];
	221 [pos="29,-6"];
	222 [pos="30,-6"];
	223 [pos="31,-6"];
	224 [pos="0,-7"];
	225 [pos="1,-7"];
	226 [pos="2,-7"];
	227 [pos="3,-7"];
	228 [pos="4,-7"];
	229 [pos="5,-7"];
	230 [pos="6,-7"];
	231 [pos="7,-7"];
	232 [pos="8,-7"];
	233 [pos="9,-7"];
	234 [pos="10,-7"];
	235 [pos="11,-7"];
	236 [pos="12,-7"];
	237 [pos="13,-7"];
	238 [pos="14,-7"];
	239 [pos="15,-7"];
	240 [pos="16,-7"];
	241 [pos="17,-7"];
	242 [pos="18,-7"];
	243 [pos="19,-7"];
	244 [pos="20,-7"];
	245 [pos="21,-7"];
	246 [pos="22,-7"];
	247 [pos="23,-7"];
	248 [pos="24,-7"];
	249 [pos="25,-7"];
	250 [pos="26,-7"];
	251 [pos="27,-7"];
	252 [pos="28,-7"];
	253 [pos="29,-7"];
	254 [pos="30,-7"];
	255 [pos="31,-7"];
	256 [pos="0,-8"];
	257 [pos="1,-8"];
	258 [pos="2,-8"];
	259 [pos="3,-8"];
	260 [pos="4,-8"];
	261 [pos="5,-8"];
	262 [pos="6,-8"];
	263 [pos="7,-8"];
	264 [pos="8,-8"];
	265 [pos="9,-8"];
	266 [pos="10,-8"];
	267 [pos="11,-8"];
	268 [pos="12,-8"];
	269 [pos="13,-8"];
	270 [pos="14,-8"];
	271 [pos="15,-8"];
	272 [pos="16,-8"];
	273 [pos="17,-8"];
	274 [pos="18,-8"];
	275 [pos="19,-8"];
	276 [pos="20,-8"];
	277 [pos="21,-8"];
	278 [pos="22,-8"];
	279 [pos="23,-8"];
	280 [pos="24,-8"];
	281 [pos="25,-8"];
	282 [pos="26,-8"];
	283 [pos="27,-8"];
	284 [pos="28,-8"];
	285 [pos="29,-8"];
	286 [pos="30,-8"];
	287 [pos="31,-8"];
	288 [pos="0,-9"];
	289 [pos="1,-9"];
	290 [pos="2,-9"];
	291 [pos="3,-9"];
	292 [pos="4,-9"];
	293 [pos="5,-9"];
	294 [pos="6,-9"];
	295 [pos="7,-9"];
	296 [pos="8,-9"];
	297 [pos="9,-9"];
	298 [pos="10,-9"];
	299 [pos="11,-9"];
	300 [pos="12,-9"];
	301 [pos="13,-9"];
	302 [pos="14,-9"];
	303 [pos="15,-9"];
	304 [pos="16,-9"];
	305 [pos="17,-9"];
	306 [pos="18,-9"];
	307 [pos="19,-9"];
	308 [pos="20,-9"];
	309 [pos="21,-9"];
	310 [pos="22,-9"];
	311 [pos="23,-9"];
	312 [pos="24,-9"];
	313 [pos="25,-9"];
	314 [pos="26,-9"];
	315 [pos="27,-9"];
	316 [pos="28,-9"];
	317 [pos="29,-9"];
	318 [pos="30,-9"];
	319 [pos="31,-9"];
	320 [pos="0,-10"];
	321 [pos="1,-10"];
	322 [pos="2,-10"];
	323 [pos="3,-10"];
	324 [pos="4,-10"];
	325 [pos="5,-10"];
	326 [pos="6,-10"];
	327 [pos="7,-10"];
	328 [pos="8,-10"];
	329 [pos="9,-10"];
	330 [pos="10,-10"];
	331 [pos="11,-10"];
	332 [pos="12,-10"];
	333 [pos="13,-10"];
	334 [pos="14,-10"];
	335 [pos="15,-10"];
	336 [pos="16,-10"];
	337 [pos="17,-10"];
	338 [pos="18,-10"];
	339 [pos="19,-10"];
	340 [pos="20,-10"];
	341 [pos="21,-10"];
	342 [pos="22,-10"];
	343 [pos="23,-10"];
	344 [pos="24,-10"];
	345 [pos="25,-10"];
	346 [pos="26,-10"];
	347 [pos="27,-10"];
	348 [pos="28,-10"];
	349 [pos="29,-10"];
	350 [pos="30,-10"];
	351 [pos="31,-10"];
	352 [pos="0,-11"];
	353 [pos="1,-11"];
	354 [pos="2,-11"];
	355 [pos="3,-11"];
	356 [pos="4,-11"];
	357 [pos="5,-11"];
	358 [pos="6,-11"];
	359 [pos="7,-11"];
	360 [pos="8,-11"];
	361 [pos="9,-11"];
	362 [pos="10,-11"];
	363 [pos="11,-11"];
	364 [pos="12,-11"];
	365 [pos="13,-11"];
	366 [pos="14,-11"];
	367 [pos="15,-11"];
	368 [pos="16,-11"];
	369 [pos="17,-11"];
	370 [pos="18,-11"];
	371 [pos="19,-11"];
	372 [pos="20,-11"];
	373 [pos="21,-11"];
	374 [pos="22,-11"];
	375 [pos="23,-11"];
	376 [pos="24,-11"];
	377 [pos="25,-11"];
	378 [pos="26,-11"];
	379 [pos="27,-11"];
	380 [pos="28,-11"];
	381 [pos="29,-11"];
	382 [pos="30,-11"];
	383 [pos="31,-11"];
	384 [pos="0,-12"];
	385 [pos="1,-12"];
	386 [pos="2,-12"];
	387 [pos="3,-12"];
	388 [pos="4,-12"];
	389 [pos="5,-12"];
	390 [pos="6,-12"];
	391 [pos="7,-12"];
	392 [pos="8,-12"];
	393 [pos="9,-12"];
	394 [pos="10,-12"];
	395 [pos="11,-12"];
	396 [pos="12,-12"];
	397 [pos="13,-12"];
	398 [pos="14,-12"];
	399 [pos="15,-12"];
	400 [pos="16,-12"];
	401 [pos="17,-12"];
	402 [pos="18,-12"];
	403 [pos="19,-12"];
	404 [pos="20,-12"];
	405 [pos="21,-12"];
	406 [pos="22,-12"];
	407 [pos="23,-12"];
	408 [pos="24,-12"];
	409 [pos="25,-12"];
	410 [pos="26,-12"];
	411 [pos="27,-12"];
	412 [pos="28,-12"];
	413 [pos="29,-12"];
	414 [pos="30,-12"];
	415 [pos="31,-12"];
	416 [pos="0,-13"];
	417 [pos="1,-13"];
	418 [pos="2,-13"];
	419 [pos="3,-13"];
	420 [pos="4,-13"];
	421 [pos="5,-13"];
	422 [pos="6,-13"];
	423 [pos="7,-13"];
	424 [pos="8,-13"];
	425 [pos="9,-13"];
	426 [pos="10,-13"];
	427 [pos="11,-13"];
	428 [pos="12,-13"];
	429 [pos="13,-13"];
	430 [pos="14,-13"];
	431 [pos="15,-13"];
	432 [pos="16,-13"];
	433 [pos="17,-13"];
	434 [pos="18,-13"];
	435 [pos="19,-13"];
	436 [pos="20,-13"];
	437 [pos="21,-13"];
	438 [pos="22,-13"];
	439 [pos="23,-13"];
	440 [pos="24,-13"];
	441 [pos="25,-13"];
	442 [pos="26,-13"];
	443 [pos="27,-13"];
	444 [pos="28,-13"];
	445 [pos="29,-13"];
	446 [pos="30,-13"];
	447 [pos="31,-13"];
	448 [pos="0,-14"];
	449 [pos="1,-14"];
	450 [pos="2,-14"];
	451 [pos="3,-14"];
	452 [pos="4,-14"];
	453 [pos="5,-14"];
	454 [pos="6,-14"];
	455 [pos="7,-14"];
	456 [pos="8,-14"];
	457 [pos="9,-14"];
	458 [pos="10,-14"];
	459 [pos="11,-14"];
	460 [pos="12,-14"];
	461 [pos="13,-14"];
	462 [pos="14,-14"];
	463 [pos="15,-14"];
	464 [pos="16,-14"];
	465 [pos="17,-14"];
	466 [pos="18,-14"];
	467 [pos="19,-14"];
	468 [pos="20,-14"];
	469 [pos="21,-14"];
	470 [pos="22,-14"];
	471 [pos="23,-14"];
	472 [pos="24,-14"];
	473 [pos="25,-14"];
	474 [pos="26,-14"];
	475 [pos="27,-14"];
	476 [pos="28,-14"];
	477 [pos="29,-14"];
	478 [pos="30,-14"];
	479 [pos="31,-14"];
	480 [pos="0,-15"];
	481 [pos="1,-15"];
	482 [pos="2,-15"];
	483 [pos="3,-15"];
	484 [pos="4,-15"];
	485 [pos="5,-15"];
	486 [pos="6,-15"];
	487 [pos="7,-15"];
	488 [pos="8,-15"];
	489 [pos="9,-15"];
	490 [pos="10,-15"];
	491 [pos="11,-15"];
	492 [pos="12,-15"];
	493 [pos="13,-15"];
	494 [pos="14,-15"];
	495 [pos="15,-15"];
	496 [pos="16,-15"];
	497 [pos="17,-15"];
	498 [pos="18,-15"];
	499 [pos="19,-15"];
	500 [pos="20,-15"];
	501 [pos="21,-15"];
	502 [pos="22,-15"];
	503 [pos="23,-15"];
	504 [pos="24,-15"];
	505 [pos="25,-15"];
	506 [pos="26,-15"];
	507 [pos="27,-15"];
	508 [pos="28,-15"];
	509 [pos="29,-15"];
	510 [pos="30,-15"];
	511 [pos="31,-15"];
	512 [pos="0,-16"];
	513 [pos="1,-16"];
	514 [pos="2,-16"];
	515 [pos="3,-16"];
	516 [pos="4,-16"];
	517 [pos="5,-16"];
	518 [pos="6,-16"];
	519 [pos="7,-16"];
	520 [pos="8,-16"];
	521 [pos="9,-16"];
	522 [pos="10,-16"];
	523 [pos="11,-16"];
	524 [pos="12,-16"];
	525 [pos="13,-16"];
	526 [pos="14,-16"];
	527 [pos="15,-16"];
	528 [pos="16,-16"];
	529 [pos="17,-16"];
	530 [pos="18,-16"];
	531 [pos="19,-16"];
	532 [pos="20,-16"];
	533 [pos="21,-16"];
	534 [pos="22,-16"];
	535 [pos="23,-16"];
	536 [pos="24,-16"];
	537 [pos="25,-16"];
	538 [pos="26,-16"];
	539 [pos="27,-16"];
	540 [pos="28,-16"];
	541 [pos="29,-16"];
	542 [pos="30,-16"];
	543 [pos="31,-16"];
	544 [pos="0,-17"];
	545 [pos="1,-17"];
	546 [pos="2,-17"];
	547 [pos="3,-17"];
	548 [pos="4,-17"];
	549 [pos="5,-17"];
	550 [pos="6,-17"];
	551 [pos="7,-17"];
	552 [pos="8,-17"];
	553 [pos="9,-17"];
	554 [pos="10,-17"];
	555 [pos="11,-17"];
	556 [pos="12,-17"];
	557 [pos="13,-17"];
	558 [pos="14,-17"];
	559 [pos="15,-17"];
	560 [pos="16,-17"];
	561 [pos="17,-17"];
	562 [pos="18,-17"];
	563 [pos="19,-17"];
	564 [pos="20,-17"];
	565 [pos="21,-17"];
	566 [pos="22,-17"];
	567 [pos="23,-17"];
	568 [pos="24,-17"];
	569 [pos="25,-17"];
	570 [pos="26,-17"];
	571 [pos="27,-17"];
	572 [pos="28,-17"];
	573 [pos="29,-17"];
	574 [pos="30,-17"];
	575 [pos="31,-17"];
	576 [pos="0,-18"];
	577 [pos="1,-18"];
	578 [pos="2,-18"];
	579 [pos="3,-18"];
	580 [pos="4,-18"];
	581 [pos="5,-18"];
	582 [pos="6,-18"];
	583 [pos="7,-18"];
	584 [pos="8,-18"];
	585 [pos="9,-18"];
	586 [pos="10,-18"];
	587 [pos="11,-18"];
	588 [pos="12,-18"];
	589 [pos="13,-18"];
	590 [pos="14,-18"];
	591 [pos="15,-18"];
	592 [pos="16,-18"];
	593 [pos="17,-18"];
	594 [pos="18,-18"];
	595 [pos="19,-18"];
	596 [pos="20,-18"];
	597 [pos="21,-18"];
	598 [pos="22,-18"];
	599 [pos="23,-18"];
	600 [pos="24,-18"];
	601 [pos="25,-18"];
	602 [pos="26,-18"];
	603 [pos="27,-18"];
	604 [pos="28,-18"];
	605 [pos="29,-18"];
	606 [pos="30,-18"];
	607 [pos="31,-18"];
	608 [pos="0,-19"];
	609 [pos="1,-19"];
	610 [pos="2,-19"];
	611 [pos="3,-19"];
	612 [pos="4,-19"];
	613 [pos="5,-19"];
	614 [pos="6,-19"];
	615 [pos="7,-19"];
	616 [pos="8,-19"];
	617 [pos="9,-19"];
	618 [pos="10,-19"];
	619 [pos="11,-19"];
	620 [pos="12,-19"];
	621 [pos="13,-19"];
	622 [pos="14,-19"];
	623 [pos="15,-19"];
	624 [pos="16,-19"];
	625 [pos="17,-19"];
	626 [pos="18,-19"];
	627 [pos="19,-19"];
	628 [pos="20,-19"];
	629 [pos="21,-19"];
	630 [pos="22,-19"];
	631 [pos="23,-19"];
	632 [pos="24,-19"];
	633 [pos="25,-19"];
	634 [pos="26,-19"];
	635 [pos="27,-19"];
	636 [pos="28,-19"];
	637 [pos="29,-19"];
	638 [pos="30,-19"];
	639 [pos="31,-19"];
	640 [pos="0,-20"];
	641 [pos="1,-20"];
	642 [pos="2,-20"];
	643 [pos="3,-20"];
	644 [pos="4,-20"];
	645 [pos="5,-20"];
	646 [pos="6,-20"];
	647 [pos="7,-20"];
	648 [pos="8,-20"];
	649 [pos="9,-20"];
	650 [pos="10,-20"];
	651 [pos="11,-20"];
	652 [pos="12,-20"];
	653 [pos="13,-20"];
	654 [pos="14,-20"];
	655 [pos="15,-20"];
	656 [pos="16,-20"];
	657 [pos="17,-20"];
	658 [pos="18,-20"];
	659 [pos="19,-20"];
	660 [pos="20,-20"];
	661 [pos="21,-20"];
	662 [pos="22,-20"];
	663 [pos="23,-20"];
	664 [pos="24,-20"];
	665 [pos="25,-20"];
	666 [pos="26,-20"];
	667 [pos="27,-20"];
	668 [pos="28,-20"];
	669 [pos="29,-20"];
	670 [pos="30,-20"];
	671 [pos="31,-20"];
	672 [pos="0,-21"];
	673 [pos="1,-21"];
	674 [pos="2,-21"];
	675 [pos="3,-21"];
	676 [pos="4,-21"];
	677 [pos="5,-21"];
	678 [pos="6,-21"];
	679 [pos="7,-21"];
	680 [pos="8,-21"];
	681 [pos="9,-21"];
	682 [pos="10,-21"];
	683 [pos="11,-21"];
	684 [pos="12,-21"];
	685 [pos="13,-21"];
	686 [pos="14,-21"];
	687 [pos="15,-21"];
	688 [pos="16,-21"];
	689 [pos="17,-21"];
	690 [pos="18,-21"];
	691 [pos="19,-21"];
	692 [pos="20,-21"];
	693 [pos="21,-21"];
	694 [pos="22,-21"];
	695 [pos="23,-21"];
	696 [pos="24,-21"];
	697 [pos="25,-21"];
	698 [pos="26,-21"];
	699 [pos="27,-21"];
	700 [pos="28,-21"];
	701 [pos="29,-21"];
	702 [pos="30,-21"];
	703 [pos="31,-21"];
	704 [pos="0,-22"];
	705 [pos="1,-22"];
	706 [pos="2,-22"];
	707 [pos="3,-22"];
	708 [pos="4,-22"];
	709 [pos="5,-22"];
	710 [pos="6,-22"];
	711 [pos="7,-22"];
	712 [pos="8,-22"];
	713 [pos="9,-22"];
	714 [pos="10,-22"];
	715 [pos="11,-22"];
	716 [pos="12,-22"];
	717 [pos="13,-22"];
	718 [pos="14,-22"];
	719 [pos="15,-22"];
	720 [pos="16,-22"];
	721 [pos="17,-22"];
	722 [pos="18,-22"];
	723 [pos="19,-22"];
	724 [pos="20,-22"];
	725 [pos="21,-22"];
	726 [pos="22,-22"];
	727 [pos="23,-22"];
	728 [pos="24,-22"];
	729 [pos="25,-22"];
	730 [pos="26,-22"];
	731 [pos="27,-22"];
	732 [pos="28,-22"];
	733 [pos="29,-22"];
	734 [pos="30,-22"];
	735 [pos="31,-22"];
	736 [pos="0,-23"];
	737 [pos="1,-23"];
	738 [pos="2,-23"];
	739 [pos="3,-23"];
	740 [pos="4,-23"];
	741 [pos="5,-23"];
	742 [pos="6,-23"];
	743 [pos="7,-23"];
	744 [pos="8,-23"];
	745 [pos="9,-23"];
	746 [pos="10,-23"];
	747 [pos="11,-23"];
	748 [pos="12,-23"];
	749 [pos="13,-23"];
	750 [pos="14,-23"];
	751 [pos="15,-23"];
	752 [pos="16,-23"];
	753 [pos="17,-23"];
	754 [pos="18,-23"];
	755 [pos="19,-23"];
	756 [pos="20,-23"];
	757 [pos="21,-23"];
	758 [pos="22,-23"];
	759 [pos="23,-23"];
	760 [pos="24,-23"];
	761 [pos="25,-23"];
	762 [pos="26,-23"];
	763 [pos="27,-23"];
	764 [pos="28,-23"];
	765 [pos="29,-23"];
	766 [pos="30,-23"];
	767 [pos="31,-23"];
	768 [pos="0,-24"];
	769 [pos="1,-24"];
	770 [pos="2,-24"];
	771 [pos="3,-24"];
	772 [pos="4,-24"];
	773 [pos="5,-24"];
	774 [pos="6,-24"];
	775 [pos="7,-24"];
	776 [pos="8,-24"];
	777 [pos="9,-24"];
	778 [pos="10,-24"];
	779 [pos="11,-24"];
	780 [pos="12,-24"];
	781 [pos="13,-24"];
	782 [pos="14,-24"];
	783 [pos="15,-24"];
	784 [pos="16,-24"];
	785 [pos="17,-24"];
	786 [pos="18,-24"];
	787 [pos="19,-24"];
	788 [pos="20,-24"];
	789 [pos="21,-24"];
	790 [pos="22,-24"];
	791 [pos="23,-24"];
	792 [pos="24,-24"];
	793 [pos="25,-24"];
	794 [pos="26,-24"];
	795 [pos="27,-24"];
	796 [pos="28,-24"];
	797 [pos="29,-24"];
	798 [pos="30,-24"];
	799 [pos="31,-24"];
	800 [pos="0,-25"];
	801 [pos="1,-25"];
	802 [pos="2,-25"];
	803 [pos="3,-25"];
	804 [pos="4,-25"];
	805 [pos="5,-25"];
	806 [pos="6,-25"];
	807 [pos="7,-25"];
	808 [pos="8,-25"];
	809 [pos="9,-25"];
	810 [pos="10,-25"];
	811 [pos="11,-25"];
	812 [pos="12,-25"];
	813 [pos="13,-25"];
	814 [pos="14,-25"];
	815 [pos="15,-25"];
	816 [pos="16,-25"];
	817 [pos="17,-25"];
	818 [pos="18,-25"];
	819 [pos="19,-25"];
	820 [pos="20,-25"];
	821 [pos="21,-25"];
	822 [pos="22,-25"];
	823 [pos="23,-25"];
	824 [pos="24,-25"];
	825 [pos="25,-25"];
	826 [pos="26,-25"];
	827 [pos="27,-25"];
	828 [pos="28,-25"];
	829 [pos="29,-25"];
	830 [pos="30,-25"];
	831 [pos="31,-25"];
	832 [pos="0,-26"];
	833 [pos="1,-26"];
	834 [pos="2,-26"];
	835 [pos="3,-26"];
	836 [pos="4,-26"];
	837 [pos="5,-26"];
	838 [pos="6,-26"];
	839 [pos="7,-26"];
	840 [pos="8,-26"];
	841 [pos="9,-26"];
	842 [pos="10,-26"];
	843 [pos="11,-26"];
	844 [pos="12,-26"];
	845 [pos="13,-26"];
	846 [pos="14,-26"];
	847 [pos="15,-26"];
	848 [pos="16,-26"];
	849 [pos="17,-26"];
	850 [pos="18,-26"];
	851 [pos="19,-26"];
	852 [pos="20,-26"];
	853 [pos="21,-26"];
	854 [pos="22,-26"];
	855 [pos="23,-26"];
	856 [pos="24,-26"];
	857 [pos="25,-26"];
	858 [pos="26,-26"];
	859 [pos="27,-26"];
	860 [pos="28,-26"];
	861 [pos="29,-26"];
	862 [pos="30,-26"];
	863 [pos="31,-26"];
	864 [pos="0,-27"];
	865 [pos="1,-27"];
	866 [pos="2,-27"];
	867 [pos="3,-27"];
	868 [pos="4,-27"];
	869 [pos="5,-27"];
	870 [pos="6,-27"];
	871 [pos="7,-27"];
	872 [pos="8,-27"];
	873 [pos="9,-27"];
	874 [pos="10,-27"];
	875 [pos="11,-27"];
	876 [pos="12,-27"];
	877 [pos="13,-27"];
	878 [pos="14,-27"];
	879 [pos="15,-27"];
	880 [pos="16,-27"];
	881 [pos="17,-27"];
	882 [pos="18,-27"];
	883 [pos="19,-27"];
	884 [pos="20,-27"];
	885 [pos="21,-27"];
	886 [pos="22,-27"];
	887 [pos="23,-27"];
	888 [pos="24,-27"];
	889 [pos="25,-27"];
	890 [pos="26,-27"];
	891 [pos="27,-27"];
	892 [pos="28,-27"];
	893 [pos="29,-27"];
	894 [pos="30,-27"];
	895 [pos="31,-27"];
	896 [pos="0,-28"];
	897 [pos="1,-28"];
	898 [pos="2,-28"];
	899 [pos="3,-28"];
	900 [pos="4,-28"];
	901 [pos="5,-28"];
	902 [pos="6,-28"];
	903 [pos="7,-28"];
	904 [pos="8,-28"];
	905 [pos="9,-28"];
	906 [pos="10,-28"];
	907 [pos="11,-28"];
	908 [pos="12,-28"];
	909 [pos="13,-28"];
	910 [pos="14,-28"];
	911 [pos="15,-28"];
	912 [pos="16,-28"];
	913 [pos="17,-28"];
	914 [pos="18,-28"];
	915 [pos="19,-28"];
	916 [pos="20,-28"];
	917 [pos="21,-28"];
	918 [pos="22,-28"];
	919 [pos="23,-28"];
	920 [pos="24,-28"];
	921 [pos="25,-28"];
	922 [pos="26,-28"];
	923 [pos="27,-28"];
	924 [pos="28,-28"];
	925 [pos="29,-28"];
	926 [pos="30,-28"];
	927 [pos="31,-28"];
	928 [pos="0,-29"];
	929 [pos="1,-29"];
	930 [pos="2,-29"];
	931 [pos="3,-29"];
	932 [pos="4,-29"];
	933 [pos="5,-29"];
	934 [pos="6,-29"];
	935 [pos="7,-29"];
	936 [pos="8,-29"];
	937 [pos="9,-29"];
	938 [pos="10,-29"];
	939 [pos="11,-29"];
	940 [pos="12,-29"];
	941 [pos="13,-29"];
	942 [pos="14,-29"];
	943 [pos="15,-29"];
	944 [pos="16,-29"];
	945 [pos="17,-29"];
	946 [pos="18,-29"];
	947 [pos="19,-29"];
	948 [pos="20,-29"];
	949 [pos="21,-29"];
	950 [pos="22,-29"];
	951 [pos="23,-29"];
	952 [pos="24,-29"];
	953 [pos="25,-29"];
	954 [pos="26,-29"];
	955 [pos="27,-29"];
	956 [pos="28,-29"];
	957 [pos="29,-29"];
	958 [pos="30,-29"];
	959 [pos="31,-29"];
	960 [pos="0,-30"];
	961 [pos="1,-30"];
	962 [pos="2,-30"];
	963 [pos="3,-30"];
	964 [pos="4,-30"];
	965 [pos="5,-30"];
	966 [pos="6,-30"];
	967 [pos="7,-30"];
	968 [pos="8,-30"];
	969 [pos="9,-30"];
	970 [pos="10,-30"];
	971 [pos="11,-30"];
	972 [pos="12,-30"];
	973 [pos="13,-30"];
	974 [pos="14,-30"];
	975 [pos="15,-30"];
	976 [pos="16,-30"];
	977 [pos="17,-30"];
	978 [pos="18,-30"];
	979 [pos="19,-30"];
	980 [pos="20,-30"];
	981 [pos="21,-30"];
	982 [pos="22,-30"];
	983 [pos="23,-30"];
	984 [pos="24,-30"];
	985 [pos="25,-30"];
	986 [pos="26,-30"];
	987 [pos="27,-30"];
	988 [pos="28,-30"];
	989 [pos="29,-30"];
	990 [pos="30,-30"];
	991 [pos="31,-30"];
	992 [pos="0,-31"];
	993 [pos="1,-31"];
	994 [pos="2,-31"];
	995 [pos="3,-31"];
	996 [pos="4,-31"];
	997 [pos="5,-31"];
	998 [pos="6,-31"];
	999 [pos="7,-31"];
	1000 [pos="8,-31"];
	1001 [pos="9,-31"];
	1002 [pos="10,-31"];
	1003 [pos="11,-31"];
	1004 [pos="12,-31"];
	1005 [pos="13,-31"];
	1006 [pos="14,-31"];
	1007 [pos="15,-31"];
	1008 [pos="16,-31"];
	1009 [pos="17,-31"];
	1010 [pos="18,-31"];
	1011 [pos="19,-31"];
	1012 [pos="20,-31"];
	1013 [pos="21,-31"];
	1014 [pos="22,-31"];
	1015 [pos="23,-31"];
	1016 [pos="24,-31"];
	1017 [pos="25,-31"];
	1018 [pos="26,-31"];
	1019 [pos="27,-31"];
	1020 [pos="28,-31"];
	1021 [pos="29,-31"];
	1022 [pos="30,-31"];
	1023 [pos="31,-31"];
}
