graph G {
	node[pin=true];
	0 -- 1;
	1 -- 2;
	2 -- 3;
	3 -- 4;
	4 -- 5;
	5 -- 6;
	6 -- 7;
	7 -- 8;
	8 -- 9;
	9 -- 10;
	10 -- 11;
	11 -- 12;
	12 -- 13;
	13 -- 14;
	14 -- 15;
	15 -- 16;
	16 -- 17;
	17 -- 18;
	18 -- 19;
	19 -- 20;
	20 -- 21;
	21 -- 22;
	22 -- 23;
	23 -- 24;
	24 -- 25;
	25 -- 26;
	26 -- 27;
	27 -- 28;
	28 -- 29;
	29 -- 30;
	30 -- 31;
	31 -- 63;
	32 -- 33;
	32 -- 64;
	33 -- 34;
	34 -- 35;
	35 -- 36;
	36 -- 37;
	37 -- 38;
	38 -- 39;
	39 -- 40;
	40 -- 41;
	41 -- 42;
	42 -- 43;
	43 -- 44;
	44 -- 45;
	45 -- 46;
	46 -- 47;
	47 -- 48;
	48 -- 49;
	49 -- 50;
	50 -- 51;
	51 -- 52;
	52 -- 53;
	53 -- 54;
	54 -- 55;
	55 -- 56;
	56 -- 57;
	57 -- 58;
	58 -- 59;
	59 -- 60;
	60 -- 61;
	61 -- 62;
	62 -- 63;
	64 -- 65;
	65 -- 66;
	66 -- 67;
	67 -- 68;
	68 -- 69;
	69 -- 70;
	70 -- 71;
	71 -- 72;
	72 -- 73;
	73 -- 74;
	74 -- 75;
	75 -- 76;
	76 -- 77;
	77 -- 78;
	78 -- 79;
	79 -- 80;
	80 -- 81;
	81 -- 82;
	82 -- 83;
	83 -- 84;
	84 -- 85;
	85 -- 86;
	86 -- 87;
	87 -- 88;
	88 -- 89;
	89 -- 90;
	90 -- 91;
	91 -- 92;
	92 -- 93;
	93 -- 94;
	94 -- 95;
	95 -- 127;
	96 -- 97;
	96 -- 128;
	97 -- 98;
	98 -- 99;
	99 -- 100;
	100 -- 101;
	101 -- 102;
	102 -- 103;
	103 -- 104;
	104 -- 105;
	105 -- 106;
	106 -- 107;
	107 -- 108;
	108 -- 109;
	109 -- 110;
	110 -- 111;
	111 -- 112;
	112 -- 113;
	113 -- 114;
	114 -- 115;
	115 -- 116;
	116 -- 117;
	117 -- 118;
	118 -- 119;
	119 -- 120;
	120 -- 121;
	121 -- 122;
	122 -- 123;
	123 -- 124;
	124 -- 125;
	125 -- 126;
	126 -- 127;
	128 -- 129;
	129 -- 130;
	130 -- 131;
	131 -- 132;
	132 -- 133;
	133 -- 134;
	134 -- 135;
	135 -- 136;
	136 -- 137;
	137 -- 138;
	138 -- 139;
	139 -- 140;
	140 -- 141;
	141 -- 142;
	142 -- 143;
	143 -- 144;
	144 -- 145;
	145 -- 146;
	146 -- 147;
	147 -- 148;
	148 -- 149;
	149 -- 150;
	150 -- 151;
	151 -- 152;
	152 -- 153;
	153 -- 154;
	154 -- 155;
	155 -- 156;
	156 -- 157;
	157 -- 158;
	158 -- 159;
	159 -- 191;
	160 -- 161;
	160 -- 192;
	161 -- 162;
	162 -- 163;
	163 -- 164;
	164 -- 165;
	165 -- 166;
	166 -- 167;
	167 -- 168;
	168 -- 169;
	169 -- 170;
	170 -- 171;
	171 -- 172;
	172 -- 173;
	173 -- 174;
	174 -- 175;
	175 -- 176;
	176 -- 177;
	177 -- 178;
	178 -- 179;
	179 -- 180;
	180 -- 181;
	181 -- 182;
	182 -- 183;
	183 -- 184;
	184 -- 185;
	185 -- 186;
	186 -- 187;
	187 -- 188;
	188 -- 189;
	189 -- 190;
	190 -- 191;
	192 -- 193;
	193 -- 194;
	194 -- 195;
	195 -- 196;
	196 -- 197;
	197 -- 198;
	198 -- 199;
	199 -- 200;
	200 -- 201;
	201 -- 202;
	202 -- 203;
	203 -- 204;
	204 -- 205;
	205 -- 206;
	206 -- 207;
	207 -- 208;
	208 -- 209;
	209 -- 210;
	210 -- 211;
	211 -- 212;
	212 -- 213;
	213 -- 214;
	214 -- 215;
	215 -- 216;
	216 -- 217;
	217 -- 218;
	218 -- 219;
	219 -- 220;
	220 -- 221;
	221 -- 222;
	222 -- 223;
	223 -- 255;
	224 -- 225;
	224 -- 256;
	225 -- 226;
	226 -- 227;
	227 -- 228;
	228 -- 229;
	229 -- 230;
	230 -- 231;
	231 -- 232;
	232 -- 233;
	233 -- 234;
	234 -- 235;
	235 -- 236;
	236 -- 237;
	237 -- 238;
	238 -- 239;
	239 -- 240;
	240 -- 241;
	241 -- 242;
	242 -- 243;
	243 -- 244;
	244 -- 245;
	245 -- 246;
	246 -- 247;
	247 -- 248;
	248 -- 249;
	249 -- 250;
	250 -- 251;
	251 -- 252;
	252 -- 253;
	253 -- 254;
	254 -- 255;
	256 -- 257;
	257 -- 258;
	258 -- 259;
	259 -- 260;
	260 -- 261;
	261 -- 262;
	262 -- 263;
	263 -- 264;
	264 -- 265;
	265 -- 266;
	266 -- 267;
	267 -- 268;
	268 -- 269;
	269 -- 270;
	270 -- 271;
	271 -- 272;
	272 -- 273;
	273 -- 274;
	274 -- 275;
	275 -- 276;
	276 -- 277;
	277 -- 278;
	278 -- 279;
	279 -- 280;
	280 -- 281;
	281 -- 282;
	282 -- 283;
	283 -- 284;
	284 -- 285;
	285 -- 286;
	286 -- 287;
	287 -- 319;
	288 -- 289;
	288 -- 320;
	289 -- 290;
	290 -- 291;
	291 -- 292;
	292 -- 293;
	293 -- 294;
	294 -- 295;
	295 -- 296;
	296 -- 297;
	297 -- 298;
	298 -- 299;
	299 -- 300;
	300 -- 301;
	301 -- 302;
	302 -- 303;
	303 -- 304;
	304 -- 305;
	305 -- 306;
	306 -- 307;
	307 -- 308;
	308 -- 309;
	309 -- 310;
	310 -- 311;
	311 -- 312;
	312 -- 313;
	313 -- 314;
	314 -- 315;
	315 -- 316;
	316 -- 317;
	317 -- 318;
	318 -- 319;
	320 -- 321;
	321 -- 322;
	322 -- 323;
	323 -- 324;
	324 -- 325;
	325 -- 326;
	326 -- 327;
	327 -- 328;
	328 -- 329;
	329 -- 330;
	330 -- 331;
	331 -- 332;
	332 -- 333;
	333 -- 334;
	334 -- 335;
	335 -- 336;
	336 -- 337;
	337 -- 338;
	338 -- 339;
	339 -- 340;
	340 -- 341;
	341 -- 342;
	342 -- 343;
	343 -- 344;
	344 -- 345;
	345 -- 346;
	346 -- 347;
	347 -- 348;
	348 -- 349;
	349 -- 350;
	350 -- 351;
	351 -- 383;
	352 -- 353;
	352 -- 384;
	353 -- 354;
	354 -- 355;
	355 -- 356;
	356 -- 357;
	357 -- 358;
	358 -- 359;
	359 -- 360;
	360 -- 361;
	361 -- 362;
	362 -- 363;
	363 -- 364;
	364 -- 365;
	365 -- 366;
	366 -- 367;
	367 -- 368;
	368 -- 369;
	369 -- 370;
	370 -- 371;
	371 -- 372;
	372 -- 373;
	373 -- 374;
	374 -- 375;
	375 -- 376;
	376 -- 377;
	377 -- 378;
	378 -- 379;
	379 -- 380;
	380 -- 381;
	381 -- 382;
	382 -- 383;
	384 -- 385;
	385 -- 386;
	386 -- 387;
	387 -- 388;
	388 -- 389;
	389 -- 390;
	390 -- 391;
	391 -- 392;
	392 -- 393;
	393 -- 394;
	394 -- 395;
	395 -- 396;
	396 -- 397;
	397 -- 398;
	398 -- 399;
	399 -- 400;
	400 -- 401;
	401 -- 402;
	402 -- 403;
	403 -- 404;
	404 -- 405;
	405 -- 406;
	406 -- 407;
	407 -- 408;
	408 -- 409;
	409 -- 410;
	410 -- 411;
	411 -- 412;
	412 -- 413;
	413 -- 414;
	414 -- 415;
	415 -- 447;
	416 -- 417;
	416 -- 448;
	417 -- 418;
	418 -- 419;
	419 -- 420;
	420 -- 421;
	421 -- 422;
	422 -- 423;
	423 -- 424;
	424 -- 425;
	425 -- 426;
	426 -- 427;
	427 -- 428;
	428 -- 429;
	429 -- 430;
	430 -- 431;
	431 -- 432;
	432 -- 433;
	433 -- 434;
	434 -- 435;
	435 -- 436;
	436 -- 437;
	437 -- 438;
	438 -- 439;
	439 -- 440;
	440 -- 441;
	441 -- 442;
	442 -- 443;
	443 -- 444;
	444 -- 445;
	445 -- 446;
	446 -- 447;
	448 -- 449;
	449 -- 450;
	450 -- 451;
	451 -- 452;
	452 -- 453;
	453 -- 454;
	454 -- 455;
	455 -- 456;
	456 -- 457;
	457 -- 458;
	458 -- 459;
	459 -- 460;
	460 -- 461;
	461 -- 462;
	462 -- 463;
	463 -- 464;
	464 -- 465;
	465 -- 466;
	466 -- 467;
	467 -- 468;
	468 -- 469;
	469 -- 470;
	470 -- 471;
	471 -- 472;
	472 -- 473;
	473 -- 474;
	474 -- 475;
	475 -- 476;
	476 -- 477;
	477 -- 478;
	478 -- 479;
	479 -- 511;
	480 -- 481;
	481 -- 482;
	482 -- 483;
	483 -- 484;
	484 -- 485;
	485 -- 486;
	486 -- 487;
	487 -- 488;
	488 -- 489;
	489 -- 490;
	490 -- 491;
	491 -- 492;
	492 -- 493;
	493 -- 494;
	494 -- 495;
	495 -- 496;
	496 -- 497;
	497 -- 498;
	498 -- 499;
	499 -- 500;
	500 -- 501;
	501 -- 502;
	502 -- 503;
	503 -- 504;
	504 -- 505;
	505 -- 506;
	506 -- 507;
	507 -- 508;
	508 -- 509;
	509 -- 510;
	510 -- 511;
	0 [pos="0,0"];
	1 [pos="1,0"];
	2 [pos="2,0"];
	3 [pos="3,0"];
	4 [pos="4,0"];
	5 [pos="5,0"];
	6 [pos="6,0"];
	7 [pos="7,0"];
	8 [pos="8,0"];
	9 [pos="9,0"];
	10 [pos="10,0"];
	11 [pos="11,0"];
	12 [pos="12,0"];
	13 [pos="13,0"];
	14 [pos="14,0"];
	15 [pos="15,0"];
	16 [pos="16,0"];
	17 [pos="17,0"];
	18 [pos="18,0"];
	19 [pos="19,0"];
	20 [pos="20,0"];
	21 [pos="21,0"];
	22 [pos="22,0"];
	23 [pos="23,0"];
	24 [pos="24,0"];
	25 [pos="25,0"];
	26 [pos="26,0"];
	27 [pos="27,0"];
	28 [pos="28,0"];
	29 [pos="29,0"];
	30 [pos="30,0"];
	31 [pos="31,0"];
	32 [pos="0,-1"];
	33 [pos="1,-1"];
	34 [pos="2,-1"];
	35 [pos="3,-1"];
	36 [pos="4,-1"];
	37 [pos="5,-1"];
	38 [pos="6,-1"];
	39 [pos="7,-1"];
	40 [pos="8,-1"];
	41 [pos="9,-1"];
	42 [pos="10,-1"];
	43 [pos="11,-1"];
	44 [pos="12,-1"];
	45 [pos="13,-1"];
	46 [pos="14,-1"];
	47 [pos="15,-1"];
	48 [pos="16,-1"];
	49 [pos="17,-1"];
	50 [pos="18,-1"];
	51 [pos="19,-1"];
	52 [pos="20,-1"];
	53 [pos="21,-1"];
	54 [pos="22,-1"];
	55 [pos="23,-1"];
	56 [pos="24,-1"];
	57 [pos="25,-1"];
	58 [pos="26,-1"];
	59 [pos="27,-1"];
	60 [pos="28,-1"];
	61 [pos="29,-1"];
	62 [pos="30,-1"];
	63 [pos="31,-1"];
	64 [pos="0,-2"];
	65 [pos="1,-2"];
	66 [pos="2,-2"];
	67 [pos="3,-2"];
	68 [pos="4,-2"];
	69 [pos="5,-2"];
	70 [pos="6,-2"];
	71 [pos="7,-2"];
	72 [pos="8,-2"];
	73 [pos="9,-2"];
	74 [pos="10,-2"];
	75 [pos="11,-2"];
	76 [pos="12,-2"];
	77 [pos="13,-2"];
	78 [pos="14,-2"];
	79 [pos="15,-2"];
	80 [pos="16,-2"];
	81 [pos="17,-2"];
	82 [pos="18,-2"];
	83 [pos="19,-2"];
	84 [pos="20,-2"];
	85 [pos="21,-2"];
	86 [pos="22,-2"];
	87 [pos="23,-2"];
	88 [pos="24,-2"];
	89 [pos="25,-2"];
	90 [pos="26,-2"];
	91 [pos="27,-2"];
	92 [pos="28,-2"];
	93 [pos="29,-2"];
	94 [pos="30,-2"];
	95 [pos="31,-2"];
	96 [pos="0,-3"];
	97 [pos="1,-3"];
	98 [pos="2,-3"];
	99 [pos="3,-3"];
	100 [pos="4,-3"];
	101 [pos="5,-3"];
	102 [pos="6,-3"];
	103 [pos="7,-3"];
	104 [pos="8,-3"];
	105 [pos="9,-3"];
	106 [pos="10,-3"];
	107 [pos="11,-3"];
	108 [pos="12,-3"];
	109 [pos="13,-3"];
	110 [pos="14,-3"];
	111 [pos="15,-3"];
	112 [pos="16,-3"];
	113 [pos="17,-3"];
	114 [pos="18,-3"];
	115 [pos="19,-3"];
	116 [pos="20,-3"];
	117 [pos="21,-3"];
	118 [pos="22,-3"];
	119 [pos="23,-3"];
	120 [pos="24,-3"];
	121 [pos="25,-3"];
	122 [pos="26,-3"];
	123 [pos="27,-3"];
	124 [pos="28,-3"];
	125 [pos="29,-3"];
	126 [pos="30,-3"];
	127 [pos="31,-3"];
	128 [pos="0,-4"];
	129 [pos="1,-4"];
	130 [pos="2,-4"];
	131 [pos="3,-4"];
	132 [pos="4,-4"];
	133 [pos="5,-4"];
	134 [pos="6,-4"];
	135 [pos="7,-4"];
	136 [pos="8,-4"];
	137 [pos="9,-4"];
	138 [pos="10,-4"];
	139 [pos="11,-4"];
	140 [pos="12,-4"];
	141 [pos="13,-4"];
	142 [pos="14,-4"];
	143 [pos="15,-4"];
	144 [pos="16,-4"];
	145 [pos="17,-4"];
	146 [pos="18,-4"];
	147 [pos="19,-4"];
	148 [pos="20,-4"];
	149 [pos="21,-4"];
	150 [pos="22,-4"];
	151 [pos="23,-4"];
	152 [pos="24,-4"];
	153 [pos="25,-4"];
	154 [pos="26,-4"];
	155 [pos="27,-4"];
	156 [pos="28,-4"];
	157 [pos="29,-4"];
	158 [pos="30,-4"];
	159 [pos="31,-4"];
	160 [pos="0,-5"];
	161 [pos="1,-5"];
	162 [pos="2,-5"];
	163 [pos="3,-5"];
	164 [pos="4,-5"];
	165 [pos="5,-5"];
	166 [pos="6,-5"];
	167 [pos="7,-5"];
	168 [pos="8,-5"];
	169 [pos="9,-5"];
	170 [pos="10,-5"];
	171 [pos="11,-5"];
	172 [pos="12,-5"];
	173 [pos="13,-5"];
	174 [pos="14,-5"];
	175 [pos="15,-5"];
	176 [pos="16,-5"];
	177 [pos="17,-5"];
	178 [pos="18,-5"];
	179 [pos="19,-5"];
	180 [pos="20,-5"];
	181 [pos="21,-5"];
	182 [pos="22,-5"];
	183 [pos="23,-5"];
	184 [pos="24,-5"];
	185 [pos="25,-5"];
	186 [pos="26,-5"];
	187 [pos="27,-5"];
	188 [pos="28,-5"];
	189 [pos="29,-5"];
	190 [pos="30,-5"];
	191 [pos="31,-5"];
	192 [pos="0,-6"];
	193 [pos="1,-6"];
	194 [pos="2,-6"];
	195 [pos="3,-6"];
	196 [pos="4,-6"];
	197 [pos="5,-6"];
	198 [pos="6,-6"];
	199 [pos="7,-6"];
	200 [pos="8,-6"];
	201 [pos="9,-6"];
	202 [pos="10,-6"];
	203 [pos="11,-6"];
	204 [pos="12,-6"];
	205 [pos="13,-6"];
	206 [pos="14,-6"];
	207 [pos="15,-6"];
	208 [pos="16,-6"];
	209 [pos="17,-6"];
	210 [pos="18,-6"];
	211 [pos="19,-6"];
	212 [pos="20,-6"];
	213 [pos="21,-6"];
	214 [pos="22,-6"];
	215 [pos="23,-6"];
	216 [pos="24,-6"];
	217 [pos="25,-6"];
	218 [pos="26,-6"];
	219 [pos="27,-6"];
	220 [pos="28,-6"];
	221 [pos="29,-6"];
	222 [pos="30,-6"];
	223 [pos="31,-6"];
	224 [pos="0,-7"];
	225 [pos="1,-7"];
	226 [pos="2,-7"];
	227 [pos="3,-7"];
	228 [pos="4,-7"];
	229 [pos="5,-7"];
	230 [pos="6,-7"];
	231 [pos="7,-7"];
	232 [pos="8,-7"];
	233 [pos="9,-7"];
	234 [pos="10,-7"];
	235 [pos="11,-7"];
	236 [pos="12,-7"];
	237 [pos="13,-7"];
	238 [pos="14,-7"];
	239 [pos="15,-7"];
	240 [pos="16,-7"];
	241 [pos="17,-7"];
	242 [pos="18,-7"];
	243 [pos="19,-7"];
	244 [pos="20,-7"];
	245 [pos="21,-7"];
	246 [pos="22,-7"];
	247 [pos="23,-7"];
	248 [pos="24,-7"];
	249 [pos="25,-7"];
	250 [pos="26,-7"];
	251 [pos="27,-7"];
	252 [pos="28,-7"];
	253 [pos="29,-7"];
	254 [pos="30,-7"];
	255 [pos="31,-7"];
	256 [pos="0,-8"];
	257 [pos="1,-8"];
	258 [pos="2,-8"];
	259 [pos="3,-8"];
	260 [pos="4,-8"];
	261 [pos="5,-8"];
	262 [pos="6,-8"];
	263 [pos="7,-8"];
	264 [pos="8,-8"];
	265 [pos="9,-8"];
	266 [pos="10,-8"];
	267 [pos="11,-8"];
	268 [pos="12,-8"];
	269 [pos="13,-8"];
	270 [pos="14,-8"];
	271 [pos="15,-8"];
	272 [pos="16,-8"];
	273 [pos="17,-8"];
	274 [pos="18,-8"];
	275 [pos="19,-8"];
	276 [pos="20,-8"];
	277 [pos="21,-8"];
	278 [pos="22,-8"];
	279 [pos="23,-8"];
	280 [pos="24,-8"];
	281 [pos="25,-8"];
	282 [pos="26,-8"];
	283 [pos="27,-8"];
	284 [pos="28,-8"];
	285 [pos="29,-8"];
	286 [pos="30,-8"];
	287 [pos="31,-8"];
	288 [pos="0,-9"];
	289 [pos="1,-9"];
	290 [pos="2,-9"];
	291 [pos="3,-9"];
	292 [pos="4,-9"];
	293 [pos="5,-9"];
	294 [pos="6,-9"];
	295 [pos="7,-9"];
	296 [pos="8,-9"];
	297 [pos="9,-9"];
	298 [pos="10,-9"];
	299 [pos="11,-9"];
	300 [pos="12,-9"];
	301 [pos="13,-9"];
	302 [pos="14,-9"];
	303 [pos="15,-9"];
	304 [pos="16,-9"];
	305 [pos="17,-9"];
	306 [pos="18,-9"];
	307 [pos="19,-9"];
	308 [pos="20,-9"];
	309 [pos="21,-9"];
	310 [pos="22,-9"];
	311 [pos="23,-9"];
	312 [pos="24,-9"];
	313 [pos="25,-9"];
	314 [pos="26,-9"];
	315 [pos="27,-9"];
	316 [pos="28,-9"];
	317 [pos="29,-9"];
	318 [pos="30,-9"];
	319 [pos="31,-9"];
	320 [pos="0,-10"];
	321 [pos="1,-10"];
	322 [pos="2,-10"];
	323 [pos="3,-10"];
	324 [pos="4,-10"];
	325 [pos="5,-10"];
	326 [pos="6,-10"];
	327 [pos="7,-10"];
	328 [pos="8,-10"];
	329 [pos="9,-10"];
	330 [pos="10,-10"];
	331 [pos="11,-10"];
	332 [pos="12,-10"];
	333 [pos="13,-10"];
	334 [pos="14,-10"];
	335 [pos="15,-10"];
	336 [pos="16,-10"];
	337 [pos="17,-10"];
	338 [pos="18,-10"];
	339 [pos="19,-10"];
	340 [pos="20,-10"];
	341 [pos="21,-10"];
	342 [pos="22,-10"];
	343 [pos="23,-10"];
	344 [pos="24,-10"];
	345 [pos="25,-10"];
	346 [pos="26,-10"];
	347 [pos="27,-10"];
	348 [pos="28,-10"];
	349 [pos="29,-10"];
	350 [pos="30,-10"];
	351 [pos="31,-10"];
	352 [pos="0,-11"];
	353 [pos="1,-11"];
	354 [pos="2,-11"];
	355 [pos="3,-11"];
	356 [pos="4,-11"];
	357 [pos="5,-11"];
	358 [pos="6,-11"];
	359 [pos="7,-11"];
	360 [pos="8,-11"];
	361 [pos="9,-11"];
	362 [pos="10,-11"];
	363 [pos="11,-11"];
	364 [pos="12,-11"];
	365 [pos="13,-11"];
	366 [pos="14,-11"];
	367 [pos="15,-11"];
	368 [pos="16,-11"];
	369 [pos="17,-11"];
	370 [pos="18,-11"];
	371 [pos="19,-11"];
	372 [pos="20,-11"];
	373 [pos="21,-11"];
	374 [pos="22,-11"];
	375 [pos="23,-11"];
	376 [pos="24,-11"];
	377 [pos="25,-11"];
	378 [pos="26,-11"];
	379 [pos="27,-11"];
	380 [pos="28,-11"];
	381 [pos="29,-11"];
	382 [pos="30,-11"];
	383 [pos="31,-11"];
	384 [pos="0,-12"];
	385 [pos="1,-12"];
	386 [pos="2,-12"];
	387 [pos="3,-12"];
	388 [pos="4,-12"];
	389 [pos="5,-12"];
	390 [pos="6,-12"];
	391 [pos="7,-12"];
	392 [pos="8,-12"];
	393 [pos="9,-12"];
	394 [pos="10,-12"];
	395 [pos="11,-12"];
	396 [pos="12,-12"];
	397 [pos="13,-12"];
	398 [pos="14,-12"];
	399 [pos="15,-12"];
	400 [pos="16,-12"];
	401 [pos="17,-12"];
	402 [pos="18,-12"];
	403 [pos="19,-12"];
	404 [pos="20,-12"];
	405 [pos="21,-12"];
	406 [pos="22,-12"];
	407 [pos="23,-12"];
	408 [pos="24,-12"];
	409 [pos="25,-12"];
	410 [pos="26,-12"];
	411 [pos="27,-12"];
	412 [pos="28,-12"];
	413 [pos="29,-12"];
	414 [pos="30,-12"];
	415 [pos="31,-12"];
	416 [pos="0,-13"];
	417 [pos="1,-13"];
	418 [pos="2,-13"];
	419 [pos="3,-13"];
	420 [pos="4,-13"];
	421 [pos="5,-13"];
	422 [pos="6,-13"];
	423 [pos="7,-13"];
	424 [pos="8,-13"];
	425 [pos="9,-13"];
	426 [pos="10,-13"];
	427 [pos="11,-13"];
	428 [pos="12,-13"];
	429 [pos="13,-13"];
	430 [pos="14,-13"];
	431 [pos="15,-13"];
	432 [pos="16,-13"];
	433 [pos="17,-13"];
	434 [pos="18,-13"];
	435 [pos="19,-13"];
	436 [pos="20,-13"];
	437 [pos="21,-13"];
	438 [pos="22,-13"];
	439 [pos="23,-13"];
	440 [pos="24,-13"];
	441 [pos="25,-13"];
	442 [pos="26,-13"];
	443 [pos="27,-13"];
	444 [pos="28,-13"];
	445 [pos="29,-13"];
	446 [pos="30,-13"];
	447 [pos="31,-13"];
	448 [pos="0,-14"];
	449 [pos="1,-14"];
	450 [pos="2,-14"];
	451 [pos="3,-14"];
	452 [pos="4,-14"];
	453 [pos="5,-14"];
	454 [pos="6,-14"];
	455 [pos="7,-14"];
	456 [pos="8,-14"];
	457 [pos="9,-14"];
	458 [pos="10,-14"];
	459 [pos="11,-14"];
	460 [pos="12,-14"];
	461 [pos="13,-14"];
	462 [pos="14,-14"];
	463 [pos="15,-14"];
	464 [pos="16,-14"];
	465 [pos="17,-14"];
	466 [pos="18,-14"];
	467 [pos="19,-14"];
	468 [pos="20,-14"];
	469 [pos="21,-14"];
	470 [pos="22,-14"];
	471 [pos="23,-14"];
	472 [pos="24,-14"];
	473 [pos="25,-14"];
	474 [pos="26,-14"];
	475 [pos="27,-14"];
	476 [pos="28,-14"];
	477 [pos="29,-14"];
	478 [pos="30,-14"];
	479 [pos="31,-14"];
	480 [pos="0,-15"];
	481 [pos="1,-15"];
	482 [pos="2,-15"];
	483 [pos="3,-15"];
	484 [pos="4,-15"];
	485 [pos="5,-15"];
	486 [pos="6,-15"];
	487 [pos="7,-15"];
	488 [pos="8,-15"];
	489 [pos="9,-15"];
	490 [pos="10,-15"];
	491 [pos="11,-15"];
	492 [pos="12,-15"];
	493 [pos="13,-15"];
	494 [pos="14,-15"];
	495 [pos="15,-15"];
	496 [pos="16,-15"];
	497 [pos="17,-15"];
	498 [pos="18,-15"];
	499 [pos="19,-15"];
	500 [pos="20,-15"];
	501 [pos="21,-15"];
	502 [pos="22,-15"];
	503 [pos="23,-15"];
	504 [pos="24,-15"];
	505 [pos="25,-15"];
	506 [pos="26,-15"];
	507 [pos="27,-15"];
	508 [pos="28,-15"];
	509 [pos="29,-15"];
	510 [pos="30,-15"];
	511 [pos="31,-15"];
}
