graph G {
	node[pin=true];
	0 -- 1;
	0 -- 16;
	1 -- 2;
	1 -- 17;
	2 -- 3;
	2 -- 18;
	3 -- 4;
	3 -- 19;
	4 -- 5;
	4 -- 20;
	5 -- 6;
	5 -- 21;
	6 -- 7;
	6 -- 22;
	7 -- 8;
	7 -- 23;
	8 -- 9;
	8 -- 24;
	9 -- 10;
	9 -- 25;
	10 -- 11;
	10 -- 26;
	11 -- 12;
	11 -- 27;
	12 -- 13;
	12 -- 28;
	13 -- 14;
	13 -- 29;
	14 -- 15;
	14 -- 30;
	15 -- 31;
	16 -- 17;
	16 -- 32;
	17 -- 18;
	17 -- 33;
	18 -- 19;
	18 -- 34;
	19 -- 20;
	19 -- 35;
	20 -- 21;
	20 -- 36;
	21 -- 22;
	21 -- 37;
	22 -- 23;
	22 -- 38;
	23 -- 24;
	23 -- 39;
	24 -- 25;
	24 -- 40;
	25 -- 26;
	25 -- 41;
	26 -- 27;
	26 -- 42;
	27 -- 28;
	27 -- 43;
	28 -- 29;
	28 -- 44;
	29 -- 30;
	29 -- 45;
	30 -- 31;
	30 -- 46;
	31 -- 47;
	32 -- 33;
	32 -- 48;
	33 -- 34;
	33 -- 49;
	34 -- 35;
	34 -- 50;
	35 -- 36;
	35 -- 51;
	36 -- 37;
	36 -- 52;
	37 -- 38;
	37 -- 53;
	38 -- 39;
	38 -- 54;
	39 -- 40;
	39 -- 55;
	40 -- 41;
	40 -- 56;
	41 -- 42;
	41 -- 57;
	42 -- 43;
	42 -- 58;
	43 -- 44;
	43 -- 59;
	44 -- 45;
	44 -- 60;
	45 -- 46;
	45 -- 61;
	46 -- 47;
	46 -- 62;
	47 -- 63;
	48 -- 49;
	48 -- 64;
	49 -- 50;
	49 -- 65;
	50 -- 51;
	50 -- 66;
	51 -- 52;
	51 -- 67;
	52 -- 53;
	52 -- 68;
	53 -- 54;
	53 -- 69;
	54 -- 55;
	54 -- 70;
	55 -- 56;
	55 -- 71;
	56 -- 57;
	56 -- 72;
	57 -- 58;
	57 -- 73;
	58 -- 59;
	58 -- 74;
	59 -- 60;
	59 -- 75;
	60 -- 61;
	60 -- 76;
	61 -- 62;
	61 -- 77;
	62 -- 63;
	62 -- 78;
	63 -- 79;
	64 -- 65;
	64 -- 80;
	65 -- 66;
	65 -- 81;
	66 -- 67;
	66 -- 82;
	67 -- 68;
	67 -- 83;
	68 -- 69;
	68 -- 84;
	69 -- 70;
	69 -- 85;
	70 -- 71;
	70 -- 86;
	71 -- 72;
	71 -- 87;
	72 -- 73;
	72 -- 88;
	73 -- 74;
	73 -- 89;
	74 -- 75;
	74 -- 90;
	75 -- 76;
	75 -- 91;
	76 -- 77;
	76 -- 92;
	77 -- 78;
	77 -- 93;
	78 -- 79;
	78 -- 94;
	79 -- 95;
	80 -- 81;
	80 -- 96;
	81 -- 82;
	81 -- 97;
	82 -- 83;
	82 -- 98;
	83 -- 84;
	83 -- 99;
	84 -- 85;
	84 -- 100;
	85 -- 86;
	85 -- 101;
	86 -- 87;
	86 -- 102;
	87 -- 88;
	87 -- 103;
	88 -- 89;
	88 -- 104;
	89 -- 90;
	89 -- 105;
	90 -- 91;
	90 -- 106;
	91 -- 92;
	91 -- 107;
	92 -- 93;
	92 -- 108;
	93 -- 94;
	93 -- 109;
	94 -- 95;
	94 -- 110;
	95 -- 111;
	96 -- 97;
	96 -- 112;
	97 -- 98;
	97 -- 113;
	98 -- 99;
	98 -- 114;
	99 -- 100;
	99 -- 115;
	100 -- 101;
	100 -- 116;
	101 -- 102;
	101 -- 117;
	102 -- 103;
	102 -- 118;
	103 -- 104;
	103 -- 119;
	104 -- 105;
	104 -- 120;
	105 -- 106;
	105 -- 121;
	106 -- 107;
	106 -- 122;
	107 -- 108;
	107 -- 123;
	108 -- 109;
	108 -- 124;
	109 -- 110;
	109 -- 125;
	110 -- 111;
	110 -- 126;
	111 -- 127;
	112 -- 113;
	112 -- 128;
	113 -- 114;
	113 -- 129;
	114 -- 115;
	114 -- 130;
	115 -- 116;
	115 -- 131;
	116 -- 117;
	116 -- 132;
	117 -- 118;
	117 -- 133;
	118 -- 119;
	118 -- 134;
	119 -- 120;
	119 -- 135;
	120 -- 121;
	120 -- 136;
	121 -- 122;
	121 -- 137;
	122 -- 123;
	122 -- 138;
	123 -- 124;
	123 -- 139;
	124 -- 125;
	124 -- 140;
	125 -- 126;
	125 -- 141;
	126 -- 127;
	126 -- 142;
	127 -- 143;
	128 -- 129;
	128 -- 144;
	129 -- 130;
	129 -- 145;
	130 -- 131;
	130 -- 146;
	131 -- 132;
	131 -- 147;
	132 -- 133;
	132 -- 148;
	133 -- 134;
	133 -- 149;
	134 -- 135;
	134 -- 150;
	135 -- 136;
	135 -- 151;
	136 -- 137;
	136 -- 152;
	137 -- 138;
	137 -- 153;
	138 -- 139;
	138 -- 154;
	139 -- 140;
	139 -- 155;
	140 -- 141;
	140 -- 156;
	141 -- 142;
	141 -- 157;
	142 -- 143;
	142 -- 158;
	143 -- 159;
	144 -- 145;
	144 -- 160;
	145 -- 146;
	145 -- 161;
	146 -- 147;
	146 -- 162;
	147 -- 148;
	147 -- 163;
	148 -- 149;
	148 -- 164;
	149 -- 150;
	149 -- 165;
	150 -- 151;
	150 -- 166;
	151 -- 152;
	151 -- 167;
	152 -- 153;
	152 -- 168;
	153 -- 154;
	153 -- 169;
	154 -- 155;
	154 -- 170;
	155 -- 156;
	155 -- 171;
	156 -- 157;
	156 -- 172;
	157 -- 158;
	157 -- 173;
	158 -- 159;
	158 -- 174;
	159 -- 175;
	160 -- 161;
	160 -- 176;
	161 -- 162;
	161 -- 177;
	162 -- 163;
	162 -- 178;
	163 -- 164;
	163 -- 179;
	164 -- 165;
	164 -- 180;
	165 -- 166;
	165 -- 181;
	166 -- 167;
	166 -- 182;
	167 -- 168;
	167 -- 183;
	168 -- 169;
	168 -- 184;
	169 -- 170;
	169 -- 185;
	170 -- 171;
	170 -- 186;
	171 -- 172;
	171 -- 187;
	172 -- 173;
	172 -- 188;
	173 -- 174;
	173 -- 189;
	174 -- 175;
	174 -- 190;
	175 -- 191;
	176 -- 177;
	176 -- 192;
	177 -- 178;
	177 -- 193;
	178 -- 179;
	178 -- 194;
	179 -- 180;
	179 -- 195;
	180 -- 181;
	180 -- 196;
	181 -- 182;
	181 -- 197;
	182 -- 183;
	182 -- 198;
	183 -- 184;
	183 -- 199;
	184 -- 185;
	184 -- 200;
	185 -- 186;
	185 -- 201;
	186 -- 187;
	186 -- 202;
	187 -- 188;
	187 -- 203;
	188 -- 189;
	188 -- 204;
	189 -- 190;
	189 -- 205;
	190 -- 191;
	190 -- 206;
	191 -- 207;
	192 -- 193;
	192 -- 208;
	193 -- 194;
	193 -- 209;
	194 -- 195;
	194 -- 210;
	195 -- 196;
	195 -- 211;
	196 -- 197;
	196 -- 212;
	197 -- 198;
	197 -- 213;
	198 -- 199;
	198 -- 214;
	199 -- 200;
	199 -- 215;
	200 -- 201;
	200 -- 216;
	201 -- 202;
	201 -- 217;
	202 -- 203;
	202 -- 218;
	203 -- 204;
	203 -- 219;
	204 -- 205;
	204 -- 220;
	205 -- 206;
	205 -- 221;
	206 -- 207;
	206 -- 222;
	207 -- 223;
	208 -- 209;
	208 -- 224;
	209 -- 210;
	209 -- 225;
	210 -- 211;
	210 -- 226;
	211 -- 212;
	211 -- 227;
	212 -- 213;
	212 -- 228;
	213 -- 214;
	213 -- 229;
	214 -- 215;
	214 -- 230;
	215 -- 216;
	215 -- 231;
	216 -- 217;
	216 -- 232;
	217 -- 218;
	217 -- 233;
	218 -- 219;
	218 -- 234;
	219 -- 220;
	219 -- 235;
	220 -- 221;
	220 -- 236;
	221 -- 222;
	221 -- 237;
	222 -- 223;
	222 -- 238;
	223 -- 239;
	224 -- 225;
	224 -- 240;
	225 -- 226;
	225 -- 241;
	226 -- 227;
	226 -- 242;
	227 -- 228;
	227 -- 243;
	228 -- 229;
	228 -- 244;
	229 -- 230;
	229 -- 245;
	230 -- 231;
	230 -- 246;
	231 -- 232;
	231 -- 247;
	232 -- 233;
	232 -- 248;
	233 -- 234;
	233 -- 249;
	234 -- 235;
	234 -- 250;
	235 -- 236;
	235 -- 251;
	236 -- 237;
	236 -- 252;
	237 -- 238;
	237 -- 253;
	238 -- 239;
	238 -- 254;
	239 -- 255;
	240 -- 241;
	241 -- 242;
	242 -- 243;
	243 -- 244;
	244 -- 245;
	245 -- 246;
	246 -- 247;
	247 -- 248;
	248 -- 249;
	249 -- 250;
	250 -- 251;
	251 -- 252;
	252 -- 253;
	253 -- 254;
	254 -- 255;
	0 [pos="0,0"];
	1 [pos="1,0"];
	2 [pos="2,0"];
	3 [pos="3,0"];
	4 [pos="4,0"];
	5 [pos="5,0"];
	6 [pos="6,0"];
	7 [pos="7,0"];
	8 [pos="8,0"];
	9 [pos="9,0"];
	10 [pos="10,0"];
	11 [pos="11,0"];
	12 [pos="12,0"];
	13 [pos="13,0"];
	14 [pos="14,0"];
	15 [pos="15,0"];
	16 [pos="0,-1"];
	17 [pos="1,-1"];
	18 [pos="2,-1"];
	19 [pos="3,-1"];
	20 [pos="4,-1"];
	21 [pos="5,-1"];
	22 [pos="6,-1"];
	23 [pos="7,-1"];
	24 [pos="8,-1"];
	25 [pos="9,-1"];
	26 [pos="10,-1"];
	27 [pos="11,-1"];
	28 [pos="12,-1"];
	29 [pos="13,-1"];
	30 [pos="14,-1"];
	31 [pos="15,-1"];
	32 [pos="0,-2"];
	33 [pos="1,-2"];
	34 [pos="2,-2"];
	35 [pos="3,-2"];
	36 [pos="4,-2"];
	37 [pos="5,-2"];
	38 [pos="6,-2"];
	39 [pos="7,-2"];
	40 [pos="8,-2"];
	41 [pos="9,-2"];
	42 [pos="10,-2"];
	43 [pos="11,-2"];
	44 [pos="12,-2"];
	45 [pos="13,-2"];
	46 [pos="14,-2"];
	47 [pos="15,-2"];
	48 [pos="0,-3"];
	49 [pos="1,-3"];
	50 [pos="2,-3"];
	51 [pos="3,-3"];
	52 [pos="4,-3"];
	53 [pos="5,-3"];
	54 [pos="6,-3"];
	55 [pos="7,-3"];
	56 [pos="8,-3"];
	57 [pos="9,-3"];
	58 [pos="10,-3"];
	59 [pos="11,-3"];
	60 [pos="12,-3"];
	61 [pos="13,-3"];
	62 [pos="14,-3"];
	63 [pos="15,-3"];
	64 [pos="0,-4"];
	65 [pos="1,-4"];
	66 [pos="2,-4"];
	67 [pos="3,-4"];
	68 [pos="4,-4"];
	69 [pos="5,-4"];
	70 [pos="6,-4"];
	71 [pos="7,-4"];
	72 [pos="8,-4"];
	73 [pos="9,-4"];
	74 [pos="10,-4"];
	75 [pos="11,-4"];
	76 [pos="12,-4"];
	77 [pos="13,-4"];
	78 [pos="14,-4"];
	79 [pos="15,-4"];
	80 [pos="0,-5"];
	81 [pos="1,-5"];
	82 [pos="2,-5"];
	83 [pos="3,-5"];
	84 [pos="4,-5"];
	85 [pos="5,-5"];
	86 [pos="6,-5"];
	87 [pos="7,-5"];
	88 [pos="8,-5"];
	89 [pos="9,-5"];
	90 [pos="10,-5"];
	91 [pos="11,-5"];
	92 [pos="12,-5"];
	93 [pos="13,-5"];
	94 [pos="14,-5"];
	95 [pos="15,-5"];
	96 [pos="0,-6"];
	97 [pos="1,-6"];
	98 [pos="2,-6"];
	99 [pos="3,-6"];
	100 [pos="4,-6"];
	101 [pos="5,-6"];
	102 [pos="6,-6"];
	103 [pos="7,-6"];
	104 [pos="8,-6"];
	105 [pos="9,-6"];
	106 [pos="10,-6"];
	107 [pos="11,-6"];
	108 [pos="12,-6"];
	109 [pos="13,-6"];
	110 [pos="14,-6"];
	111 [pos="15,-6"];
	112 [pos="0,-7"];
	113 [pos="1,-7"];
	114 [pos="2,-7"];
	115 [pos="3,-7"];
	116 [pos="4,-7"];
	117 [pos="5,-7"];
	118 [pos="6,-7"];
	119 [pos="7,-7"];
	120 [pos="8,-7"];
	121 [pos="9,-7"];
	122 [pos="10,-7"];
	123 [pos="11,-7"];
	124 [pos="12,-7"];
	125 [pos="13,-7"];
	126 [pos="14,-7"];
	127 [pos="15,-7"];
	128 [pos="0,-8"];
	129 [pos="1,-8"];
	130 [pos="2,-8"];
	131 [pos="3,-8"];
	132 [pos="4,-8"];
	133 [pos="5,-8"];
	134 [pos="6,-8"];
	135 [pos="7,-8"];
	136 [pos="8,-8"];
	137 [pos="9,-8"];
	138 [pos="10,-8"];
	139 [pos="11,-8"];
	140 [pos="12,-8"];
	141 [pos="13,-8"];
	142 [pos="14,-8"];
	143 [pos="15,-8"];
	144 [pos="0,-9"];
	145 [pos="1,-9"];
	146 [pos="2,-9"];
	147 [pos="3,-9"];
	148 [pos="4,-9"];
	149 [pos="5,-9"];
	150 [pos="6,-9"];
	151 [pos="7,-9"];
	152 [pos="8,-9"];
	153 [pos="9,-9"];
	154 [pos="10,-9"];
	155 [pos="11,-9"];
	156 [pos="12,-9"];
	157 [pos="13,-9"];
	158 [pos="14,-9"];
	159 [pos="15,-9"];
	160 [pos="0,-10"];
	161 [pos="1,-10"];
	162 [pos="2,-10"];
	163 [pos="3,-10"];
	164 [pos="4,-10"];
	165 [pos="5,-10"];
	166 [pos="6,-10"];
	167 [pos="7,-10"];
	168 [pos="8,-10"];
	169 [pos="9,-10"];
	170 [pos="10,-10"];
	171 [pos="11,-10"];
	172 [pos="12,-10"];
	173 [pos="13,-10"];
	174 [pos="14,-10"];
	175 [pos="15,-10"];
	176 [pos="0,-11"];
	177 [pos="1,-11"];
	178 [pos="2,-11"];
	179 [pos="3,-11"];
	180 [pos="4,-11"];
	181 [pos="5,-11"];
	182 [pos="6,-11"];
	183 [pos="7,-11"];
	184 [pos="8,-11"];
	185 [pos="9,-11"];
	186 [pos="10,-11"];
	187 [pos="11,-11"];
	188 [pos="12,-11"];
	189 [pos="13,-11"];
	190 [pos="14,-11"];
	191 [pos="15,-11"];
	192 [pos="0,-12"];
	193 [pos="1,-12"];
	194 [pos="2,-12"];
	195 [pos="3,-12"];
	196 [pos="4,-12"];
	197 [pos="5,-12"];
	198 [pos="6,-12"];
	199 [pos="7,-12"];
	200 [pos="8,-12"];
	201 [pos="9,-12"];
	202 [pos="10,-12"];
	203 [pos="11,-12"];
	204 [pos="12,-12"];
	205 [pos="13,-12"];
	206 [pos="14,-12"];
	207 [pos="15,-12"];
	208 [pos="0,-13"];
	209 [pos="1,-13"];
	210 [pos="2,-13"];
	211 [pos="3,-13"];
	212 [pos="4,-13"];
	213 [pos="5,-13"];
	214 [pos="6,-13"];
	215 [pos="7,-13"];
	216 [pos="8,-13"];
	217 [pos="9,-13"];
	218 [pos="10,-13"];
	219 [pos="11,-13"];
	220 [pos="12,-13"];
	221 [pos="13,-13"];
	222 [pos="14,-13"];
	223 [pos="15,-13"];
	224 [pos="0,-14"];
	225 [pos="1,-14"];
	226 [pos="2,-14"];
	227 [pos="3,-14"];
	228 [pos="4,-14"];
	229 [pos="5,-14"];
	230 [pos="6,-14"];
	231 [pos="7,-14"];
	232 [pos="8,-14"];
	233 [pos="9,-14"];
	234 [pos="10,-14"];
	235 [pos="11,-14"];
	236 [pos="12,-14"];
	237 [pos="13,-14"];
	238 [pos="14,-14"];
	239 [pos="15,-14"];
	240 [pos="0,-15"];
	241 [pos="1,-15"];
	242 [pos="2,-15"];
	243 [pos="3,-15"];
	244 [pos="4,-15"];
	245 [pos="5,-15"];
	246 [pos="6,-15"];
	247 [pos="7,-15"];
	248 [pos="8,-15"];
	249 [pos="9,-15"];
	250 [pos="10,-15"];
	251 [pos="11,-15"];
	252 [pos="12,-15"];
	253 [pos="13,-15"];
	254 [pos="14,-15"];
	255 [pos="15,-15"];
}
