graph G {
	node[pin=true];
	0 -- 2;
	0 -- 30;
	1 -- 5;
	1 -- 13;
	1 -- 14;
	1 -- 17;
	1 -- 23;
	2 -- 5;
	2 -- 12;
	2 -- 24;
	2 -- 26;
	3 -- 10;
	3 -- 17;
	3 -- 29;
	4 -- 5;
	4 -- 15;
	4 -- 26;
	4 -- 30;
	5 -- 14;
	6 -- 18;
	6 -- 19;
	6 -- 23;
	7 -- 14;
	7 -- 21;
	7 -- 23;
	8 -- 17;
	8 -- 22;
	9 -- 27;
	10 -- 17;
	11 -- 19;
	11 -- 28;
	12 -- 17;
	12 -- 20;
	14 -- 19;
	14 -- 28;
	15 -- 20;
	16 -- 20;
	16 -- 29;
	17 -- 22;
	17 -- 29;
	17 -- 30;
	17 -- 31;
	18 -- 28;
	18 -- 30;
	19 -- 22;
	21 -- 31;
	22 -- 27;
	23 -- 25;
	24 -- 29;
	25 -- 30;
	26 -- 28;
	0 [pos="1,-3"];
	1 [pos="2,-4"];
	2 [pos="1,-1"];
	3 [pos="3,-2"];
	4 [pos="0,-2"];
	5 [pos="1,-2"];
	6 [pos="1,-6"];
	7 [pos="2,-5"];
	8 [pos="2,-6"];
	9 [pos="3,-6"];
	10 [pos="2,-2"];
	11 [pos="0,-7"];
	12 [pos="1,0"];
	13 [pos="3,-4"];
	14 [pos="1,-5"];
	15 [pos="0,0"];
	16 [pos="3,0"];
	17 [pos="2,-3"];
	18 [pos="0,-6"];
	19 [pos="1,-7"];
	20 [pos="2,0"];
	21 [pos="3,-5"];
	22 [pos="2,-7"];
	23 [pos="1,-4"];
	24 [pos="2,-1"];
	25 [pos="0,-4"];
	26 [pos="0,-1"];
	27 [pos="3,-7"];
	28 [pos="0,-5"];
	29 [pos="3,-1"];
	30 [pos="0,-3"];
	31 [pos="3,-3"];
}
