graph G {
	node[pin=true];
	0 -- 19;
	0 -- 48;
	1 -- 28;
	1 -- 42;
	3 -- 11;
	3 -- 22;
	3 -- 41;
	4 -- 29;
	4 -- 35;
	5 -- 14;
	5 -- 49;
	6 -- 12;
	6 -- 27;
	6 -- 49;
	7 -- 11;
	7 -- 36;
	7 -- 43;
	7 -- 49;
	8 -- 31;
	8 -- 49;
	10 -- 17;
	10 -- 43;
	11 -- 18;
	11 -- 20;
	12 -- 27;
	12 -- 33;
	12 -- 48;
	13 -- 33;
	13 -- 46;
	14 -- 19;
	14 -- 31;
	14 -- 32;
	14 -- 38;
	15 -- 41;
	15 -- 43;
	16 -- 47;
	16 -- 49;
	17 -- 34;
	17 -- 42;
	18 -- 30;
	18 -- 33;
	19 -- 37;
	20 -- 41;
	20 -- 44;
	20 -- 46;
	21 -- 31;
	21 -- 38;
	21 -- 40;
	22 -- 24;
	23 -- 24;
	23 -- 30;
	23 -- 32;
	23 -- 35;
	24 -- 30;
	26 -- 31;
	26 -- 39;
	27 -- 33;
	27 -- 49;
	28 -- 32;
	28 -- 41;
	28 -- 45;
	29 -- 37;
	30 -- 34;
	32 -- 39;
	32 -- 42;
	34 -- 36;
	35 -- 40;
	35 -- 46;
	37 -- 47;
	37 -- 48;
	40 -- 46;
	43 -- 44;
	43 -- 48;
	0 [pos="6,-5"];
	1 [pos="0,-6"];
	2 [pos="7,-7"];
	3 [pos="2,-1"];
	4 [pos="6,-2"];
	5 [pos="5,-4"];
	6 [pos="5,-2"];
	7 [pos="3,-3"];
	8 [pos="4,-4"];
	9 [pos="0,-7"];
	10 [pos="1,-4"];
	11 [pos="3,-1"];
	12 [pos="6,-1"];
	13 [pos="4,0"];
	14 [pos="5,-5"];
	15 [pos="2,-3"];
	16 [pos="6,-3"];
	17 [pos="0,-4"];
	18 [pos="3,0"];
	19 [pos="7,-5"];
	20 [pos="3,-2"];
	21 [pos="4,-6"];
	22 [pos="1,-1"];
	23 [pos="1,-2"];
	24 [pos="0,-1"];
	25 [pos="1,0"];
	26 [pos="3,-5"];
	27 [pos="5,-1"];
	28 [pos="1,-6"];
	29 [pos="7,-2"];
	30 [pos="0,-2"];
	31 [pos="4,-5"];
	32 [pos="1,-5"];
	33 [pos="5,0"];
	34 [pos="0,-3"];
	35 [pos="4,-2"];
	36 [pos="1,-3"];
	37 [pos="7,-4"];
	38 [pos="5,-6"];
	39 [pos="2,-5"];
	40 [pos="4,-3"];
	41 [pos="2,-2"];
	42 [pos="0,-5"];
	43 [pos="2,-4"];
	44 [pos="3,-4"];
	45 [pos="1,-7"];
	46 [pos="4,-1"];
	47 [pos="7,-3"];
	48 [pos="6,-4"];
	49 [pos="5,-3"];
}
