graph G {
	node[pin=true];
	0 -- 1;
	0 -- 16;
	1 -- 2;
	1 -- 17;
	2 -- 3;
	2 -- 18;
	3 -- 4;
	3 -- 19;
	4 -- 5;
	4 -- 20;
	5 -- 6;
	5 -- 21;
	6 -- 7;
	6 -- 22;
	7 -- 8;
	7 -- 23;
	8 -- 9;
	8 -- 24;
	9 -- 10;
	9 -- 25;
	10 -- 11;
	10 -- 26;
	11 -- 12;
	11 -- 27;
	12 -- 13;
	12 -- 28;
	13 -- 14;
	13 -- 29;
	14 -- 15;
	14 -- 30;
	15 -- 31;
	16 -- 17;
	16 -- 32;
	17 -- 18;
	17 -- 33;
	18 -- 19;
	18 -- 34;
	19 -- 20;
	19 -- 35;
	20 -- 21;
	20 -- 36;
	21 -- 22;
	21 -- 37;
	22 -- 23;
	22 -- 38;
	23 -- 24;
	23 -- 39;
	24 -- 25;
	24 -- 40;
	25 -- 26;
	25 -- 41;
	26 -- 27;
	26 -- 42;
	27 -- 28;
	27 -- 43;
	28 -- 29;
	28 -- 44;
	29 -- 30;
	29 -- 45;
	30 -- 31;
	30 -- 46;
	31 -- 47;
	32 -- 33;
	32 -- 48;
	33 -- 34;
	33 -- 49;
	34 -- 35;
	34 -- 50;
	35 -- 36;
	35 -- 51;
	36 -- 37;
	36 -- 52;
	37 -- 38;
	37 -- 53;
	38 -- 39;
	38 -- 54;
	39 -- 40;
	39 -- 55;
	40 -- 41;
	40 -- 56;
	41 -- 42;
	41 -- 57;
	42 -- 43;
	42 -- 58;
	43 -- 44;
	43 -- 59;
	44 -- 45;
	44 -- 60;
	45 -- 46;
	45 -- 61;
	46 -- 47;
	46 -- 62;
	47 -- 63;
	48 -- 49;
	48 -- 64;
	49 -- 50;
	49 -- 65;
	50 -- 51;
	50 -- 66;
	51 -- 52;
	51 -- 67;
	52 -- 53;
	52 -- 68;
	53 -- 54;
	53 -- 69;
	54 -- 55;
	54 -- 70;
	55 -- 56;
	55 -- 71;
	56 -- 57;
	56 -- 72;
	57 -- 58;
	57 -- 73;
	58 -- 59;
	58 -- 74;
	59 -- 60;
	59 -- 75;
	60 -- 61;
	60 -- 76;
	61 -- 62;
	61 -- 77;
	62 -- 63;
	62 -- 78;
	63 -- 79;
	64 -- 65;
	64 -- 80;
	65 -- 66;
	65 -- 81;
	66 -- 67;
	66 -- 82;
	67 -- 68;
	67 -- 83;
	68 -- 69;
	68 -- 84;
	69 -- 70;
	69 -- 85;
	70 -- 71;
	70 -- 86;
	71 -- 72;
	71 -- 87;
	72 -- 73;
	72 -- 88;
	73 -- 74;
	73 -- 89;
	74 -- 75;
	74 -- 90;
	75 -- 76;
	75 -- 91;
	76 -- 77;
	76 -- 92;
	77 -- 78;
	77 -- 93;
	78 -- 79;
	78 -- 94;
	79 -- 95;
	80 -- 81;
	80 -- 96;
	81 -- 82;
	81 -- 97;
	82 -- 83;
	82 -- 98;
	83 -- 84;
	83 -- 99;
	84 -- 85;
	84 -- 100;
	85 -- 86;
	85 -- 101;
	86 -- 87;
	86 -- 102;
	87 -- 88;
	87 -- 103;
	88 -- 89;
	88 -- 104;
	89 -- 90;
	89 -- 105;
	90 -- 91;
	90 -- 106;
	91 -- 92;
	91 -- 107;
	92 -- 93;
	92 -- 108;
	93 -- 94;
	93 -- 109;
	94 -- 95;
	94 -- 110;
	95 -- 111;
	96 -- 97;
	96 -- 112;
	97 -- 98;
	97 -- 113;
	98 -- 99;
	98 -- 114;
	99 -- 100;
	99 -- 115;
	100 -- 101;
	100 -- 116;
	101 -- 102;
	101 -- 117;
	102 -- 103;
	102 -- 118;
	103 -- 104;
	103 -- 119;
	104 -- 105;
	104 -- 120;
	105 -- 106;
	105 -- 121;
	106 -- 107;
	106 -- 122;
	107 -- 108;
	107 -- 123;
	108 -- 109;
	108 -- 124;
	109 -- 110;
	109 -- 125;
	110 -- 111;
	110 -- 126;
	111 -- 127;
	112 -- 113;
	113 -- 114;
	114 -- 115;
	115 -- 116;
	116 -- 117;
	117 -- 118;
	118 -- 119;
	119 -- 120;
	120 -- 121;
	121 -- 122;
	122 -- 123;
	123 -- 124;
	124 -- 125;
	125 -- 126;
	126 -- 127;
	0 [pos="7,0"];
	1 [pos="7,-1"];
	2 [pos="6,-1"];
	3 [pos="6,-2"];
	4 [pos="6,-3"];
	5 [pos="6,-4"];
	6 [pos="8,-4"];
	7 [pos="8,-2"];
	8 [pos="8,0"];
	9 [pos="9,0"];
	10 [pos="10,0"];
	11 [pos="11,0"];
	12 [pos="12,0"];
	13 [pos="13,0"];
	14 [pos="14,0"];
	15 [pos="15,0"];
	16 [pos="6,0"];
	17 [pos="5,-1"];
	18 [pos="5,-2"];
	19 [pos="5,-3"];
	20 [pos="5,-4"];
	21 [pos="6,-5"];
	22 [pos="7,-4"];
	23 [pos="7,-2"];
	24 [pos="8,-1"];
	25 [pos="9,-1"];
	26 [pos="10,-1"];
	27 [pos="11,-1"];
	28 [pos="12,-1"];
	29 [pos="13,-1"];
	30 [pos="14,-1"];
	31 [pos="15,-1"];
	32 [pos="5,0"];
	33 [pos="4,-1"];
	34 [pos="4,-2"];
	35 [pos="4,-3"];
	36 [pos="4,-4"];
	37 [pos="4,-5"];
	38 [pos="5,-5"];
	39 [pos="7,-3"];
	40 [pos="8,-3"];
	41 [pos="9,-3"];
	42 [pos="9,-2"];
	43 [pos="10,-2"];
	44 [pos="11,-2"];
	45 [pos="12,-2"];
	46 [pos="13,-2"];
	47 [pos="14,-2"];
	48 [pos="4,0"];
	49 [pos="3,-1"];
	50 [pos="3,-2"];
	51 [pos="3,-3"];
	52 [pos="3,-4"];
	53 [pos="3,-5"];
	54 [pos="5,-6"];
	55 [pos="7,-5"];
	56 [pos="8,-5"];
	57 [pos="9,-5"];
	58 [pos="9,-4"];
	59 [pos="10,-3"];
	60 [pos="11,-3"];
	61 [pos="12,-3"];
	62 [pos="13,-3"];
	63 [pos="14,-3"];
	64 [pos="3,0"];
	65 [pos="2,-1"];
	66 [pos="2,-2"];
	67 [pos="2,-3"];
	68 [pos="2,-4"];
	69 [pos="2,-5"];
	70 [pos="4,-6"];
	71 [pos="7,-6"];
	72 [pos="8,-6"];
	73 [pos="9,-6"];
	74 [pos="10,-5"];
	75 [pos="10,-4"];
	76 [pos="11,-4"];
	77 [pos="12,-4"];
	78 [pos="13,-4"];
	79 [pos="14,-4"];
	80 [pos="2,0"];
	81 [pos="1,-1"];
	82 [pos="1,-2"];
	83 [pos="1,-3"];
	84 [pos="1,-5"];
	85 [pos="2,-6"];
	86 [pos="3,-6"];
	87 [pos="6,-6"];
	88 [pos="8,-7"];
	89 [pos="9,-7"];
	90 [pos="10,-6"];
	91 [pos="11,-6"];
	92 [pos="11,-5"];
	93 [pos="12,-5"];
	94 [pos="13,-5"];
	95 [pos="14,-5"];
	96 [pos="1,0"];
	97 [pos="0,-1"];
	98 [pos="0,-3"];
	99 [pos="1,-4"];
	100 [pos="1,-6"];
	101 [pos="1,-7"];
	102 [pos="3,-7"];
	103 [pos="5,-7"];
	104 [pos="7,-7"];
	105 [pos="10,-7"];
	106 [pos="12,-6"];
	107 [pos="13,-6"];
	108 [pos="14,-6"];
	109 [pos="15,-6"];
	110 [pos="15,-5"];
	111 [pos="15,-4"];
	112 [pos="0,0"];
	113 [pos="0,-2"];
	114 [pos="0,-4"];
	115 [pos="0,-5"];
	116 [pos="0,-6"];
	117 [pos="0,-7"];
	118 [pos="2,-7"];
	119 [pos="4,-7"];
	120 [pos="6,-7"];
	121 [pos="11,-7"];
	122 [pos="12,-7"];
	123 [pos="13,-7"];
	124 [pos="14,-7"];
	125 [pos="15,-7"];
	126 [pos="15,-3"];
	127 [pos="15,-2"];
}
