graph G {
	node[pin=true];
	0 -- 61;
	0 -- 517;
	0 -- 775;
	1 -- 212;
	1 -- 463;
	1 -- 503;
	1 -- 742;
	1 -- 937;
	2 -- 304;
	2 -- 456;
	2 -- 582;
	2 -- 778;
	3 -- 25;
	3 -- 49;
	3 -- 516;
	3 -- 558;
	4 -- 58;
	4 -- 124;
	4 -- 757;
	5 -- 270;
	5 -- 453;
	5 -- 518;
	5 -- 677;
	5 -- 880;
	6 -- 1006;
	7 -- 452;
	7 -- 455;
	7 -- 511;
	7 -- 663;
	7 -- 995;
	8 -- 100;
	8 -- 301;
	8 -- 386;
	8 -- 754;
	9 -- 159;
	9 -- 512;
	9 -- 613;
	9 -- 670;
	10 -- 150;
	10 -- 702;
	10 -- 834;
	10 -- 884;
	11 -- 60;
	11 -- 270;
	12 -- 162;
	12 -- 652;
	13 -- 50;
	14 -- 245;
	14 -- 275;
	14 -- 454;
	14 -- 597;
	15 -- 177;
	15 -- 358;
	15 -- 802;
	15 -- 806;
	15 -- 927;
	15 -- 996;
	16 -- 282;
	16 -- 604;
	16 -- 941;
	17 -- 26;
	17 -- 206;
	17 -- 244;
	17 -- 558;
	18 -- 128;
	18 -- 283;
	19 -- 317;
	19 -- 539;
	19 -- 571;
	19 -- 716;
	20 -- 280;
	20 -- 807;
	20 -- 895;
	20 -- 1003;
	21 -- 311;
	21 -- 317;
	21 -- 933;
	22 -- 97;
	22 -- 385;
	23 -- 1022;
	24 -- 862;
	25 -- 252;
	25 -- 312;
	25 -- 932;
	25 -- 962;
	26 -- 235;
	26 -- 1009;
	27 -- 439;
	27 -- 949;
	27 -- 965;
	27 -- 1009;
	28 -- 217;
	28 -- 480;
	28 -- 621;
	29 -- 359;
	29 -- 391;
	29 -- 837;
	30 -- 62;
	30 -- 152;
	30 -- 318;
	31 -- 349;
	31 -- 832;
	32 -- 340;
	32 -- 659;
	34 -- 293;
	34 -- 530;
	34 -- 662;
	34 -- 732;
	34 -- 1004;
	35 -- 479;
	35 -- 870;
	36 -- 56;
	36 -- 202;
	36 -- 488;
	36 -- 717;
	37 -- 646;
	37 -- 909;
	38 -- 221;
	38 -- 564;
	38 -- 918;
	38 -- 995;
	39 -- 635;
	39 -- 691;
	39 -- 727;
	40 -- 240;
	40 -- 241;
	40 -- 369;
	40 -- 489;
	40 -- 595;
	40 -- 660;
	41 -- 203;
	41 -- 637;
	41 -- 729;
	41 -- 816;
	42 -- 409;
	43 -- 216;
	44 -- 136;
	44 -- 350;
	44 -- 602;
	44 -- 808;
	45 -- 513;
	46 -- 345;
	47 -- 311;
	47 -- 344;
	47 -- 445;
	48 -- 222;
	48 -- 414;
	48 -- 464;
	48 -- 595;
	49 -- 304;
	49 -- 812;
	50 -- 288;
	50 -- 374;
	50 -- 397;
	50 -- 684;
	50 -- 772;
	51 -- 614;
	51 -- 715;
	52 -- 789;
	53 -- 483;
	53 -- 648;
	54 -- 831;
	56 -- 541;
	56 -- 676;
	57 -- 254;
	57 -- 957;
	58 -- 546;
	59 -- 410;
	59 -- 962;
	59 -- 1001;
	59 -- 1015;
	60 -- 159;
	60 -- 745;
	60 -- 977;
	61 -- 755;
	61 -- 977;
	62 -- 569;
	63 -- 583;
	63 -- 709;
	63 -- 802;
	63 -- 899;
	64 -- 261;
	64 -- 283;
	64 -- 567;
	64 -- 764;
	64 -- 1000;
	65 -- 265;
	65 -- 650;
	66 -- 774;
	66 -- 781;
	68 -- 307;
	69 -- 449;
	69 -- 949;
	70 -- 357;
	70 -- 378;
	70 -- 616;
	70 -- 839;
	71 -- 876;
	71 -- 971;
	72 -- 395;
	72 -- 716;
	73 -- 526;
	73 -- 549;
	73 -- 698;
	74 -- 121;
	74 -- 255;
	74 -- 291;
	74 -- 1003;
	75 -- 500;
	75 -- 693;
	76 -- 171;
	76 -- 434;
	76 -- 854;
	76 -- 980;
	76 -- 982;
	77 -- 354;
	77 -- 829;
	78 -- 166;
	79 -- 129;
	79 -- 507;
	79 -- 673;
	80 -- 155;
	80 -- 706;
	81 -- 146;
	81 -- 351;
	81 -- 449;
	81 -- 492;
	81 -- 498;
	81 -- 564;
	81 -- 752;
	81 -- 781;
	82 -- 335;
	82 -- 723;
	82 -- 848;
	82 -- 974;
	83 -- 146;
	83 -- 836;
	83 -- 883;
	84 -- 274;
	84 -- 411;
	84 -- 471;
	84 -- 643;
	84 -- 678;
	84 -- 895;
	85 -- 287;
	85 -- 1000;
	86 -- 1012;
	87 -- 511;
	87 -- 596;
	87 -- 874;
	88 -- 153;
	88 -- 273;
	88 -- 792;
	89 -- 949;
	89 -- 976;
	90 -- 328;
	91 -- 429;
	91 -- 713;
	91 -- 742;
	91 -- 801;
	91 -- 999;
	92 -- 135;
	93 -- 406;
	94 -- 179;
	94 -- 240;
	94 -- 241;
	94 -- 304;
	94 -- 443;
	94 -- 517;
	96 -- 112;
	96 -- 199;
	96 -- 412;
	96 -- 432;
	96 -- 777;
	97 -- 672;
	98 -- 520;
	98 -- 640;
	99 -- 525;
	99 -- 624;
	99 -- 1014;
	101 -- 105;
	101 -- 422;
	101 -- 755;
	102 -- 193;
	102 -- 686;
	103 -- 145;
	104 -- 696;
	104 -- 978;
	105 -- 664;
	106 -- 181;
	106 -- 332;
	106 -- 518;
	106 -- 600;
	106 -- 692;
	106 -- 736;
	107 -- 397;
	107 -- 519;
	107 -- 1011;
	108 -- 503;
	108 -- 977;
	110 -- 408;
	111 -- 397;
	111 -- 671;
	111 -- 759;
	111 -- 966;
	112 -- 544;
	113 -- 844;
	114 -- 193;
	114 -- 299;
	115 -- 369;
	115 -- 582;
	115 -- 607;
	115 -- 764;
	116 -- 515;
	116 -- 522;
	116 -- 688;
	116 -- 938;
	117 -- 194;
	117 -- 349;
	117 -- 738;
	117 -- 760;
	118 -- 848;
	119 -- 165;
	120 -- 403;
	120 -- 808;
	121 -- 687;
	122 -- 215;
	122 -- 384;
	123 -- 252;
	123 -- 486;
	123 -- 684;
	123 -- 714;
	123 -- 783;
	124 -- 162;
	125 -- 807;
	125 -- 977;
	126 -- 150;
	126 -- 440;
	126 -- 865;
	126 -- 962;
	127 -- 323;
	127 -- 616;
	127 -- 867;
	128 -- 175;
	128 -- 479;
	128 -- 758;
	129 -- 524;
	129 -- 591;
	129 -- 1001;
	130 -- 913;
	130 -- 918;
	131 -- 397;
	132 -- 174;
	132 -- 592;
	132 -- 944;
	132 -- 962;
	133 -- 320;
	133 -- 668;
	133 -- 857;
	134 -- 227;
	134 -- 820;
	134 -- 889;
	135 -- 775;
	136 -- 730;
	137 -- 221;
	137 -- 531;
	138 -- 342;
	138 -- 507;
	138 -- 1000;
	138 -- 1002;
	139 -- 243;
	139 -- 335;
	139 -- 494;
	139 -- 621;
	140 -- 339;
	140 -- 398;
	140 -- 702;
	140 -- 857;
	140 -- 871;
	141 -- 642;
	141 -- 771;
	141 -- 832;
	141 -- 922;
	141 -- 1015;
	142 -- 207;
	142 -- 447;
	142 -- 980;
	142 -- 1005;
	143 -- 163;
	143 -- 525;
	144 -- 747;
	145 -- 207;
	146 -- 561;
	146 -- 820;
	146 -- 891;
	146 -- 963;
	147 -- 285;
	147 -- 651;
	148 -- 718;
	148 -- 935;
	148 -- 1013;
	149 -- 231;
	149 -- 386;
	149 -- 471;
	149 -- 682;
	149 -- 685;
	150 -- 642;
	150 -- 786;
	151 -- 321;
	151 -- 522;
	151 -- 834;
	152 -- 976;
	153 -- 259;
	153 -- 422;
	153 -- 779;
	153 -- 863;
	153 -- 912;
	154 -- 263;
	154 -- 353;
	154 -- 458;
	155 -- 228;
	155 -- 719;
	155 -- 966;
	156 -- 247;
	157 -- 430;
	157 -- 651;
	157 -- 657;
	157 -- 882;
	158 -- 404;
	158 -- 436;
	158 -- 449;
	158 -- 857;
	158 -- 1023;
	159 -- 224;
	160 -- 549;
	160 -- 581;
	160 -- 679;
	161 -- 925;
	162 -- 174;
	162 -- 177;
	162 -- 473;
	162 -- 510;
	162 -- 869;
	162 -- 906;
	163 -- 731;
	164 -- 168;
	164 -- 592;
	164 -- 948;
	165 -- 386;
	165 -- 411;
	168 -- 517;
	168 -- 951;
	169 -- 696;
	169 -- 826;
	170 -- 383;
	170 -- 488;
	170 -- 714;
	171 -- 576;
	171 -- 798;
	171 -- 976;
	172 -- 505;
	172 -- 642;
	172 -- 972;
	173 -- 606;
	174 -- 292;
	174 -- 972;
	175 -- 281;
	175 -- 746;
	175 -- 944;
	176 -- 253;
	176 -- 393;
	176 -- 811;
	176 -- 944;
	177 -- 322;
	177 -- 329;
	177 -- 481;
	177 -- 574;
	177 -- 773;
	179 -- 285;
	179 -- 564;
	179 -- 745;
	179 -- 816;
	179 -- 986;
	180 -- 468;
	180 -- 762;
	180 -- 964;
	181 -- 981;
	182 -- 500;
	182 -- 957;
	183 -- 472;
	183 -- 477;
	183 -- 600;
	184 -- 398;
	185 -- 234;
	186 -- 198;
	186 -- 257;
	186 -- 307;
	186 -- 902;
	186 -- 1001;
	187 -- 500;
	189 -- 695;
	191 -- 212;
	191 -- 290;
	191 -- 421;
	191 -- 449;
	191 -- 452;
	191 -- 482;
	191 -- 487;
	191 -- 667;
	192 -- 458;
	192 -- 647;
	192 -- 782;
	194 -- 553;
	194 -- 920;
	194 -- 976;
	195 -- 875;
	196 -- 264;
	196 -- 918;
	197 -- 405;
	197 -- 454;
	197 -- 852;
	198 -- 413;
	198 -- 487;
	198 -- 563;
	199 -- 243;
	199 -- 495;
	199 -- 692;
	199 -- 715;
	200 -- 729;
	200 -- 949;
	202 -- 962;
	203 -- 894;
	205 -- 422;
	205 -- 602;
	205 -- 625;
	206 -- 323;
	206 -- 469;
	207 -- 559;
	208 -- 229;
	208 -- 670;
	209 -- 415;
	209 -- 632;
	209 -- 921;
	210 -- 518;
	210 -- 653;
	211 -- 333;
	211 -- 492;
	211 -- 669;
	211 -- 1008;
	212 -- 569;
	213 -- 635;
	215 -- 484;
	215 -- 528;
	215 -- 620;
	215 -- 914;
	217 -- 607;
	218 -- 307;
	218 -- 740;
	218 -- 930;
	219 -- 366;
	220 -- 393;
	221 -- 375;
	221 -- 604;
	221 -- 828;
	222 -- 669;
	222 -- 770;
	222 -- 944;
	222 -- 956;
	223 -- 421;
	225 -- 253;
	225 -- 804;
	226 -- 304;
	226 -- 693;
	226 -- 920;
	226 -- 1009;
	227 -- 701;
	228 -- 231;
	228 -- 361;
	228 -- 470;
	228 -- 513;
	228 -- 726;
	230 -- 647;
	230 -- 701;
	230 -- 795;
	231 -- 951;
	232 -- 470;
	232 -- 541;
	233 -- 336;
	234 -- 255;
	234 -- 403;
	234 -- 640;
	235 -- 302;
	235 -- 776;
	235 -- 918;
	236 -- 252;
	236 -- 450;
	236 -- 512;
	236 -- 561;
	236 -- 601;
	236 -- 679;
	237 -- 268;
	237 -- 310;
	237 -- 513;
	237 -- 569;
	237 -- 755;
	238 -- 887;
	238 -- 1010;
	239 -- 644;
	239 -- 681;
	239 -- 901;
	241 -- 357;
	241 -- 628;
	241 -- 909;
	242 -- 795;
	243 -- 307;
	243 -- 756;
	243 -- 899;
	244 -- 987;
	245 -- 434;
	245 -- 808;
	246 -- 392;
	246 -- 448;
	246 -- 546;
	246 -- 687;
	247 -- 738;
	248 -- 327;
	248 -- 395;
	248 -- 506;
	248 -- 661;
	248 -- 862;
	249 -- 658;
	249 -- 884;
	250 -- 611;
	250 -- 684;
	250 -- 768;
	250 -- 905;
	251 -- 984;
	252 -- 629;
	252 -- 687;
	253 -- 311;
	253 -- 662;
	253 -- 713;
	253 -- 927;
	254 -- 359;
	254 -- 647;
	255 -- 510;
	255 -- 578;
	255 -- 920;
	256 -- 605;
	256 -- 608;
	256 -- 712;
	257 -- 909;
	258 -- 464;
	258 -- 571;
	258 -- 792;
	258 -- 936;
	258 -- 940;
	259 -- 674;
	259 -- 766;
	260 -- 748;
	260 -- 770;
	261 -- 968;
	262 -- 694;
	262 -- 755;
	263 -- 290;
	263 -- 312;
	263 -- 337;
	263 -- 763;
	263 -- 900;
	264 -- 267;
	264 -- 471;
	264 -- 584;
	264 -- 843;
	265 -- 921;
	266 -- 483;
	266 -- 870;
	266 -- 925;
	267 -- 1009;
	268 -- 844;
	268 -- 869;
	270 -- 447;
	273 -- 483;
	273 -- 565;
	273 -- 645;
	273 -- 675;
	274 -- 619;
	274 -- 650;
	274 -- 692;
	274 -- 695;
	275 -- 352;
	275 -- 963;
	276 -- 490;
	276 -- 614;
	277 -- 678;
	279 -- 450;
	279 -- 573;
	279 -- 605;
	279 -- 725;
	280 -- 299;
	280 -- 391;
	280 -- 706;
	280 -- 721;
	281 -- 841;
	281 -- 918;
	283 -- 965;
	284 -- 354;
	284 -- 645;
	285 -- 295;
	285 -- 766;
	285 -- 831;
	285 -- 856;
	286 -- 323;
	286 -- 418;
	286 -- 653;
	287 -- 461;
	287 -- 675;
	287 -- 779;
	288 -- 318;
	288 -- 476;
	288 -- 619;
	289 -- 382;
	289 -- 876;
	289 -- 946;
	289 -- 996;
	291 -- 415;
	291 -- 588;
	293 -- 431;
	294 -- 836;
	295 -- 533;
	295 -- 558;
	295 -- 580;
	295 -- 1008;
	296 -- 415;
	296 -- 1020;
	297 -- 420;
	297 -- 575;
	297 -- 884;
	298 -- 737;
	298 -- 786;
	298 -- 858;
	299 -- 577;
	299 -- 627;
	299 -- 721;
	300 -- 470;
	300 -- 633;
	300 -- 926;
	301 -- 690;
	302 -- 305;
	302 -- 616;
	302 -- 838;
	302 -- 873;
	303 -- 407;
	303 -- 606;
	303 -- 625;
	305 -- 919;
	308 -- 389;
	308 -- 926;
	309 -- 616;
	309 -- 960;
	310 -- 427;
	310 -- 640;
	310 -- 671;
	311 -- 409;
	311 -- 463;
	311 -- 568;
	311 -- 656;
	311 -- 739;
	312 -- 407;
	312 -- 586;
	315 -- 335;
	316 -- 396;
	316 -- 423;
	316 -- 632;
	317 -- 487;
	318 -- 872;
	319 -- 413;
	319 -- 800;
	319 -- 889;
	319 -- 945;
	320 -- 366;
	321 -- 531;
	321 -- 980;
	322 -- 819;
	323 -- 795;
	323 -- 981;
	324 -- 367;
	324 -- 474;
	324 -- 673;
	325 -- 399;
	325 -- 888;
	327 -- 892;
	328 -- 980;
	329 -- 556;
	330 -- 365;
	330 -- 375;
	330 -- 462;
	332 -- 659;
	333 -- 925;
	334 -- 374;
	334 -- 420;
	334 -- 469;
	334 -- 819;
	334 -- 831;
	334 -- 907;
	336 -- 409;
	336 -- 593;
	337 -- 470;
	338 -- 501;
	338 -- 627;
	338 -- 779;
	339 -- 520;
	339 -- 826;
	340 -- 754;
	340 -- 939;
	341 -- 392;
	342 -- 570;
	342 -- 774;
	343 -- 550;
	343 -- 648;
	344 -- 478;
	345 -- 595;
	345 -- 730;
	345 -- 750;
	345 -- 844;
	347 -- 922;
	348 -- 851;
	349 -- 397;
	349 -- 481;
	349 -- 780;
	349 -- 931;
	350 -- 382;
	351 -- 464;
	351 -- 808;
	351 -- 964;
	351 -- 984;
	352 -- 813;
	353 -- 539;
	353 -- 919;
	353 -- 999;
	354 -- 614;
	354 -- 903;
	354 -- 978;
	355 -- 603;
	355 -- 651;
	356 -- 822;
	356 -- 888;
	357 -- 470;
	357 -- 686;
	357 -- 917;
	358 -- 563;
	358 -- 709;
	358 -- 877;
	358 -- 958;
	358 -- 978;
	360 -- 781;
	360 -- 1021;
	361 -- 705;
	361 -- 734;
	362 -- 371;
	362 -- 568;
	363 -- 687;
	364 -- 577;
	365 -- 370;
	365 -- 837;
	366 -- 544;
	367 -- 577;
	367 -- 630;
	367 -- 995;
	368 -- 848;
	368 -- 915;
	369 -- 499;
	370 -- 819;
	372 -- 380;
	372 -- 777;
	372 -- 870;
	374 -- 634;
	374 -- 754;
	374 -- 778;
	375 -- 508;
	375 -- 990;
	376 -- 570;
	376 -- 586;
	377 -- 742;
	377 -- 850;
	378 -- 584;
	378 -- 870;
	379 -- 606;
	379 -- 862;
	379 -- 905;
	380 -- 861;
	380 -- 951;
	381 -- 514;
	381 -- 641;
	381 -- 840;
	383 -- 515;
	383 -- 525;
	383 -- 754;
	384 -- 448;
	384 -- 990;
	386 -- 834;
	386 -- 927;
	386 -- 950;
	387 -- 1003;
	388 -- 958;
	389 -- 517;
	390 -- 536;
	391 -- 487;
	391 -- 567;
	391 -- 674;
	392 -- 439;
	392 -- 894;
	392 -- 936;
	392 -- 940;
	392 -- 1001;
	393 -- 612;
	394 -- 430;
	395 -- 797;
	396 -- 643;
	396 -- 906;
	396 -- 938;
	397 -- 620;
	397 -- 900;
	397 -- 909;
	398 -- 940;
	398 -- 979;
	398 -- 1005;
	400 -- 552;
	400 -- 625;
	400 -- 685;
	400 -- 918;
	400 -- 968;
	401 -- 468;
	402 -- 497;
	402 -- 867;
	403 -- 916;
	404 -- 1021;
	405 -- 924;
	405 -- 969;
	405 -- 995;
	407 -- 432;
	407 -- 469;
	407 -- 691;
	408 -- 999;
	409 -- 788;
	410 -- 530;
	410 -- 817;
	411 -- 466;
	411 -- 868;
	412 -- 787;
	412 -- 1003;
	414 -- 683;
	415 -- 759;
	416 -- 488;
	416 -- 928;
	417 -- 828;
	418 -- 498;
	418 -- 903;
	419 -- 961;
	420 -- 506;
	420 -- 902;
	421 -- 795;
	421 -- 932;
	423 -- 967;
	423 -- 1004;
	425 -- 464;
	425 -- 722;
	425 -- 884;
	426 -- 669;
	426 -- 689;
	426 -- 771;
	427 -- 497;
	427 -- 617;
	427 -- 871;
	428 -- 511;
	428 -- 985;
	429 -- 814;
	429 -- 858;
	430 -- 911;
	431 -- 770;
	431 -- 920;
	431 -- 989;
	433 -- 692;
	434 -- 497;
	434 -- 703;
	435 -- 690;
	436 -- 569;
	436 -- 936;
	436 -- 942;
	437 -- 866;
	438 -- 534;
	438 -- 730;
	438 -- 737;
	440 -- 662;
	440 -- 681;
	441 -- 814;
	441 -- 932;
	443 -- 713;
	444 -- 472;
	444 -- 825;
	444 -- 919;
	445 -- 446;
	445 -- 743;
	445 -- 903;
	446 -- 853;
	447 -- 918;
	448 -- 566;
	448 -- 730;
	449 -- 607;
	449 -- 700;
	450 -- 950;
	451 -- 624;
	451 -- 697;
	452 -- 589;
	453 -- 762;
	453 -- 896;
	453 -- 988;
	454 -- 923;
	454 -- 962;
	456 -- 507;
	456 -- 520;
	456 -- 556;
	456 -- 816;
	456 -- 1017;
	457 -- 782;
	458 -- 557;
	459 -- 568;
	459 -- 893;
	459 -- 933;
	459 -- 977;
	460 -- 568;
	460 -- 974;
	461 -- 688;
	461 -- 725;
	462 -- 469;
	463 -- 1016;
	464 -- 596;
	465 -- 602;
	465 -- 704;
	467 -- 723;
	467 -- 1019;
	468 -- 613;
	468 -- 900;
	468 -- 941;
	469 -- 538;
	469 -- 699;
	469 -- 857;
	470 -- 575;
	470 -- 685;
	470 -- 831;
	471 -- 593;
	471 -- 787;
	471 -- 843;
	471 -- 878;
	473 -- 540;
	474 -- 760;
	476 -- 715;
	476 -- 735;
	476 -- 761;
	477 -- 861;
	478 -- 828;
	479 -- 746;
	479 -- 919;
	480 -- 585;
	480 -- 697;
	482 -- 555;
	482 -- 888;
	483 -- 541;
	484 -- 535;
	485 -- 610;
	487 -- 544;
	487 -- 613;
	489 -- 508;
	489 -- 809;
	490 -- 665;
	490 -- 780;
	490 -- 787;
	491 -- 711;
	491 -- 739;
	491 -- 867;
	492 -- 533;
	492 -- 725;
	492 -- 928;
	493 -- 834;
	493 -- 984;
	493 -- 1003;
	494 -- 579;
	494 -- 604;
	495 -- 538;
	495 -- 543;
	495 -- 982;
	498 -- 772;
	499 -- 678;
	499 -- 973;
	499 -- 990;
	500 -- 530;
	500 -- 962;
	500 -- 977;
	501 -- 518;
	501 -- 892;
	502 -- 579;
	506 -- 962;
	506 -- 978;
	506 -- 1006;
	507 -- 585;
	507 -- 737;
	507 -- 869;
	507 -- 902;
	508 -- 676;
	511 -- 621;
	511 -- 867;
	512 -- 794;
	512 -- 1016;
	513 -- 658;
	514 -- 968;
	515 -- 637;
	515 -- 911;
	515 -- 970;
	517 -- 527;
	517 -- 601;
	517 -- 704;
	517 -- 813;
	517 -- 912;
	520 -- 778;
	520 -- 954;
	520 -- 1018;
	521 -- 851;
	521 -- 904;
	523 -- 549;
	523 -- 1006;
	524 -- 725;
	524 -- 831;
	526 -- 909;
	527 -- 737;
	528 -- 708;
	529 -- 545;
	529 -- 723;
	530 -- 620;
	530 -- 693;
	530 -- 729;
	531 -- 622;
	531 -- 721;
	531 -- 951;
	533 -- 550;
	533 -- 700;
	533 -- 980;
	534 -- 1021;
	536 -- 1019;
	537 -- 792;
	537 -- 905;
	537 -- 974;
	538 -- 684;
	538 -- 709;
	538 -- 830;
	538 -- 987;
	538 -- 990;
	540 -- 586;
	540 -- 710;
	541 -- 705;
	541 -- 760;
	541 -- 797;
	542 -- 563;
	542 -- 605;
	542 -- 889;
	542 -- 945;
	545 -- 748;
	546 -- 723;
	546 -- 856;
	546 -- 927;
	547 -- 1016;
	549 -- 622;
	549 -- 708;
	550 -- 636;
	551 -- 938;
	552 -- 725;
	552 -- 942;
	553 -- 605;
	553 -- 606;
	553 -- 721;
	554 -- 797;
	556 -- 849;
	556 -- 963;
	557 -- 592;
	558 -- 812;
	558 -- 840;
	558 -- 1015;
	559 -- 1005;
	560 -- 702;
	562 -- 743;
	562 -- 749;
	562 -- 765;
	562 -- 849;
	562 -- 856;
	563 -- 680;
	564 -- 572;
	565 -- 887;
	566 -- 574;
	566 -- 862;
	567 -- 577;
	568 -- 708;
	568 -- 737;
	569 -- 665;
	570 -- 765;
	571 -- 814;
	573 -- 603;
	573 -- 695;
	574 -- 1012;
	575 -- 707;
	576 -- 631;
	577 -- 782;
	577 -- 1020;
	578 -- 848;
	578 -- 863;
	578 -- 972;
	581 -- 889;
	581 -- 998;
	583 -- 704;
	583 -- 713;
	583 -- 873;
	585 -- 826;
	586 -- 619;
	586 -- 818;
	586 -- 1021;
	588 -- 596;
	589 -- 696;
	590 -- 709;
	590 -- 903;
	591 -- 682;
	591 -- 748;
	592 -- 705;
	592 -- 907;
	593 -- 917;
	594 -- 700;
	594 -- 806;
	594 -- 890;
	595 -- 673;
	597 -- 934;
	597 -- 1018;
	598 -- 829;
	598 -- 1015;
	599 -- 652;
	600 -- 848;
	600 -- 987;
	600 -- 995;
	601 -- 963;
	602 -- 668;
	602 -- 843;
	603 -- 684;
	604 -- 883;
	604 -- 929;
	604 -- 952;
	604 -- 995;
	605 -- 855;
	607 -- 723;
	608 -- 794;
	609 -- 865;
	610 -- 655;
	610 -- 828;
	612 -- 634;
	612 -- 665;
	612 -- 823;
	614 -- 949;
	615 -- 746;
	615 -- 882;
	616 -- 910;
	616 -- 929;
	616 -- 1003;
	617 -- 680;
	617 -- 1014;
	620 -- 649;
	620 -- 835;
	620 -- 994;
	621 -- 751;
	621 -- 975;
	623 -- 938;
	625 -- 945;
	626 -- 879;
	627 -- 858;
	628 -- 981;
	629 -- 825;
	630 -- 664;
	633 -- 822;
	633 -- 916;
	634 -- 683;
	634 -- 885;
	634 -- 943;
	636 -- 740;
	637 -- 779;
	638 -- 666;
	638 -- 741;
	639 -- 882;
	640 -- 997;
	642 -- 990;
	643 -- 805;
	644 -- 942;
	645 -- 716;
	645 -- 731;
	645 -- 768;
	645 -- 775;
	646 -- 663;
	646 -- 727;
	647 -- 674;
	648 -- 872;
	649 -- 831;
	649 -- 1017;
	650 -- 736;
	652 -- 802;
	653 -- 693;
	654 -- 815;
	655 -- 737;
	655 -- 759;
	655 -- 894;
	656 -- 844;
	657 -- 778;
	657 -- 876;
	657 -- 879;
	657 -- 906;
	658 -- 953;
	658 -- 978;
	659 -- 741;
	659 -- 966;
	659 -- 1011;
	660 -- 936;
	661 -- 726;
	661 -- 924;
	662 -- 942;
	663 -- 822;
	663 -- 907;
	664 -- 720;
	664 -- 860;
	664 -- 867;
	668 -- 917;
	668 -- 926;
	668 -- 972;
	669 -- 709;
	669 -- 726;
	670 -- 691;
	670 -- 873;
	672 -- 869;
	672 -- 880;
	672 -- 931;
	675 -- 855;
	676 -- 769;
	678 -- 991;
	679 -- 963;
	680 -- 978;
	681 -- 747;
	681 -- 954;
	681 -- 959;
	682 -- 868;
	682 -- 972;
	683 -- 784;
	684 -- 731;
	687 -- 815;
	688 -- 888;
	688 -- 922;
	689 -- 916;
	694 -- 755;
	694 -- 940;
	696 -- 966;
	698 -- 797;
	698 -- 1012;
	699 -- 742;
	699 -- 820;
	699 -- 916;
	701 -- 815;
	701 -- 984;
	702 -- 913;
	702 -- 936;
	704 -- 1018;
	706 -- 1018;
	707 -- 721;
	709 -- 959;
	710 -- 959;
	710 -- 961;
	711 -- 748;
	711 -- 920;
	713 -- 911;
	713 -- 1007;
	715 -- 784;
	715 -- 1020;
	716 -- 988;
	718 -- 886;
	719 -- 737;
	720 -- 936;
	720 -- 1000;
	721 -- 729;
	721 -- 770;
	722 -- 906;
	724 -- 798;
	726 -- 933;
	727 -- 926;
	730 -- 917;
	732 -- 755;
	733 -- 814;
	733 -- 852;
	733 -- 889;
	733 -- 944;
	734 -- 746;
	734 -- 771;
	737 -- 958;
	740 -- 762;
	740 -- 835;
	740 -- 968;
	741 -- 913;
	743 -- 941;
	745 -- 856;
	749 -- 839;
	749 -- 895;
	750 -- 802;
	750 -- 936;
	751 -- 864;
	752 -- 914;
	752 -- 924;
	753 -- 938;
	754 -- 897;
	754 -- 898;
	757 -- 976;
	759 -- 798;
	760 -- 891;
	761 -- 887;
	761 -- 915;
	763 -- 915;
	764 -- 950;
	765 -- 1009;
	766 -- 835;
	768 -- 950;
	769 -- 821;
	770 -- 841;
	770 -- 927;
	771 -- 928;
	771 -- 1016;
	776 -- 874;
	777 -- 899;
	781 -- 924;
	781 -- 963;
	781 -- 1005;
	785 -- 992;
	787 -- 897;
	787 -- 899;
	788 -- 1022;
	790 -- 1001;
	792 -- 924;
	792 -- 1021;
	793 -- 819;
	793 -- 848;
	793 -- 932;
	795 -- 825;
	797 -- 919;
	798 -- 1021;
	799 -- 896;
	802 -- 950;
	803 -- 821;
	803 -- 850;
	805 -- 983;
	806 -- 809;
	808 -- 918;
	810 -- 885;
	811 -- 980;
	812 -- 859;
	816 -- 859;
	817 -- 874;
	817 -- 881;
	817 -- 1013;
	819 -- 910;
	820 -- 993;
	820 -- 1014;
	821 -- 882;
	822 -- 865;
	826 -- 856;
	829 -- 858;
	832 -- 862;
	833 -- 935;
	835 -- 1006;
	840 -- 868;
	840 -- 1006;
	841 -- 905;
	845 -- 922;
	845 -- 951;
	847 -- 938;
	850 -- 869;
	851 -- 855;
	856 -- 978;
	857 -- 914;
	858 -- 918;
	858 -- 934;
	859 -- 898;
	859 -- 984;
	868 -- 905;
	872 -- 968;
	875 -- 966;
	875 -- 991;
	877 -- 923;
	878 -- 888;
	879 -- 898;
	879 -- 906;
	882 -- 924;
	882 -- 998;
	887 -- 1023;
	890 -- 959;
	892 -- 1003;
	894 -- 903;
	901 -- 1013;
	903 -- 982;
	912 -- 1021;
	913 -- 991;
	927 -- 1001;
	942 -- 991;
	947 -- 1002;
	949 -- 989;
	951 -- 1004;
	962 -- 1021;
	971 -- 1010;
	976 -- 980;
	993 -- 1001;
	995 -- 1018;
	996 -- 1012;
	1004 -- 1022;
	0 [pos="25,-5"];
	1 [pos="25,-23"];
	2 [pos="18,-11"];
	3 [pos="18,-13"];
	4 [pos="7,-2"];
	5 [pos="28,-26"];
	6 [pos="6,-24"];
	7 [pos="24,-18"];
	8 [pos="18,0"];
	9 [pos="29,-21"];
	10 [pos="15,-6"];
	11 [pos="27,-22"];
	12 [pos="9,-1"];
	13 [pos="20,-3"];
	14 [pos="23,-12"];
	15 [pos="9,-12"];
	16 [pos="30,-25"];
	17 [pos="26,-15"];
	18 [pos="3,-28"];
	19 [pos="26,-26"];
	20 [pos="5,-18"];
	21 [pos="25,-27"];
	22 [pos="26,-31"];
	23 [pos="0,-26"];
	24 [pos="5,-24"];
	25 [pos="20,-13"];
	26 [pos="27,-15"];
	27 [pos="3,-14"];
	28 [pos="29,-6"];
	29 [pos="30,-18"];
	30 [pos="4,-3"];
	31 [pos="3,-25"];
	32 [pos="22,-28"];
	33 [pos="30,-28"];
	34 [pos="11,-9"];
	35 [pos="8,-30"];
	36 [pos="15,-1"];
	37 [pos="20,-24"];
	38 [pos="20,-16"];
	39 [pos="30,-23"];
	40 [pos="16,-21"];
	41 [pos="11,-12"];
	42 [pos="2,-28"];
	43 [pos="28,-1"];
	44 [pos="8,-15"];
	45 [pos="13,-28"];
	46 [pos="9,-28"];
	47 [pos="23,-29"];
	48 [pos="8,-20"];
	49 [pos="17,-13"];
	50 [pos="19,-4"];
	51 [pos="0,-14"];
	52 [pos="4,-31"];
	53 [pos="10,-6"];
	54 [pos="13,-18"];
	55 [pos="29,-30"];
	56 [pos="14,-28"];
	57 [pos="31,-12"];
	58 [pos="9,-3"];
	59 [pos="15,-11"];
	60 [pos="27,-21"];
	61 [pos="25,-6"];
	62 [pos="6,-3"];
	63 [pos="9,-17"];
	64 [pos="7,-21"];
	65 [pos="1,-6"];
	66 [pos="19,-6"];
	67 [pos="1,-29"];
	68 [pos="2,-22"];
	69 [pos="3,-9"];
	70 [pos="10,-24"];
	71 [pos="1,-2"];
	72 [pos="26,-28"];
	73 [pos="5,-28"];
	74 [pos="4,-11"];
	75 [pos="26,-12"];
	76 [pos="5,-6"];
	77 [pos="17,-14"];
	78 [pos="30,-31"];
	79 [pos="11,-20"];
	80 [pos="19,-26"];
	81 [pos="19,-9"];
	82 [pos="29,-13"];
	83 [pos="30,-11"];
	84 [pos="5,-7"];
	85 [pos="8,-22"];
	86 [pos="3,-27"];
	87 [pos="28,-9"];
	88 [pos="10,-8"];
	89 [pos="4,-5"];
	90 [pos="6,0"];
	91 [pos="25,-8"];
	92 [pos="26,-2"];
	93 [pos="30,-1"];
	94 [pos="17,-16"];
	95 [pos="27,-1"];
	96 [pos="2,-19"];
	97 [pos="26,-30"];
	98 [pos="22,-9"];
	99 [pos="23,-1"];
	100 [pos="19,0"];
	101 [pos="9,-6"];
	102 [pos="0,-25"];
	103 [pos="29,-4"];
	104 [pos="20,-19"];
	105 [pos="8,-6"];
	106 [pos="23,-15"];
	107 [pos="21,-27"];
	108 [pos="26,-22"];
	109 [pos="2,-29"];
	110 [pos="28,-7"];
	111 [pos="21,-25"];
	112 [pos="3,-19"];
	113 [pos="13,-31"];
	114 [pos="1,-24"];
	115 [pos="18,-9"];
	116 [pos="8,-1"];
	117 [pos="3,-13"];
	118 [pos="25,-12"];
	119 [pos="3,-7"];
	120 [pos="20,-18"];
	121 [pos="4,-10"];
	122 [pos="15,-27"];
	123 [pos="20,-2"];
	124 [pos="8,-2"];
	125 [pos="25,-21"];
	126 [pos="17,-6"];
	127 [pos="26,-14"];
	128 [pos="5,-29"];
	129 [pos="11,-14"];
	130 [pos="21,-7"];
	131 [pos="19,-27"];
	132 [pos="10,-10"];
	133 [pos="21,-9"];
	134 [pos="22,-11"];
	135 [pos="25,-2"];
	136 [pos="8,-25"];
	137 [pos="7,-25"];
	138 [pos="15,-21"];
	139 [pos="30,-14"];
	140 [pos="22,-6"];
	141 [pos="12,-25"];
	142 [pos="27,-5"];
	143 [pos="21,-1"];
	144 [pos="24,-1"];
	145 [pos="28,-4"];
	146 [pos="19,-11"];
	147 [pos="16,-4"];
	148 [pos="29,-3"];
	149 [pos="7,-20"];
	150 [pos="16,-6"];
	151 [pos="7,-3"];
	152 [pos="5,-3"];
	153 [pos="10,-14"];
	154 [pos="27,-24"];
	155 [pos="18,-26"];
	156 [pos="0,-11"];
	157 [pos="17,-2"];
	158 [pos="15,-8"];
	159 [pos="28,-21"];
	160 [pos="18,-28"];
	161 [pos="11,-31"];
	162 [pos="9,-2"];
	163 [pos="21,-2"];
	164 [pos="17,-27"];
	165 [pos="4,-7"];
	166 [pos="30,-30"];
	167 [pos="31,-4"];
	168 [pos="17,-26"];
	169 [pos="21,-17"];
	170 [pos="19,-1"];
	171 [pos="5,-4"];
	172 [pos="10,-25"];
	173 [pos="4,-21"];
	174 [pos="9,-5"];
	175 [pos="6,-29"];
	176 [pos="6,-8"];
	177 [pos="4,-15"];
	178 [pos="30,-26"];
	179 [pos="16,-16"];
	180 [pos="29,-23"];
	181 [pos="23,-14"];
	182 [pos="28,-11"];
	183 [pos="24,-30"];
	184 [pos="24,-4"];
	185 [pos="23,-20"];
	186 [pos="13,-20"];
	187 [pos="27,-11"];
	188 [pos="27,0"];
	189 [pos="2,-5"];
	190 [pos="1,-28"];
	191 [pos="24,-20"];
	192 [pos="28,-17"];
	193 [pos="0,-24"];
	194 [pos="5,-12"];
	195 [pos="20,-27"];
	196 [pos="11,-15"];
	197 [pos="23,-9"];
	198 [pos="17,-20"];
	199 [pos="2,-16"];
	200 [pos="5,-11"];
	201 [pos="28,-2"];
	202 [pos="15,-2"];
	203 [pos="12,-13"];
	204 [pos="24,0"];
	205 [pos="9,-18"];
	206 [pos="25,-15"];
	207 [pos="27,-4"];
	208 [pos="31,-21"];
	209 [pos="1,-5"];
	210 [pos="24,-13"];
	211 [pos="12,-19"];
	212 [pos="24,-21"];
	213 [pos="31,-24"];
	214 [pos="1,0"];
	215 [pos="16,-27"];
	216 [pos="28,0"];
	217 [pos="29,-7"];
	218 [pos="2,-23"];
	219 [pos="27,-9"];
	220 [pos="0,-7"];
	221 [pos="20,-25"];
	222 [pos="6,-20"];
	223 [pos="28,-12"];
	224 [pos="28,-20"];
	225 [pos="11,-4"];
	226 [pos="13,-12"];
	227 [pos="22,-10"];
	228 [pos="12,-26"];
	229 [pos="31,-22"];
	230 [pos="29,-15"];
	231 [pos="7,-26"];
	232 [pos="11,-26"];
	233 [pos="2,-26"];
	234 [pos="22,-20"];
	235 [pos="28,-15"];
	236 [pos="20,-12"];
	237 [pos="13,-22"];
	238 [pos="0,-4"];
	239 [pos="26,-3"];
	240 [pos="17,-21"];
	241 [pos="17,-22"];
	242 [pos="29,-14"];
	243 [pos="2,-17"];
	244 [pos="26,-16"];
	245 [pos="24,-12"];
	246 [pos="8,-10"];
	247 [pos="0,-12"];
	248 [pos="11,-25"];
	249 [pos="14,-26"];
	250 [pos="10,-3"];
	251 [pos="17,-9"];
	252 [pos="20,-10"];
	253 [pos="11,-8"];
	254 [pos="31,-17"];
	255 [pos="8,-12"];
	256 [pos="31,-19"];
	257 [pos="13,-24"];
	258 [pos="14,-9"];
	259 [pos="10,-17"];
	260 [pos="6,-13"];
	261 [pos="7,-22"];
	262 [pos="13,-4"];
	263 [pos="24,-23"];
	264 [pos="11,-19"];
	265 [pos="0,-6"];
	266 [pos="10,-31"];
	267 [pos="11,-17"];
	268 [pos="13,-29"];
	269 [pos="29,0"];
	270 [pos="27,-23"];
	271 [pos="0,-1"];
	272 [pos="7,0"];
	273 [pos="10,-7"];
	274 [pos="3,-6"];
	275 [pos="21,-12"];
	276 [pos="1,-15"];
	277 [pos="18,-6"];
	278 [pos="29,-28"];
	279 [pos="10,-11"];
	280 [pos="6,-18"];
	281 [pos="6,-15"];
	282 [pos="31,-25"];
	283 [pos="3,-22"];
	284 [pos="17,-4"];
	285 [pos="12,-17"];
	286 [pos="22,-14"];
	287 [pos="9,-22"];
	288 [pos="3,-4"];
	289 [pos="2,-12"];
	290 [pos="24,-22"];
	291 [pos="2,-10"];
	292 [pos="9,-4"];
	293 [pos="6,-9"];
	294 [pos="31,-10"];
	295 [pos="12,-15"];
	296 [pos="1,-11"];
	297 [pos="14,-18"];
	298 [pos="16,-14"];
	299 [pos="6,-17"];
	300 [pos="20,-23"];
	301 [pos="21,0"];
	302 [pos="28,-18"];
	303 [pos="10,-21"];
	304 [pos="17,-12"];
	305 [pos="28,-28"];
	306 [pos="1,-30"];
	307 [pos="2,-21"];
	308 [pos="18,-23"];
	309 [pos="27,-19"];
	310 [pos="22,-22"];
	311 [pos="23,-27"];
	312 [pos="20,-20"];
	313 [pos="0,-30"];
	314 [pos="31,-27"];
	315 [pos="31,-13"];
	316 [pos="2,-3"];
	317 [pos="25,-26"];
	318 [pos="4,-4"];
	319 [pos="19,-20"];
	320 [pos="25,-9"];
	321 [pos="7,-5"];
	322 [pos="4,-17"];
	323 [pos="25,-14"];
	324 [pos="8,-16"];
	325 [pos="19,-30"];
	326 [pos="30,0"];
	327 [pos="11,-23"];
	328 [pos="6,-1"];
	329 [pos="4,-13"];
	330 [pos="22,-19"];
	331 [pos="1,-31"];
	332 [pos="23,-25"];
	333 [pos="12,-30"];
	334 [pos="18,-18"];
	335 [pos="30,-13"];
	336 [pos="3,-26"];
	337 [pos="23,-23"];
	338 [pos="10,-16"];
	339 [pos="22,-7"];
	340 [pos="20,-28"];
	341 [pos="14,-10"];
	342 [pos="16,-5"];
	343 [pos="8,-4"];
	344 [pos="22,-31"];
	345 [pos="9,-26"];
	346 [pos="0,-29"];
	347 [pos="8,-28"];
	348 [pos="9,-31"];
	349 [pos="3,-24"];
	350 [pos="2,-14"];
	351 [pos="19,-10"];
	352 [pos="21,-13"];
	353 [pos="27,-25"];
	354 [pos="15,-14"];
	355 [pos="17,-3"];
	356 [pos="21,-29"];
	357 [pos="11,-24"];
	358 [pos="16,-18"];
	359 [pos="31,-18"];
	360 [pos="17,-7"];
	361 [pos="12,-28"];
	362 [pos="23,-31"];
	363 [pos="4,-9"];
	364 [pos="5,-16"];
	365 [pos="26,-19"];
	366 [pos="26,-9"];
	367 [pos="7,-16"];
	368 [pos="1,-13"];
	369 [pos="18,-21"];
	370 [pos="26,-18"];
	371 [pos="24,-31"];
	372 [pos="5,-30"];
	373 [pos="30,-4"];
	374 [pos="18,-4"];
	375 [pos="19,-25"];
	376 [pos="15,-3"];
	377 [pos="25,-29"];
	378 [pos="10,-30"];
	379 [pos="5,-22"];
	380 [pos="6,-30"];
	381 [pos="4,-23"];
	382 [pos="2,-13"];
	383 [pos="18,-1"];
	384 [pos="15,-26"];
	385 [pos="27,-31"];
	386 [pos="7,-7"];
	387 [pos="4,-19"];
	388 [pos="15,-22"];
	389 [pos="18,-19"];
	390 [pos="31,-7"];
	391 [pos="25,-18"];
	392 [pos="13,-10"];
	393 [pos="0,-8"];
	394 [pos="16,0"];
	395 [pos="11,-28"];
	396 [pos="3,-2"];
	397 [pos="19,-24"];
	398 [pos="24,-5"];
	399 [pos="19,-31"];
	400 [pos="11,-21"];
	401 [pos="30,-24"];
	402 [pos="26,-7"];
	403 [pos="21,-20"];
	404 [pos="15,-7"];
	405 [pos="23,-8"];
	406 [pos="30,-2"];
	407 [pos="20,-21"];
	408 [pos="27,-7"];
	409 [pos="2,-27"];
	410 [pos="16,-9"];
	411 [pos="4,-8"];
	412 [pos="2,-18"];
	413 [pos="18,-20"];
	414 [pos="1,-20"];
	415 [pos="1,-10"];
	416 [pos="12,-1"];
	417 [pos="20,-31"];
	418 [pos="20,-14"];
	419 [pos="11,0"];
	420 [pos="14,-19"];
	421 [pos="28,-13"];
	422 [pos="9,-14"];
	423 [pos="2,-4"];
	424 [pos="28,-31"];
	425 [pos="12,-6"];
	426 [pos="12,-22"];
	427 [pos="23,-7"];
	428 [pos="30,-8"];
	429 [pos="25,-11"];
	430 [pos="17,0"];
	431 [pos="6,-12"];
	432 [pos="2,-20"];
	433 [pos="0,-15"];
	434 [pos="24,-6"];
	435 [pos="23,0"];
	436 [pos="13,-8"];
	437 [pos="31,-1"];
	438 [pos="14,-25"];
	439 [pos="3,-10"];
	440 [pos="17,-5"];
	441 [pos="27,-12"];
	442 [pos="2,-31"];
	443 [pos="17,-11"];
	444 [pos="27,-29"];
	445 [pos="24,-29"];
	446 [pos="25,-30"];
	447 [pos="27,-16"];
	448 [pos="8,-26"];
	449 [pos="15,-9"];
	450 [pos="10,-9"];
	451 [pos="26,-1"];
	452 [pos="24,-19"];
	453 [pos="28,-27"];
	454 [pos="23,-10"];
	455 [pos="24,-17"];
	456 [pos="15,-12"];
	457 [pos="29,-16"];
	458 [pos="28,-24"];
	459 [pos="24,-28"];
	460 [pos="23,-26"];
	461 [pos="9,-23"];
	462 [pos="22,-18"];
	463 [pos="25,-24"];
	464 [pos="12,-10"];
	465 [pos="8,-17"];
	466 [pos="3,-8"];
	467 [pos="30,-9"];
	468 [pos="29,-24"];
	469 [pos="21,-18"];
	470 [pos="12,-23"];
	471 [pos="7,-19"];
	472 [pos="27,-30"];
	473 [pos="11,-1"];
	474 [pos="8,-14"];
	475 [pos="0,-28"];
	476 [pos="0,-9"];
	477 [pos="21,-30"];
	478 [pos="21,-31"];
	479 [pos="8,-29"];
	480 [pos="27,-6"];
	481 [pos="4,-24"];
	482 [pos="22,-29"];
	483 [pos="10,-27"];
	484 [pos="16,-29"];
	485 [pos="14,-31"];
	486 [pos="20,0"];
	487 [pos="25,-20"];
	488 [pos="16,-1"];
	489 [pos="15,-23"];
	490 [pos="1,-18"];
	491 [pos="24,-11"];
	492 [pos="12,-8"];
	493 [pos="7,-10"];
	494 [pos="30,-15"];
	495 [pos="4,-16"];
	496 [pos="4,-30"];
	497 [pos="24,-7"];
	498 [pos="20,-9"];
	499 [pos="18,-22"];
	500 [pos="26,-11"];
	501 [pos="11,-16"];
	502 [pos="31,-14"];
	503 [pos="26,-23"];
	504 [pos="31,-30"];
	505 [pos="10,-26"];
	506 [pos="14,-21"];
	507 [pos="15,-20"];
	508 [pos="15,-25"];
	509 [pos="0,-31"];
	510 [pos="8,-3"];
	511 [pos="29,-8"];
	512 [pos="29,-20"];
	513 [pos="13,-27"];
	514 [pos="4,-22"];
	515 [pos="10,-1"];
	516 [pos="18,-14"];
	517 [pos="18,-16"];
	518 [pos="24,-15"];
	519 [pos="21,-28"];
	520 [pos="22,-8"];
	521 [pos="7,-31"];
	522 [pos="7,-1"];
	523 [pos="7,-27"];
	524 [pos="11,-13"];
	525 [pos="22,-1"];
	526 [pos="5,-27"];
	527 [pos="17,-23"];
	528 [pos="16,-28"];
	529 [pos="29,-11"];
	530 [pos="16,-11"];
	531 [pos="6,-25"];
	532 [pos="25,0"];
	533 [pos="11,-5"];
	534 [pos="14,-24"];
	535 [pos="16,-30"];
	536 [pos="31,-8"];
	537 [pos="14,-13"];
	538 [pos="19,-17"];
	539 [pos="27,-26"];
	540 [pos="13,-1"];
	541 [pos="11,-27"];
	542 [pos="16,-19"];
	543 [pos="3,-16"];
	544 [pos="25,-19"];
	545 [pos="29,-12"];
	546 [pos="9,-10"];
	547 [pos="26,-25"];
	548 [pos="29,-5"];
	549 [pos="7,-28"];
	550 [pos="8,-5"];
	551 [pos="1,-1"];
	552 [pos="11,-10"];
	553 [pos="5,-19"];
	554 [pos="10,-29"];
	555 [pos="22,-30"];
	556 [pos="14,-12"];
	557 [pos="28,-25"];
	558 [pos="16,-15"];
	559 [pos="26,-4"];
	560 [pos="20,-5"];
	561 [pos="20,-11"];
	562 [pos="14,-17"];
	563 [pos="17,-19"];
	564 [pos="19,-16"];
	565 [pos="1,-7"];
	566 [pos="5,-26"];
	567 [pos="7,-18"];
	568 [pos="23,-28"];
	569 [pos="13,-19"];
	570 [pos="15,-5"];
	571 [pos="26,-10"];
	572 [pos="21,-16"];
	573 [pos="10,-5"];
	574 [pos="4,-26"];
	575 [pos="12,-21"];
	576 [pos="5,-1"];
	577 [pos="6,-16"];
	578 [pos="9,-13"];
	579 [pos="31,-15"];
	580 [pos="12,-14"];
	581 [pos="19,-28"];
	582 [pos="18,-10"];
	583 [pos="17,-17"];
	584 [pos="11,-30"];
	585 [pos="23,-17"];
	586 [pos="14,-3"];
	587 [pos="0,-27"];
	588 [pos="2,-9"];
	589 [pos="23,-19"];
	590 [pos="13,-16"];
	591 [pos="7,-14"];
	592 [pos="17,-25"];
	593 [pos="7,-24"];
	594 [pos="12,-4"];
	595 [pos="9,-21"];
	596 [pos="12,-9"];
	597 [pos="22,-15"];
	598 [pos="17,-15"];
	599 [pos="8,0"];
	600 [pos="24,-16"];
	601 [pos="19,-13"];
	602 [pos="8,-18"];
	603 [pos="18,-3"];
	604 [pos="30,-16"];
	605 [pos="10,-19"];
	606 [pos="5,-21"];
	607 [pos="29,-9"];
	608 [pos="30,-19"];
	609 [pos="22,-4"];
	610 [pos="14,-30"];
	611 [pos="10,-2"];
	612 [pos="0,-19"];
	613 [pos="29,-22"];
	614 [pos="1,-14"];
	615 [pos="11,-29"];
	616 [pos="27,-18"];
	617 [pos="23,-5"];
	618 [pos="26,0"];
	619 [pos="3,-3"];
	620 [pos="16,-24"];
	621 [pos="30,-6"];
	622 [pos="6,-28"];
	623 [pos="3,0"];
	624 [pos="25,-1"];
	625 [pos="10,-20"];
	626 [pos="14,0"];
	627 [pos="9,-16"];
	628 [pos="23,-22"];
	629 [pos="27,-10"];
	630 [pos="7,-8"];
	631 [pos="5,0"];
	632 [pos="1,-3"];
	633 [pos="21,-23"];
	634 [pos="0,-21"];
	635 [pos="31,-23"];
	636 [pos="6,-6"];
	637 [pos="10,-12"];
	638 [pos="22,-2"];
	639 [pos="17,-30"];
	640 [pos="22,-21"];
	641 [pos="3,-23"];
	642 [pos="16,-25"];
	643 [pos="4,-2"];
	644 [pos="25,-3"];
	645 [pos="21,-4"];
	646 [pos="22,-24"];
	647 [pos="29,-17"];
	648 [pos="7,-4"];
	649 [pos="15,-19"];
	650 [pos="2,-6"];
	651 [pos="16,-3"];
	652 [pos="9,0"];
	653 [pos="22,-13"];
	654 [pos="5,-8"];
	655 [pos="14,-23"];
	656 [pos="23,-30"];
	657 [pos="13,-2"];
	658 [pos="14,-27"];
	659 [pos="22,-26"];
	660 [pos="13,-21"];
	661 [pos="13,-25"];
	662 [pos="11,-7"];
	663 [pos="23,-24"];
	664 [pos="8,-8"];
	665 [pos="1,-19"];
	666 [pos="23,-2"];
	667 [pos="26,-20"];
	668 [pos="9,-19"];
	669 [pos="12,-20"];
	670 [pos="30,-21"];
	671 [pos="22,-25"];
	672 [pos="26,-29"];
	673 [pos="9,-20"];
	674 [pos="25,-17"];
	675 [pos="10,-22"];
	676 [pos="15,-28"];
	677 [pos="29,-26"];
	678 [pos="18,-7"];
	679 [pos="18,-12"];
	680 [pos="17,-18"];
	681 [pos="23,-3"];
	682 [pos="7,-15"];
	683 [pos="0,-20"];
	684 [pos="19,-3"];
	685 [pos="11,-22"];
	686 [pos="1,-25"];
	687 [pos="5,-10"];
	688 [pos="9,-27"];
	689 [pos="20,-22"];
	690 [pos="22,0"];
	691 [pos="30,-22"];
	692 [pos="2,-15"];
	693 [pos="22,-12"];
	694 [pos="13,-5"];
	695 [pos="3,-5"];
	696 [pos="21,-19"];
	697 [pos="27,-2"];
	698 [pos="4,-28"];
	699 [pos="21,-21"];
	700 [pos="12,-5"];
	701 [pos="21,-10"];
	702 [pos="20,-6"];
	703 [pos="26,-6"];
	704 [pos="18,-17"];
	705 [pos="12,-27"];
	706 [pos="19,-18"];
	707 [pos="6,-21"];
	708 [pos="17,-28"];
	709 [pos="13,-17"];
	710 [pos="13,0"];
	711 [pos="7,-11"];
	712 [pos="31,-20"];
	713 [pos="17,-8"];
	714 [pos="20,-1"];
	715 [pos="0,-16"];
	716 [pos="26,-27"];
	717 [pos="15,0"];
	718 [pos="30,-3"];
	719 [pos="16,-26"];
	720 [pos="8,-9"];
	721 [pos="6,-19"];
	722 [pos="12,-2"];
	723 [pos="29,-10"];
	724 [pos="15,-4"];
	725 [pos="11,-11"];
	726 [pos="13,-26"];
	727 [pos="22,-23"];
	728 [pos="31,0"];
	729 [pos="6,-11"];
	730 [pos="9,-25"];
	731 [pos="21,-3"];
	732 [pos="11,-6"];
	733 [pos="24,-10"];
	734 [pos="12,-29"];
	735 [pos="0,-10"];
	736 [pos="2,-7"];
	737 [pos="16,-23"];
	738 [pos="0,-13"];
	739 [pos="24,-26"];
	740 [pos="6,-23"];
	741 [pos="22,-5"];
	742 [pos="25,-22"];
	743 [pos="24,-25"];
	744 [pos="29,-31"];
	745 [pos="16,-17"];
	746 [pos="9,-29"];
	747 [pos="24,-2"];
	748 [pos="7,-13"];
	749 [pos="7,-17"];
	750 [pos="9,-9"];
	751 [pos="30,-5"];
	752 [pos="19,-8"];
	753 [pos="2,-1"];
	754 [pos="18,-2"];
	755 [pos="13,-6"];
	756 [pos="1,-17"];
	757 [pos="6,-2"];
	758 [pos="4,-29"];
	759 [pos="14,-22"];
	760 [pos="8,-13"];
	761 [pos="1,-9"];
	762 [pos="28,-23"];
	763 [pos="1,-23"];
	764 [pos="7,-9"];
	765 [pos="14,-15"];
	766 [pos="10,-18"];
	767 [pos="31,-26"];
	768 [pos="10,-4"];
	769 [pos="16,-31"];
	770 [pos="6,-14"];
	771 [pos="12,-24"];
	772 [pos="20,-4"];
	773 [pos="3,-15"];
	774 [pos="19,-5"];
	775 [pos="25,-4"];
	776 [pos="28,-10"];
	777 [pos="3,-20"];
	778 [pos="18,-5"];
	779 [pos="10,-15"];
	780 [pos="1,-22"];
	781 [pos="19,-7"];
	782 [pos="28,-16"];
	783 [pos="19,-2"];
	784 [pos="0,-17"];
	785 [pos="31,-29"];
	786 [pos="16,-7"];
	787 [pos="3,-18"];
	788 [pos="1,-27"];
	789 [pos="3,-31"];
	790 [pos="12,-11"];
	791 [pos="29,-29"];
	792 [pos="14,-8"];
	793 [pos="26,-13"];
	794 [pos="30,-20"];
	795 [pos="28,-14"];
	796 [pos="3,-30"];
	797 [pos="10,-28"];
	798 [pos="14,-4"];
	799 [pos="30,-27"];
	800 [pos="19,-21"];
	801 [pos="25,-7"];
	802 [pos="9,-8"];
	803 [pos="18,-31"];
	804 [pos="11,-3"];
	805 [pos="4,-1"];
	806 [pos="12,-12"];
	807 [pos="5,-20"];
	808 [pos="19,-14"];
	809 [pos="13,-23"];
	810 [pos="0,-23"];
	811 [pos="6,-7"];
	812 [pos="16,-13"];
	813 [pos="21,-14"];
	814 [pos="25,-10"];
	815 [pos="5,-9"];
	816 [pos="16,-12"];
	817 [pos="28,-6"];
	818 [pos="14,-1"];
	819 [pos="26,-17"];
	820 [pos="21,-11"];
	821 [pos="17,-31"];
	822 [pos="21,-24"];
	823 [pos="0,-18"];
	824 [pos="0,0"];
	825 [pos="27,-14"];
	826 [pos="22,-17"];
	827 [pos="2,-30"];
	828 [pos="20,-30"];
	829 [pos="18,-15"];
	830 [pos="20,-17"];
	831 [pos="12,-18"];
	832 [pos="4,-25"];
	833 [pos="29,-1"];
	834 [pos="7,-6"];
	835 [pos="8,-23"];
	836 [pos="30,-10"];
	837 [pos="29,-19"];
	838 [pos="28,-19"];
	839 [pos="8,-24"];
	840 [pos="5,-23"];
	841 [pos="5,-14"];
	842 [pos="28,-30"];
	843 [pos="8,-19"];
	844 [pos="13,-30"];
	845 [pos="6,-27"];
	846 [pos="5,-31"];
	847 [pos="2,0"];
	848 [pos="25,-13"];
	849 [pos="14,-16"];
	850 [pos="18,-30"];
	851 [pos="8,-31"];
	852 [pos="24,-9"];
	853 [pos="25,-31"];
	854 [pos="4,-6"];
	855 [pos="10,-23"];
	856 [pos="15,-17"];
	857 [pos="21,-8"];
	858 [pos="19,-15"];
	859 [pos="16,-10"];
	860 [pos="8,-7"];
	861 [pos="7,-30"];
	862 [pos="5,-25"];
	863 [pos="10,-13"];
	864 [pos="31,-5"];
	865 [pos="21,-5"];
	866 [pos="31,-2"];
	867 [pos="26,-8"];
	868 [pos="5,-15"];
	869 [pos="15,-29"];
	870 [pos="9,-30"];
	871 [pos="23,-6"];
	872 [pos="6,-4"];
	873 [pos="29,-18"];
	874 [pos="28,-8"];
	875 [pos="20,-26"];
	876 [pos="2,-2"];
	877 [pos="23,-18"];
	878 [pos="7,-29"];
	879 [pos="14,-2"];
	880 [pos="28,-29"];
	881 [pos="28,-5"];
	882 [pos="17,-29"];
	883 [pos="30,-12"];
	884 [pos="14,-6"];
	885 [pos="0,-22"];
	886 [pos="31,-3"];
	887 [pos="1,-8"];
	888 [pos="19,-29"];
	889 [pos="19,-19"];
	890 [pos="12,-3"];
	891 [pos="8,-11"];
	892 [pos="11,-18"];
	893 [pos="25,-28"];
	894 [pos="13,-13"];
	895 [pos="5,-17"];
	896 [pos="29,-27"];
	897 [pos="5,-2"];
	898 [pos="16,-2"];
	899 [pos="3,-17"];
	900 [pos="24,-24"];
	901 [pos="27,-3"];
	902 [pos="14,-20"];
	903 [pos="13,-14"];
	904 [pos="6,-31"];
	905 [pos="5,-13"];
	906 [pos="11,-2"];
	907 [pos="18,-24"];
	908 [pos="31,-31"];
	909 [pos="17,-24"];
	910 [pos="27,-17"];
	911 [pos="17,-1"];
	912 [pos="14,-14"];
	913 [pos="21,-6"];
	914 [pos="20,-8"];
	915 [pos="1,-12"];
	916 [pos="21,-22"];
	917 [pos="9,-24"];
	918 [pos="20,-15"];
	919 [pos="27,-28"];
	920 [pos="7,-12"];
	921 [pos="0,-5"];
	922 [pos="8,-27"];
	923 [pos="23,-11"];
	924 [pos="18,-8"];
	925 [pos="12,-31"];
	926 [pos="19,-23"];
	927 [pos="9,-11"];
	928 [pos="12,-7"];
	929 [pos="30,-17"];
	930 [pos="2,-24"];
	931 [pos="3,-29"];
	932 [pos="27,-13"];
	933 [pos="24,-27"];
	934 [pos="21,-15"];
	935 [pos="29,-2"];
	936 [pos="13,-9"];
	937 [pos="25,-25"];
	938 [pos="3,-1"];
	939 [pos="20,-29"];
	940 [pos="14,-5"];
	941 [pos="29,-25"];
	942 [pos="13,-7"];
	943 [pos="1,-21"];
	944 [pos="6,-10"];
	945 [pos="16,-20"];
	946 [pos="2,-11"];
	947 [pos="15,-31"];
	948 [pos="18,-27"];
	949 [pos="3,-11"];
	950 [pos="9,-7"];
	951 [pos="6,-26"];
	952 [pos="31,-16"];
	953 [pos="14,-29"];
	954 [pos="22,-3"];
	955 [pos="30,-29"];
	956 [pos="4,-20"];
	957 [pos="31,-11"];
	958 [pos="16,-22"];
	959 [pos="13,-3"];
	960 [pos="27,-20"];
	961 [pos="12,0"];
	962 [pos="15,-10"];
	963 [pos="19,-12"];
	964 [pos="28,-22"];
	965 [pos="3,-21"];
	966 [pos="21,-26"];
	967 [pos="1,-4"];
	968 [pos="6,-22"];
	969 [pos="24,-8"];
	970 [pos="10,0"];
	971 [pos="0,-2"];
	972 [pos="9,-15"];
	973 [pos="19,-22"];
	974 [pos="23,-13"];
	975 [pos="31,-6"];
	976 [pos="5,-5"];
	977 [pos="26,-21"];
	978 [pos="15,-18"];
	979 [pos="24,-3"];
	980 [pos="6,-5"];
	981 [pos="24,-14"];
	982 [pos="4,-14"];
	983 [pos="4,0"];
	984 [pos="17,-10"];
	985 [pos="30,-7"];
	986 [pos="15,-16"];
	987 [pos="25,-16"];
	988 [pos="27,-27"];
	989 [pos="3,-12"];
	990 [pos="18,-25"];
	991 [pos="20,-7"];
	992 [pos="31,-28"];
	993 [pos="14,-11"];
	994 [pos="15,-24"];
	995 [pos="23,-16"];
	996 [pos="4,-12"];
	997 [pos="23,-21"];
	998 [pos="18,-29"];
	999 [pos="27,-8"];
	1000 [pos="8,-21"];
	1001 [pos="13,-11"];
	1002 [pos="15,-30"];
	1003 [pos="4,-18"];
	1004 [pos="2,-25"];
	1005 [pos="26,-5"];
	1006 [pos="7,-23"];
	1007 [pos="16,-8"];
	1008 [pos="12,-16"];
	1009 [pos="13,-15"];
	1010 [pos="0,-3"];
	1011 [pos="22,-27"];
	1012 [pos="4,-27"];
	1013 [pos="28,-3"];
	1014 [pos="23,-4"];
	1015 [pos="15,-15"];
	1016 [pos="26,-24"];
	1017 [pos="15,-13"];
	1018 [pos="22,-16"];
	1019 [pos="31,-9"];
	1020 [pos="1,-16"];
	1021 [pos="14,-7"];
	1022 [pos="1,-26"];
	1023 [pos="2,-8"];
}
