graph G {
	node[pin=true];
	0 -- 12;
	0 -- 58;
	0 -- 62;
	1 -- 56;
	2 -- 86;
	3 -- 112;
	4 -- 22;
	4 -- 58;
	4 -- 87;
	4 -- 105;
	4 -- 108;
	4 -- 113;
	5 -- 63;
	5 -- 89;
	5 -- 91;
	5 -- 120;
	6 -- 47;
	6 -- 60;
	6 -- 78;
	6 -- 95;
	6 -- 100;
	6 -- 113;
	6 -- 127;
	7 -- 90;
	7 -- 110;
	7 -- 111;
	9 -- 49;
	9 -- 89;
	9 -- 114;
	9 -- 118;
	10 -- 57;
	10 -- 68;
	11 -- 30;
	11 -- 124;
	12 -- 38;
	12 -- 67;
	12 -- 101;
	12 -- 106;
	12 -- 113;
	12 -- 119;
	12 -- 127;
	13 -- 23;
	13 -- 45;
	13 -- 53;
	13 -- 123;
	14 -- 51;
	14 -- 53;
	15 -- 53;
	15 -- 101;
	16 -- 53;
	16 -- 80;
	16 -- 122;
	17 -- 116;
	18 -- 31;
	18 -- 117;
	19 -- 20;
	19 -- 35;
	19 -- 53;
	19 -- 60;
	19 -- 107;
	20 -- 29;
	20 -- 42;
	20 -- 86;
	22 -- 50;
	22 -- 91;
	22 -- 108;
	23 -- 71;
	24 -- 35;
	24 -- 45;
	24 -- 89;
	25 -- 44;
	25 -- 110;
	26 -- 36;
	26 -- 55;
	26 -- 64;
	26 -- 82;
	26 -- 101;
	26 -- 111;
	27 -- 107;
	28 -- 38;
	28 -- 51;
	28 -- 68;
	29 -- 89;
	30 -- 111;
	31 -- 42;
	31 -- 59;
	32 -- 73;
	32 -- 102;
	34 -- 66;
	34 -- 106;
	35 -- 57;
	36 -- 47;
	36 -- 119;
	38 -- 39;
	38 -- 69;
	38 -- 87;
	38 -- 88;
	38 -- 105;
	39 -- 105;
	39 -- 107;
	40 -- 47;
	40 -- 57;
	40 -- 98;
	41 -- 115;
	42 -- 44;
	42 -- 55;
	42 -- 91;
	43 -- 63;
	43 -- 68;
	43 -- 91;
	44 -- 73;
	44 -- 88;
	44 -- 111;
	48 -- 49;
	48 -- 55;
	48 -- 94;
	49 -- 92;
	49 -- 113;
	49 -- 122;
	50 -- 64;
	51 -- 88;
	51 -- 90;
	51 -- 104;
	51 -- 107;
	51 -- 119;
	52 -- 97;
	52 -- 104;
	52 -- 115;
	52 -- 120;
	53 -- 101;
	53 -- 124;
	53 -- 126;
	54 -- 89;
	56 -- 98;
	57 -- 74;
	57 -- 127;
	58 -- 126;
	59 -- 77;
	60 -- 125;
	61 -- 88;
	63 -- 79;
	64 -- 103;
	65 -- 72;
	66 -- 105;
	67 -- 69;
	67 -- 79;
	68 -- 105;
	69 -- 71;
	69 -- 72;
	69 -- 91;
	70 -- 78;
	70 -- 100;
	70 -- 110;
	70 -- 118;
	71 -- 106;
	71 -- 115;
	71 -- 120;
	72 -- 88;
	73 -- 125;
	74 -- 79;
	74 -- 92;
	75 -- 84;
	75 -- 125;
	76 -- 86;
	76 -- 111;
	76 -- 115;
	76 -- 126;
	77 -- 84;
	79 -- 101;
	79 -- 123;
	80 -- 116;
	83 -- 89;
	83 -- 102;
	83 -- 107;
	85 -- 113;
	86 -- 111;
	86 -- 116;
	88 -- 94;
	88 -- 120;
	88 -- 122;
	91 -- 106;
	91 -- 119;
	96 -- 97;
	96 -- 105;
	96 -- 107;
	98 -- 109;
	99 -- 111;
	100 -- 109;
	106 -- 110;
	111 -- 120;
	112 -- 116;
	112 -- 120;
	112 -- 123;
	116 -- 121;
	0 [pos="9,-1"];
	1 [pos="0,-6"];
	2 [pos="12,-1"];
	3 [pos="13,-1"];
	4 [pos="7,0"];
	5 [pos="6,-2"];
	6 [pos="7,-7"];
	7 [pos="4,-4"];
	8 [pos="15,-7"];
	9 [pos="5,-6"];
	10 [pos="2,-5"];
	11 [pos="15,-4"];
	12 [pos="7,-1"];
	13 [pos="9,-3"];
	14 [pos="3,-3"];
	15 [pos="10,-4"];
	16 [pos="11,-3"];
	17 [pos="14,-1"];
	18 [pos="15,-5"];
	19 [pos="10,-6"];
	20 [pos="12,-6"];
	21 [pos="15,-1"];
	22 [pos="9,0"];
	23 [pos="4,-3"];
	24 [pos="9,-5"];
	25 [pos="10,-5"];
	26 [pos="12,-3"];
	27 [pos="0,-4"];
	28 [pos="2,-1"];
	29 [pos="6,-6"];
	30 [pos="14,-4"];
	31 [pos="14,-5"];
	32 [pos="2,-6"];
	33 [pos="13,-5"];
	34 [pos="0,-1"];
	35 [pos="9,-6"];
	36 [pos="8,-3"];
	37 [pos="14,-7"];
	38 [pos="3,-1"];
	39 [pos="1,-1"];
	40 [pos="6,-7"];
	41 [pos="2,-2"];
	42 [pos="12,-5"];
	43 [pos="6,0"];
	44 [pos="11,-5"];
	45 [pos="9,-4"];
	46 [pos="0,-5"];
	47 [pos="8,-7"];
	48 [pos="6,-4"];
	49 [pos="6,-5"];
	50 [pos="11,0"];
	51 [pos="2,-3"];
	52 [pos="1,-2"];
	53 [pos="10,-3"];
	54 [pos="3,-5"];
	55 [pos="12,-4"];
	56 [pos="0,-7"];
	57 [pos="8,-6"];
	58 [pos="10,0"];
	59 [pos="14,-6"];
	60 [pos="10,-7"];
	61 [pos="3,-4"];
	62 [pos="10,-1"];
	63 [pos="7,-2"];
	64 [pos="12,0"];
	65 [pos="4,0"];
	66 [pos="0,0"];
	67 [pos="8,-1"];
	68 [pos="2,0"];
	69 [pos="5,-1"];
	70 [pos="4,-7"];
	71 [pos="4,-2"];
	72 [pos="5,0"];
	73 [pos="11,-6"];
	74 [pos="8,-5"];
	75 [pos="12,-7"];
	76 [pos="11,-2"];
	77 [pos="13,-6"];
	78 [pos="5,-7"];
	79 [pos="8,-2"];
	80 [pos="14,-3"];
	81 [pos="15,0"];
	82 [pos="13,-3"];
	83 [pos="1,-5"];
	84 [pos="13,-7"];
	85 [pos="8,-4"];
	86 [pos="12,-2"];
	87 [pos="3,0"];
	88 [pos="5,-3"];
	89 [pos="5,-5"];
	90 [pos="2,-4"];
	91 [pos="6,-1"];
	92 [pos="7,-5"];
	93 [pos="14,0"];
	94 [pos="5,-4"];
	95 [pos="9,-7"];
	96 [pos="0,-3"];
	97 [pos="0,-2"];
	98 [pos="1,-7"];
	99 [pos="13,-4"];
	100 [pos="3,-7"];
	101 [pos="10,-2"];
	102 [pos="1,-6"];
	103 [pos="13,0"];
	104 [pos="1,-3"];
	105 [pos="1,0"];
	106 [pos="4,-1"];
	107 [pos="1,-4"];
	108 [pos="8,0"];
	109 [pos="2,-7"];
	110 [pos="4,-5"];
	111 [pos="11,-4"];
	112 [pos="13,-2"];
	113 [pos="7,-4"];
	114 [pos="3,-6"];
	115 [pos="3,-2"];
	116 [pos="14,-2"];
	117 [pos="15,-6"];
	118 [pos="4,-6"];
	119 [pos="7,-3"];
	120 [pos="5,-2"];
	121 [pos="15,-2"];
	122 [pos="6,-3"];
	123 [pos="9,-2"];
	124 [pos="15,-3"];
	125 [pos="11,-7"];
	126 [pos="11,-1"];
	127 [pos="7,-6"];
}
