graph G {
	node[pin=true];
	1 -- 101;
	1 -- 124;
	1 -- 144;
	1 -- 193;
	1 -- 422;
	1 -- 453;
	2 -- 358;
	3 -- 241;
	3 -- 328;
	3 -- 358;
	3 -- 403;
	4 -- 15;
	4 -- 403;
	5 -- 189;
	5 -- 404;
	5 -- 427;
	5 -- 433;
	6 -- 127;
	6 -- 190;
	6 -- 197;
	6 -- 306;
	7 -- 380;
	7 -- 493;
	8 -- 45;
	8 -- 52;
	8 -- 463;
	9 -- 71;
	9 -- 164;
	9 -- 221;
	9 -- 285;
	9 -- 316;
	9 -- 420;
	10 -- 275;
	10 -- 438;
	11 -- 203;
	11 -- 225;
	11 -- 243;
	12 -- 290;
	12 -- 464;
	13 -- 180;
	13 -- 389;
	13 -- 462;
	14 -- 57;
	14 -- 71;
	14 -- 84;
	14 -- 263;
	14 -- 269;
	14 -- 298;
	14 -- 336;
	15 -- 21;
	15 -- 371;
	15 -- 385;
	16 -- 265;
	16 -- 314;
	16 -- 448;
	17 -- 289;
	17 -- 328;
	17 -- 331;
	17 -- 411;
	17 -- 417;
	17 -- 435;
	18 -- 72;
	18 -- 87;
	18 -- 102;
	20 -- 44;
	20 -- 334;
	20 -- 483;
	21 -- 95;
	21 -- 116;
	21 -- 117;
	21 -- 232;
	21 -- 299;
	21 -- 327;
	21 -- 456;
	22 -- 42;
	24 -- 64;
	24 -- 132;
	24 -- 290;
	24 -- 354;
	24 -- 493;
	25 -- 152;
	25 -- 371;
	25 -- 392;
	25 -- 399;
	25 -- 464;
	25 -- 499;
	26 -- 94;
	26 -- 342;
	27 -- 334;
	29 -- 89;
	29 -- 421;
	29 -- 447;
	30 -- 253;
	30 -- 360;
	30 -- 413;
	31 -- 100;
	33 -- 210;
	34 -- 108;
	34 -- 131;
	34 -- 217;
	34 -- 303;
	34 -- 360;
	35 -- 75;
	35 -- 148;
	35 -- 208;
	35 -- 261;
	35 -- 349;
	36 -- 354;
	36 -- 511;
	37 -- 443;
	38 -- 95;
	38 -- 165;
	38 -- 401;
	38 -- 486;
	38 -- 506;
	39 -- 64;
	39 -- 165;
	39 -- 244;
	39 -- 377;
	40 -- 466;
	41 -- 63;
	41 -- 113;
	41 -- 139;
	41 -- 224;
	42 -- 436;
	42 -- 501;
	43 -- 99;
	43 -- 142;
	43 -- 286;
	43 -- 429;
	44 -- 122;
	44 -- 270;
	45 -- 70;
	45 -- 224;
	46 -- 127;
	46 -- 368;
	46 -- 380;
	46 -- 400;
	46 -- 404;
	46 -- 419;
	47 -- 62;
	47 -- 84;
	47 -- 96;
	47 -- 287;
	47 -- 329;
	48 -- 60;
	48 -- 359;
	49 -- 61;
	49 -- 124;
	49 -- 236;
	49 -- 312;
	49 -- 407;
	50 -- 272;
	51 -- 432;
	52 -- 212;
	52 -- 276;
	52 -- 343;
	52 -- 376;
	52 -- 434;
	53 -- 294;
	54 -- 184;
	54 -- 323;
	55 -- 255;
	56 -- 148;
	56 -- 304;
	56 -- 375;
	56 -- 413;
	56 -- 429;
	57 -- 237;
	57 -- 240;
	57 -- 344;
	57 -- 358;
	58 -- 104;
	59 -- 297;
	59 -- 427;
	60 -- 254;
	61 -- 255;
	61 -- 284;
	61 -- 405;
	62 -- 93;
	62 -- 310;
	62 -- 313;
	63 -- 167;
	63 -- 273;
	63 -- 334;
	63 -- 364;
	63 -- 474;
	64 -- 363;
	64 -- 417;
	64 -- 467;
	65 -- 325;
	66 -- 189;
	66 -- 452;
	67 -- 129;
	67 -- 266;
	67 -- 308;
	67 -- 387;
	68 -- 225;
	68 -- 320;
	68 -- 346;
	68 -- 412;
	68 -- 471;
	68 -- 489;
	69 -- 146;
	69 -- 314;
	69 -- 428;
	69 -- 492;
	70 -- 505;
	71 -- 192;
	71 -- 318;
	73 -- 199;
	73 -- 233;
	73 -- 414;
	74 -- 317;
	75 -- 110;
	75 -- 283;
	75 -- 292;
	75 -- 350;
	76 -- 131;
	76 -- 369;
	76 -- 450;
	76 -- 465;
	76 -- 486;
	77 -- 509;
	80 -- 221;
	80 -- 293;
	80 -- 481;
	81 -- 151;
	82 -- 328;
	82 -- 333;
	83 -- 206;
	83 -- 360;
	83 -- 376;
	83 -- 439;
	83 -- 452;
	84 -- 290;
	84 -- 483;
	85 -- 359;
	86 -- 132;
	86 -- 218;
	87 -- 109;
	87 -- 176;
	88 -- 255;
	89 -- 92;
	89 -- 176;
	89 -- 455;
	89 -- 477;
	89 -- 493;
	90 -- 492;
	91 -- 182;
	91 -- 238;
	92 -- 312;
	92 -- 408;
	93 -- 329;
	94 -- 324;
	94 -- 469;
	95 -- 382;
	96 -- 134;
	96 -- 149;
	96 -- 241;
	96 -- 366;
	96 -- 457;
	98 -- 157;
	99 -- 393;
	100 -- 295;
	100 -- 317;
	100 -- 481;
	101 -- 236;
	101 -- 278;
	101 -- 321;
	101 -- 361;
	102 -- 246;
	102 -- 339;
	102 -- 510;
	103 -- 388;
	103 -- 391;
	104 -- 180;
	104 -- 271;
	104 -- 273;
	105 -- 498;
	106 -- 148;
	106 -- 233;
	107 -- 260;
	107 -- 315;
	108 -- 200;
	108 -- 227;
	108 -- 231;
	108 -- 269;
	108 -- 274;
	108 -- 351;
	109 -- 118;
	109 -- 135;
	109 -- 350;
	109 -- 363;
	109 -- 393;
	109 -- 471;
	110 -- 398;
	111 -- 225;
	111 -- 241;
	111 -- 325;
	112 -- 177;
	112 -- 187;
	113 -- 380;
	114 -- 151;
	114 -- 470;
	116 -- 356;
	117 -- 126;
	117 -- 185;
	117 -- 310;
	117 -- 495;
	118 -- 184;
	118 -- 260;
	118 -- 346;
	118 -- 408;
	118 -- 464;
	119 -- 124;
	119 -- 248;
	119 -- 302;
	119 -- 333;
	119 -- 483;
	119 -- 499;
	120 -- 204;
	120 -- 306;
	120 -- 409;
	121 -- 297;
	121 -- 432;
	121 -- 500;
	122 -- 248;
	122 -- 302;
	122 -- 330;
	122 -- 407;
	122 -- 449;
	122 -- 495;
	122 -- 506;
	123 -- 157;
	123 -- 390;
	124 -- 274;
	124 -- 444;
	125 -- 186;
	125 -- 204;
	126 -- 346;
	126 -- 356;
	127 -- 160;
	127 -- 408;
	127 -- 475;
	128 -- 129;
	128 -- 438;
	130 -- 198;
	130 -- 202;
	131 -- 137;
	131 -- 241;
	131 -- 414;
	132 -- 269;
	133 -- 463;
	134 -- 434;
	135 -- 188;
	135 -- 207;
	135 -- 210;
	135 -- 382;
	135 -- 418;
	137 -- 325;
	138 -- 287;
	138 -- 311;
	138 -- 406;
	138 -- 497;
	139 -- 157;
	139 -- 233;
	139 -- 254;
	139 -- 370;
	139 -- 381;
	140 -- 164;
	140 -- 193;
	140 -- 194;
	140 -- 358;
	140 -- 363;
	140 -- 419;
	140 -- 507;
	141 -- 179;
	141 -- 237;
	141 -- 282;
	141 -- 339;
	141 -- 360;
	141 -- 449;
	141 -- 504;
	142 -- 248;
	142 -- 338;
	143 -- 169;
	144 -- 231;
	145 -- 258;
	145 -- 422;
	145 -- 483;
	145 -- 507;
	146 -- 269;
	146 -- 316;
	147 -- 341;
	148 -- 294;
	148 -- 333;
	148 -- 505;
	149 -- 282;
	149 -- 355;
	149 -- 385;
	149 -- 472;
	150 -- 198;
	150 -- 270;
	150 -- 307;
	151 -- 409;
	152 -- 210;
	152 -- 359;
	155 -- 209;
	155 -- 219;
	155 -- 292;
	155 -- 411;
	155 -- 496;
	156 -- 254;
	156 -- 331;
	157 -- 344;
	157 -- 493;
	158 -- 415;
	159 -- 180;
	159 -- 263;
	159 -- 500;
	160 -- 277;
	160 -- 379;
	160 -- 455;
	161 -- 348;
	161 -- 450;
	161 -- 457;
	161 -- 489;
	162 -- 268;
	162 -- 435;
	165 -- 170;
	165 -- 227;
	167 -- 345;
	167 -- 454;
	167 -- 461;
	169 -- 312;
	169 -- 317;
	170 -- 199;
	170 -- 202;
	171 -- 288;
	171 -- 292;
	171 -- 325;
	172 -- 268;
	172 -- 278;
	172 -- 349;
	172 -- 411;
	172 -- 441;
	173 -- 226;
	173 -- 312;
	173 -- 463;
	174 -- 392;
	174 -- 424;
	175 -- 227;
	175 -- 329;
	175 -- 347;
	175 -- 356;
	175 -- 394;
	176 -- 369;
	177 -- 410;
	177 -- 430;
	178 -- 243;
	178 -- 488;
	179 -- 235;
	180 -- 204;
	181 -- 368;
	181 -- 415;
	182 -- 226;
	182 -- 482;
	184 -- 364;
	185 -- 206;
	185 -- 234;
	185 -- 417;
	185 -- 436;
	186 -- 394;
	186 -- 453;
	187 -- 335;
	187 -- 372;
	187 -- 388;
	188 -- 190;
	189 -- 487;
	190 -- 397;
	190 -- 466;
	191 -- 365;
	191 -- 482;
	192 -- 289;
	192 -- 368;
	192 -- 479;
	192 -- 503;
	193 -- 235;
	193 -- 341;
	193 -- 403;
	194 -- 413;
	194 -- 427;
	194 -- 487;
	195 -- 229;
	195 -- 283;
	195 -- 311;
	195 -- 371;
	195 -- 389;
	195 -- 447;
	196 -- 438;
	198 -- 387;
	198 -- 408;
	200 -- 293;
	201 -- 491;
	201 -- 492;
	202 -- 340;
	203 -- 501;
	204 -- 232;
	204 -- 235;
	204 -- 411;
	205 -- 386;
	206 -- 237;
	206 -- 256;
	208 -- 503;
	209 -- 308;
	209 -- 309;
	209 -- 396;
	209 -- 490;
	210 -- 253;
	210 -- 254;
	210 -- 407;
	211 -- 329;
	211 -- 390;
	211 -- 408;
	212 -- 312;
	213 -- 366;
	213 -- 388;
	214 -- 266;
	214 -- 317;
	214 -- 413;
	215 -- 225;
	215 -- 311;
	216 -- 281;
	216 -- 391;
	217 -- 397;
	217 -- 452;
	218 -- 427;
	219 -- 362;
	219 -- 376;
	221 -- 224;
	221 -- 257;
	221 -- 379;
	222 -- 246;
	223 -- 228;
	223 -- 477;
	224 -- 319;
	224 -- 494;
	225 -- 488;
	226 -- 309;
	226 -- 381;
	227 -- 254;
	227 -- 488;
	228 -- 361;
	229 -- 242;
	229 -- 258;
	229 -- 260;
	230 -- 303;
	231 -- 340;
	231 -- 376;
	231 -- 454;
	232 -- 373;
	232 -- 467;
	233 -- 454;
	234 -- 419;
	234 -- 475;
	235 -- 264;
	235 -- 281;
	235 -- 373;
	237 -- 309;
	237 -- 391;
	238 -- 242;
	238 -- 247;
	238 -- 253;
	238 -- 446;
	239 -- 289;
	239 -- 398;
	240 -- 267;
	241 -- 413;
	241 -- 471;
	242 -- 392;
	242 -- 445;
	243 -- 255;
	243 -- 274;
	243 -- 309;
	245 -- 344;
	245 -- 393;
	245 -- 486;
	247 -- 331;
	252 -- 395;
	252 -- 501;
	253 -- 287;
	253 -- 402;
	254 -- 260;
	254 -- 478;
	255 -- 322;
	255 -- 346;
	255 -- 348;
	255 -- 386;
	255 -- 455;
	255 -- 484;
	256 -- 478;
	257 -- 438;
	258 -- 277;
	258 -- 296;
	258 -- 438;
	258 -- 483;
	259 -- 265;
	259 -- 278;
	259 -- 504;
	260 -- 310;
	263 -- 295;
	263 -- 322;
	263 -- 379;
	263 -- 383;
	264 -- 323;
	264 -- 401;
	265 -- 344;
	265 -- 429;
	265 -- 440;
	265 -- 456;
	266 -- 317;
	266 -- 380;
	266 -- 495;
	267 -- 313;
	269 -- 409;
	269 -- 415;
	271 -- 505;
	272 -- 489;
	272 -- 505;
	273 -- 421;
	273 -- 508;
	274 -- 288;
	274 -- 361;
	275 -- 285;
	275 -- 293;
	275 -- 324;
	275 -- 370;
	275 -- 399;
	276 -- 292;
	276 -- 340;
	278 -- 356;
	278 -- 395;
	281 -- 394;
	281 -- 412;
	282 -- 356;
	282 -- 418;
	282 -- 447;
	283 -- 476;
	284 -- 431;
	285 -- 367;
	287 -- 323;
	287 -- 450;
	289 -- 473;
	291 -- 400;
	292 -- 339;
	292 -- 347;
	292 -- 400;
	293 -- 304;
	294 -- 368;
	294 -- 377;
	295 -- 424;
	296 -- 304;
	296 -- 375;
	296 -- 383;
	297 -- 372;
	299 -- 306;
	299 -- 384;
	299 -- 392;
	300 -- 320;
	304 -- 461;
	305 -- 353;
	306 -- 326;
	306 -- 357;
	308 -- 377;
	308 -- 430;
	308 -- 436;
	309 -- 370;
	309 -- 456;
	309 -- 486;
	310 -- 365;
	310 -- 483;
	312 -- 313;
	312 -- 366;
	313 -- 332;
	313 -- 359;
	313 -- 452;
	316 -- 424;
	317 -- 321;
	319 -- 359;
	319 -- 448;
	320 -- 427;
	320 -- 498;
	321 -- 472;
	321 -- 508;
	321 -- 510;
	322 -- 368;
	322 -- 388;
	322 -- 461;
	323 -- 371;
	326 -- 442;
	330 -- 409;
	330 -- 420;
	330 -- 431;
	331 -- 449;
	332 -- 446;
	333 -- 482;
	334 -- 454;
	334 -- 490;
	335 -- 461;
	337 -- 400;
	339 -- 385;
	339 -- 505;
	341 -- 384;
	341 -- 400;
	341 -- 415;
	341 -- 464;
	342 -- 490;
	345 -- 361;
	346 -- 459;
	346 -- 483;
	347 -- 421;
	349 -- 405;
	350 -- 424;
	350 -- 462;
	350 -- 463;
	351 -- 359;
	351 -- 500;
	354 -- 445;
	355 -- 392;
	356 -- 489;
	357 -- 388;
	359 -- 427;
	359 -- 467;
	362 -- 472;
	367 -- 387;
	367 -- 397;
	368 -- 491;
	369 -- 456;
	371 -- 402;
	371 -- 464;
	372 -- 462;
	373 -- 496;
	378 -- 469;
	379 -- 444;
	381 -- 458;
	382 -- 408;
	383 -- 493;
	384 -- 495;
	388 -- 489;
	389 -- 477;
	392 -- 511;
	394 -- 467;
	394 -- 508;
	395 -- 486;
	396 -- 400;
	396 -- 425;
	398 -- 481;
	401 -- 478;
	404 -- 446;
	404 -- 497;
	404 -- 505;
	404 -- 507;
	406 -- 410;
	409 -- 430;
	409 -- 483;
	412 -- 419;
	414 -- 469;
	416 -- 430;
	422 -- 448;
	427 -- 436;
	427 -- 489;
	429 -- 454;
	430 -- 476;
	438 -- 442;
	443 -- 451;
	443 -- 467;
	444 -- 453;
	451 -- 478;
	456 -- 472;
	456 -- 500;
	458 -- 490;
	462 -- 484;
	0 [pos="28,0"];
	1 [pos="12,-4"];
	2 [pos="13,-8"];
	3 [pos="13,-10"];
	4 [pos="14,-11"];
	5 [pos="29,-11"];
	6 [pos="8,-15"];
	7 [pos="8,-4"];
	8 [pos="23,-2"];
	9 [pos="2,-9"];
	10 [pos="3,-11"];
	11 [pos="27,-3"];
	12 [pos="11,-12"];
	13 [pos="23,-8"];
	14 [pos="7,-9"];
	15 [pos="15,-11"];
	16 [pos="7,-1"];
	17 [pos="11,-7"];
	18 [pos="21,0"];
	19 [pos="1,0"];
	20 [pos="9,-12"];
	21 [pos="16,-11"];
	22 [pos="30,-5"];
	23 [pos="28,-1"];
	24 [pos="10,-9"];
	25 [pos="12,-13"];
	26 [pos="6,0"];
	27 [pos="9,-3"];
	28 [pos="30,-15"];
	29 [pos="18,-4"];
	30 [pos="24,-8"];
	31 [pos="2,-3"];
	32 [pos="0,-10"];
	33 [pos="22,-13"];
	34 [pos="26,-7"];
	35 [pos="5,-5"];
	36 [pos="11,-15"];
	37 [pos="14,-15"];
	38 [pos="16,-13"];
	39 [pos="9,-8"];
	40 [pos="28,-15"];
	41 [pos="11,-2"];
	42 [pos="29,-5"];
	43 [pos="12,0"];
	44 [pos="7,-15"];
	45 [pos="23,-1"];
	46 [pos="7,-7"];
	47 [pos="25,-11"];
	48 [pos="21,-11"];
	49 [pos="13,-4"];
	50 [pos="28,-6"];
	51 [pos="31,-5"];
	52 [pos="23,-3"];
	53 [pos="6,-5"];
	54 [pos="14,-13"];
	55 [pos="24,-2"];
	56 [pos="10,-6"];
	57 [pos="14,-9"];
	58 [pos="22,-5"];
	59 [pos="30,-8"];
	60 [pos="20,-13"];
	61 [pos="6,-4"];
	62 [pos="23,-12"];
	63 [pos="11,-3"];
	64 [pos="10,-8"];
	65 [pos="27,-1"];
	66 [pos="27,-11"];
	67 [pos="4,-10"];
	68 [pos="27,-9"];
	69 [pos="3,-1"];
	70 [pos="23,0"];
	71 [pos="1,-9"];
	72 [pos="22,0"];
	73 [pos="16,-1"];
	74 [pos="3,-4"];
	75 [pos="5,-6"];
	76 [pos="25,-2"];
	77 [pos="0,-14"];
	78 [pos="31,-1"];
	79 [pos="0,0"];
	80 [pos="2,-5"];
	81 [pos="1,-13"];
	82 [pos="11,-14"];
	83 [pos="25,-10"];
	84 [pos="10,-11"];
	85 [pos="21,-9"];
	86 [pos="29,-9"];
	87 [pos="21,-1"];
	88 [pos="25,-4"];
	89 [pos="20,-4"];
	90 [pos="2,0"];
	91 [pos="24,-15"];
	92 [pos="21,-4"];
	93 [pos="22,-12"];
	94 [pos="5,0"];
	95 [pos="16,-14"];
	96 [pos="26,-5"];
	97 [pos="31,-13"];
	98 [pos="13,0"];
	99 [pos="14,0"];
	100 [pos="2,-4"];
	101 [pos="15,-4"];
	102 [pos="20,0"];
	103 [pos="26,-9"];
	104 [pos="22,-6"];
	105 [pos="31,-11"];
	106 [pos="10,-2"];
	107 [pos="25,-14"];
	108 [pos="17,-7"];
	109 [pos="21,-8"];
	110 [pos="0,-5"];
	111 [pos="27,-6"];
	112 [pos="29,-13"];
	113 [pos="7,-2"];
	114 [pos="0,-12"];
	115 [pos="0,-15"];
	116 [pos="17,-10"];
	117 [pos="16,-12"];
	118 [pos="19,-12"];
	119 [pos="10,-13"];
	120 [pos="8,-12"];
	121 [pos="30,-6"];
	122 [pos="7,-13"];
	123 [pos="17,0"];
	124 [pos="11,-4"];
	125 [pos="14,-7"];
	126 [pos="18,-12"];
	127 [pos="8,-10"];
	128 [pos="1,-11"];
	129 [pos="1,-10"];
	130 [pos="5,-10"];
	131 [pos="26,-2"];
	132 [pos="9,-9"];
	133 [pos="22,-1"];
	134 [pos="26,-3"];
	135 [pos="21,-14"];
	136 [pos="0,-3"];
	137 [pos="28,-2"];
	138 [pos="27,-13"];
	139 [pos="14,-2"];
	140 [pos="12,-9"];
	141 [pos="19,-9"];
	142 [pos="9,0"];
	143 [pos="3,-3"];
	144 [pos="13,-5"];
	145 [pos="9,-11"];
	146 [pos="3,-8"];
	147 [pos="6,-11"];
	148 [pos="10,-7"];
	149 [pos="19,-8"];
	150 [pos="4,-15"];
	151 [pos="1,-12"];
	152 [pos="21,-12"];
	153 [pos="30,-2"];
	154 [pos="0,-2"];
	155 [pos="14,-6"];
	156 [pos="18,-14"];
	157 [pos="13,-1"];
	158 [pos="4,-9"];
	159 [pos="22,-7"];
	160 [pos="8,-8"];
	161 [pos="28,-5"];
	162 [pos="6,-1"];
	163 [pos="31,0"];
	164 [pos="3,-9"];
	165 [pos="16,-7"];
	166 [pos="0,-1"];
	167 [pos="12,-3"];
	168 [pos="31,-3"];
	169 [pos="4,-3"];
	170 [pos="16,-6"];
	171 [pos="18,-2"];
	172 [pos="5,-2"];
	173 [pos="22,-3"];
	174 [pos="4,-14"];
	175 [pos="18,-8"];
	176 [pos="20,-1"];
	177 [pos="29,-14"];
	178 [pos="25,-6"];
	179 [pos="18,-9"];
	180 [pos="22,-8"];
	181 [pos="5,-8"];
	182 [pos="23,-15"];
	183 [pos="31,-4"];
	184 [pos="14,-12"];
	185 [pos="16,-10"];
	186 [pos="13,-7"];
	187 [pos="29,-8"];
	188 [pos="26,-14"];
	189 [pos="28,-11"];
	190 [pos="26,-15"];
	191 [pos="21,-15"];
	192 [pos="1,-7"];
	193 [pos="12,-10"];
	194 [pos="28,-9"];
	195 [pos="17,-12"];
	196 [pos="2,-12"];
	197 [pos="9,-15"];
	198 [pos="5,-11"];
	199 [pos="16,-2"];
	200 [pos="3,-7"];
	201 [pos="2,-2"];
	202 [pos="15,-6"];
	203 [pos="28,-3"];
	204 [pos="14,-8"];
	205 [pos="30,-4"];
	206 [pos="20,-10"];
	207 [pos="22,-14"];
	208 [pos="1,-5"];
	209 [pos="8,-3"];
	210 [pos="21,-13"];
	211 [pos="20,-11"];
	212 [pos="23,-4"];
	213 [pos="27,-4"];
	214 [pos="4,-6"];
	215 [pos="27,-10"];
	216 [pos="23,-9"];
	217 [pos="26,-11"];
	218 [pos="30,-9"];
	219 [pos="20,-6"];
	220 [pos="1,-3"];
	221 [pos="2,-6"];
	222 [pos="25,0"];
	223 [pos="20,-3"];
	224 [pos="11,-1"];
	225 [pos="27,-7"];
	226 [pos="21,-3"];
	227 [pos="18,-7"];
	228 [pos="16,-3"];
	229 [pos="13,-12"];
	230 [pos="31,-8"];
	231 [pos="14,-5"];
	232 [pos="14,-10"];
	233 [pos="13,-2"];
	234 [pos="11,-10"];
	235 [pos="15,-9"];
	236 [pos="14,-4"];
	237 [pos="20,-9"];
	238 [pos="24,-14"];
	239 [pos="0,-6"];
	240 [pos="22,-9"];
	241 [pos="26,-6"];
	242 [pos="13,-14"];
	243 [pos="24,-3"];
	244 [pos="9,-7"];
	245 [pos="19,-1"];
	246 [pos="24,0"];
	247 [pos="23,-14"];
	248 [pos="9,-13"];
	249 [pos="1,-15"];
	250 [pos="1,-1"];
	251 [pos="31,-12"];
	252 [pos="29,-2"];
	253 [pos="24,-13"];
	254 [pos="18,-13"];
	255 [pos="24,-4"];
	256 [pos="19,-15"];
	257 [pos="2,-7"];
	258 [pos="8,-11"];
	259 [pos="17,-1"];
	260 [pos="19,-13"];
	261 [pos="3,-5"];
	262 [pos="31,-2"];
	263 [pos="8,-7"];
	264 [pos="15,-14"];
	265 [pos="15,-1"];
	266 [pos="4,-5"];
	267 [pos="22,-10"];
	268 [pos="5,-1"];
	269 [pos="6,-9"];
	270 [pos="5,-15"];
	271 [pos="23,-6"];
	272 [pos="28,-7"];
	273 [pos="17,-5"];
	274 [pos="17,-3"];
	275 [pos="3,-10"];
	276 [pos="17,-4"];
	277 [pos="8,-9"];
	278 [pos="17,-2"];
	279 [pos="2,-15"];
	280 [pos="30,0"];
	281 [pos="16,-9"];
	282 [pos="19,-10"];
	283 [pos="5,-12"];
	284 [pos="4,-12"];
	285 [pos="2,-10"];
	286 [pos="10,0"];
	287 [pos="25,-13"];
	288 [pos="18,-3"];
	289 [pos="0,-7"];
	290 [pos="10,-10"];
	291 [pos="7,-5"];
	292 [pos="17,-6"];
	293 [pos="3,-6"];
	294 [pos="6,-7"];
	295 [pos="4,-7"];
	296 [pos="9,-5"];
	297 [pos="30,-7"];
	298 [pos="7,-8"];
	299 [pos="9,-14"];
	300 [pos="31,-10"];
	301 [pos="30,-14"];
	302 [pos="6,-13"];
	303 [pos="31,-7"];
	304 [pos="9,-6"];
	305 [pos="29,-1"];
	306 [pos="8,-14"];
	307 [pos="3,-15"];
	308 [pos="6,-10"];
	309 [pos="19,-3"];
	310 [pos="20,-12"];
	311 [pos="27,-12"];
	312 [pos="22,-4"];
	313 [pos="23,-10"];
	314 [pos="4,-1"];
	315 [pos="25,-15"];
	316 [pos="2,-8"];
	317 [pos="4,-4"];
	318 [pos="0,-9"];
	319 [pos="10,-1"];
	320 [pos="30,-10"];
	321 [pos="16,-4"];
	322 [pos="12,-7"];
	323 [pos="15,-13"];
	324 [pos="4,0"];
	325 [pos="27,-2"];
	326 [pos="3,-14"];
	327 [pos="17,-11"];
	328 [pos="11,-11"];
	329 [pos="22,-11"];
	330 [pos="5,-13"];
	331 [pos="17,-14"];
	332 [pos="24,-10"];
	333 [pos="10,-14"];
	334 [pos="9,-2"];
	335 [pos="29,-6"];
	336 [pos="7,-10"];
	337 [pos="6,-6"];
	338 [pos="8,0"];
	339 [pos="19,-7"];
	340 [pos="15,-5"];
	341 [pos="7,-11"];
	342 [pos="7,0"];
	343 [pos="24,-1"];
	344 [pos="14,-1"];
	345 [pos="13,-3"];
	346 [pos="24,-12"];
	347 [pos="18,-6"];
	348 [pos="28,-4"];
	349 [pos="5,-3"];
	350 [pos="20,-7"];
	351 [pos="21,-7"];
	352 [pos="31,-15"];
	353 [pos="29,0"];
	354 [pos="10,-15"];
	355 [pos="14,-14"];
	356 [pos="18,-10"];
	357 [pos="27,-14"];
	358 [pos="13,-9"];
	359 [pos="21,-10"];
	360 [pos="25,-8"];
	361 [pos="15,-3"];
	362 [pos="19,-6"];
	363 [pos="12,-8"];
	364 [pos="11,-6"];
	365 [pos="20,-15"];
	366 [pos="26,-4"];
	367 [pos="3,-12"];
	368 [pos="5,-7"];
	369 [pos="20,-2"];
	370 [pos="14,-3"];
	371 [pos="15,-12"];
	372 [pos="29,-7"];
	373 [pos="15,-8"];
	374 [pos="30,-1"];
	375 [pos="10,-5"];
	376 [pos="23,-5"];
	377 [pos="6,-8"];
	378 [pos="27,0"];
	379 [pos="8,-6"];
	380 [pos="7,-4"];
	381 [pos="15,-2"];
	382 [pos="19,-14"];
	383 [pos="8,-5"];
	384 [pos="7,-14"];
	385 [pos="17,-8"];
	386 [pos="29,-4"];
	387 [pos="4,-11"];
	388 [pos="27,-8"];
	389 [pos="20,-8"];
	390 [pos="18,0"];
	391 [pos="24,-9"];
	392 [pos="12,-14"];
	393 [pos="19,0"];
	394 [pos="16,-8"];
	395 [pos="21,-2"];
	396 [pos="7,-3"];
	397 [pos="26,-12"];
	398 [pos="0,-4"];
	399 [pos="3,-13"];
	400 [pos="7,-6"];
	401 [pos="16,-15"];
	402 [pos="23,-13"];
	403 [pos="13,-11"];
	404 [pos="23,-11"];
	405 [pos="5,-4"];
	406 [pos="28,-13"];
	407 [pos="13,-13"];
	408 [pos="19,-11"];
	409 [pos="6,-12"];
	410 [pos="28,-14"];
	411 [pos="13,-6"];
	412 [pos="17,-9"];
	413 [pos="24,-6"];
	414 [pos="26,-1"];
	415 [pos="5,-9"];
	416 [pos="6,-15"];
	417 [pos="11,-8"];
	418 [pos="20,-14"];
	419 [pos="11,-9"];
	420 [pos="2,-13"];
	421 [pos="18,-5"];
	422 [pos="9,-4"];
	423 [pos="29,-15"];
	424 [pos="4,-8"];
	425 [pos="6,-3"];
	426 [pos="30,-3"];
	427 [pos="29,-10"];
	428 [pos="3,0"];
	429 [pos="12,-1"];
	430 [pos="6,-14"];
	431 [pos="4,-13"];
	432 [pos="31,-6"];
	433 [pos="29,-12"];
	434 [pos="25,-3"];
	435 [pos="6,-2"];
	436 [pos="28,-10"];
	437 [pos="31,-9"];
	438 [pos="2,-11"];
	439 [pos="25,-9"];
	440 [pos="15,0"];
	441 [pos="4,-2"];
	442 [pos="2,-14"];
	443 [pos="15,-15"];
	444 [pos="11,-5"];
	445 [pos="13,-15"];
	446 [pos="24,-11"];
	447 [pos="18,-11"];
	448 [pos="9,-1"];
	449 [pos="17,-13"];
	450 [pos="25,-5"];
	451 [pos="17,-15"];
	452 [pos="26,-10"];
	453 [pos="12,-5"];
	454 [pos="12,-2"];
	455 [pos="21,-5"];
	456 [pos="19,-4"];
	457 [pos="27,-5"];
	458 [pos="8,-1"];
	459 [pos="25,-12"];
	460 [pos="0,-11"];
	461 [pos="12,-6"];
	462 [pos="24,-7"];
	463 [pos="22,-2"];
	464 [pos="12,-12"];
	465 [pos="25,-1"];
	466 [pos="27,-15"];
	467 [pos="15,-10"];
	468 [pos="31,-14"];
	469 [pos="26,0"];
	470 [pos="0,-13"];
	471 [pos="26,-8"];
	472 [pos="19,-5"];
	473 [pos="0,-8"];
	474 [pos="10,-3"];
	475 [pos="9,-10"];
	476 [pos="5,-14"];
	477 [pos="20,-5"];
	478 [pos="18,-15"];
	479 [pos="1,-8"];
	480 [pos="30,-12"];
	481 [pos="1,-4"];
	482 [pos="22,-15"];
	483 [pos="10,-12"];
	484 [pos="24,-5"];
	485 [pos="30,-13"];
	486 [pos="19,-2"];
	487 [pos="28,-12"];
	488 [pos="25,-7"];
	489 [pos="28,-8"];
	490 [pos="8,-2"];
	491 [pos="3,-2"];
	492 [pos="2,-1"];
	493 [pos="10,-4"];
	494 [pos="11,0"];
	495 [pos="7,-12"];
	496 [pos="15,-7"];
	497 [pos="26,-13"];
	498 [pos="30,-11"];
	499 [pos="11,-13"];
	500 [pos="21,-6"];
	501 [pos="29,-3"];
	502 [pos="1,-2"];
	503 [pos="1,-6"];
	504 [pos="18,-1"];
	505 [pos="23,-7"];
	506 [pos="8,-13"];
	507 [pos="12,-11"];
	508 [pos="16,-5"];
	509 [pos="1,-14"];
	510 [pos="16,0"];
	511 [pos="12,-15"];
}
